 
       ==============================================
       |                                            |
       |                 C R E S T                  |
       |                                            |
       |  Conformer-Rotamer Ensemble Sampling Tool  |
       |        based on the GFN-xTB method         |
       |             S.Grimme, P.Pracht             |
       |          Universitaet Bonn, MCTC           |
       ==============================================
       Version 2.7.1, Wed 17. Jul 11:21:59 CEST 2019
       Using the GFN-xTB code.
       Compatible with XTB version 6.1 and later.
 
       Cite work conducted with this code as
       S. Grimme, C. Bannwarth, S. Dohm, A. Hansen,
       J. Pisarek, P. Pracht, J. Seibert, F. Neese,
       Angew. Chem. Int. Ed., 2017, 56, 14763-14769

       For the MTD(RMSD)-version (-v2)

       S. Grimme, JCTC, 2019, 15, 2847-2862

       P. Pracht, S. Grimme, in preparation
 
  -nci  : Special NCI mode for non-covalently bound complexes or clusters.
  -gfn1 :
     Use of GFN-xTB requested.
  Automatically generated ellipsoide potential for NCI mode:
> $wall
>   potential=polynomial
>   ellipsoid: 14.62623884932012, 14.16965350245010, 12.82107974703181, all
 
 =============================
  # threads =          12
 =============================
 
 
------------------------------------------------
Generating MTD length from a flexibility measure
------------------------------------------------
 flexibility measure :   1.000
 t(MTD) / ps    :     8.0
 Σ(t(MTD)) / ps :    32.0 (+    16.0)
 
-------------------------------------
Starting a trial MTD to test settings
-------------------------------------
 Success!
 Estimated runtime for one MTD (8.0 ps) on a single thread: 11 min 13 sec
 Estimated runtime for a batch of 6 MTDs on 12 threads: 5 min 37 sec
 
 list of Vbias parameters applied:
$metadyn    0.00100   1.000
$metadyn    0.00050   1.000
$metadyn    0.00100   0.500
$metadyn    0.00050   0.500
$metadyn    0.00100   0.250
$metadyn    0.00050   0.250
 
*******************************************************************************************
**                        N E W    I T E R A T I O N    C Y C L E                        **
*******************************************************************************************
 
========================================
            MTD Iteration  1
========================================
 
     ========================================
     |         Meta-MD (MTD) Sampling       |
     ========================================
 
Starting Meta-MD   6 with the settings:
     MD time /ps        :     8.0
     dt /fs             :     5.0
     dumpstep(trj) /fs  :     100
     dumpstep(Vbias)/ps :     1.0
     Vbias prefactor(k) :  0.0115
     Vbias exponent(α)  :    0.25
Starting Meta-MD   1 with the settings:
     MD time /ps        :     8.0
     dt /fs             :     5.0
     dumpstep(trj) /fs  :     100
     dumpstep(Vbias)/ps :     1.0
     Vbias prefactor(k) :  0.0230
     Vbias exponent(α)  :    1.00
Starting Meta-MD   2 with the settings:
     MD time /ps        :     8.0
     dt /fs             :     5.0
     dumpstep(trj) /fs  :     100
     dumpstep(Vbias)/ps :     1.0
     Vbias prefactor(k) :  0.0115
     Vbias exponent(α)  :    1.00
Starting Meta-MD   3 with the settings:
     MD time /ps        :     8.0
     dt /fs             :     5.0
     dumpstep(trj) /fs  :     100
     dumpstep(Vbias)/ps :     1.0
     Vbias prefactor(k) :  0.0230
     Vbias exponent(α)  :    0.50
Starting Meta-MD   4 with the settings:
     MD time /ps        :     8.0
     dt /fs             :     5.0
     dumpstep(trj) /fs  :     100
     dumpstep(Vbias)/ps :     1.0
     Vbias prefactor(k) :  0.0115
     Vbias exponent(α)  :    0.50
Starting Meta-MD   5 with the settings:
     MD time /ps        :     8.0
     dt /fs             :     5.0
     dumpstep(trj) /fs  :     100
     dumpstep(Vbias)/ps :     1.0
     Vbias prefactor(k) :  0.0230
     Vbias exponent(α)  :    0.25
*Meta-MD 3 finished*
*Meta-MD 6 finished*
*Meta-MD 2 finished*
*Meta-MD 4 finished*
*Meta-MD 5 finished*
*Meta-MD 1 finished*
 
-----------------------
Multilevel Optimization
-----------------------
 
 -------------------------
 1. crude pre-optimization
 -------------------------
 writing TMPCONF* Dirs from file "crest_rotamers_0.xyz" ... done.
 Starting optimization of generated structures
 474 jobs to do.
 1 2 3 4 5 6 7 8 9 10 11 12 13 14 15 16 17 18 19 20 21 22 23 24 25 26 27 28 29 30 31 32 33 34 35 36 37 38 39 40 41 42 43 44 45 46 47 48 49 50 51 52 53 54 55 56 57 58 59 60 61 62 63 64 65 66 67 68 69 70 71 72 73 74 75 76 77 78 79 80 81 82 83 84 85 86 87 88 89 90 91 92 93 94 95 96 97 98 99 100 101 102 103 104 105 106 107 108 109 110 111 112 113 114 115 116 117 118 119 120 121 122 123 124 125 126 127 128 129 130 131 132 133 134 135 136 137 138 139 140 141 142 143 144 145 146 147 148 149 150 151 152 153 154 155 156 157 158 159 160 161 162 163 164 165 166 167 168 169 170 171 172 173 174 175 176 177 178 179 180 181 182 183 184 185 186 187 188 189 190 191 192 193 194 195 196 197 198 199 200 201 202 203 204 205 206 207 208 209 210 211 212 213 214 215 216 217 218 219 220 221 222 223 224 225 226 227 228 229 230 231 232 233 234 235 236 237 238 239 240 241 242 243 244 245 246 247 248 249 250 251 252 253 254 255 256 257 258 259 260 261 262 263 264 265 266 267 268 269 270 271 272 273 274 275 276 277 278 279 280 281 282 283 284 285 286 287 288 289 290 291 292 293 294 295 296 297 298 299 300 301 302 303 304 305 306 307 308 309 310 311 312 313 314 315 316 317 318 319 320 321 322 323 324 325 326 327 328 329 330 331 332 333 334 335 336 337 338 339 340 341 342 343 344 345 346 347 348 349 350 351 352 353 354 355 356 357 358 359 360 361 362 363 364 365 366 367 368 369 370 371 372 373 374 375 376 377 378 379 380 381 382 383 384 385 386 387 388 389 390 391 392 393 394 395 396 397 398 399 400 401 402 403 404 405 406 407 408 409 410 411 412 413 414 415 416 417 418 419 420 421 422 423 424 425 426 427 428 429 430 431 432 433 434 435 436 437 438 439 440 441 442 443 444 445 446 447 448 449 450 451 452 453 454 455 456 457 458 459 460 461 462 463 464 465 466 467 468 469 470 471 472 473 474 
 done.
 Now appending opt.xyz file with new structures
 running RMSDs... done.
 E lowest :   -42.15301
 411 structures remain within    12.00 kcal/mol window
 
 -------------------------------------
 2. optimization with tight thresholds
 -------------------------------------
 writing TMPCONF* Dirs from file "crest_rotamers_1.xyz" ... done.
 Starting optimization of generated structures
 412 jobs to do.
 1 2 3 4 5 6 7 8 9 10 11 12 13 14 15 16 17 18 19 20 21 22 23 24 25 26 27 28 29 30 31 32 33 34 35 36 37 38 39 40 41 42 43 44 45 46 47 48 49 50 51 52 53 54 55 56 57 58 59 60 61 62 63 64 65 66 67 68 69 70 71 72 73 74 75 76 77 78 79 80 81 82 83 84 85 86 87 88 89 90 91 92 93 94 95 96 97 98 99 100 101 102 103 104 105 106 107 108 109 110 111 112 113 114 115 116 117 118 119 120 121 122 123 124 125 126 127 128 129 130 131 132 133 134 135 136 137 138 139 140 141 142 143 144 145 146 147 148 149 150 151 152 153 154 155 156 157 158 159 160 161 162 163 164 165 166 167 168 169 170 171 172 173 174 175 176 177 178 179 180 181 182 183 184 185 186 187 188 189 190 191 192 193 194 195 196 197 198 199 200 201 202 203 204 205 206 207 208 209 210 211 212 213 214 215 216 217 218 219 220 221 222 223 224 225 226 227 228 229 230 231 232 233 234 235 236 237 238 239 240 241 242 243 244 245 246 247 248 249 250 251 252 253 254 255 256 257 258 259 260 261 262 263 264 265 266 267 268 269 270 271 272 273 274 275 276 277 278 279 280 281 282 283 284 285 286 287 288 289 290 291 292 293 294 295 296 297 298 299 300 301 302 303 304 305 306 307 308 309 310 311 312 313 314 315 316 317 318 319 320 321 322 323 324 325 326 327 328 329 330 331 332 333 334 335 336 337 338 339 340 341 342 343 344 345 346 347 348 349 350 351 352 353 354 355 356 357 358 359 360 361 362 363 364 365 366 367 368 369 370 371 372 373 374 375 376 377 378 379 380 381 382 383 384 385 386 387 388 389 390 391 392 393 394 395 396 397 398 399 400 401 402 403 404 405 406 407 408 409 410 411 412 
 done.
 Now appending opt.xyz file with new structures
 running RMSDs... done.
 E lowest :   -42.15335
 259 structures remain within     6.00 kcal/mol window
 
 
========================================
            MTD Iteration  2
========================================
 
     ========================================
     |         Meta-MD (MTD) Sampling       |
     ========================================
 
Starting Meta-MD   1 with the settings:
     MD time /ps        :     8.0
     dt /fs             :     5.0
     dumpstep(trj) /fs  :     100
     dumpstep(Vbias)/ps :     1.0
     Vbias prefactor(k) :  0.0230
     Vbias exponent(α)  :    1.00
Starting Meta-MD   4 with the settings:
     MD time /ps        :     8.0
     dt /fs             :     5.0
     dumpstep(trj) /fs  :     100
     dumpstep(Vbias)/ps :     1.0
     Vbias prefactor(k) :  0.0115
     Vbias exponent(α)  :    0.50
Starting Meta-MD   2 with the settings:
     MD time /ps        :     8.0
     dt /fs             :     5.0
     dumpstep(trj) /fs  :     100
     dumpstep(Vbias)/ps :     1.0
     Vbias prefactor(k) :  0.0115
     Vbias exponent(α)  :    1.00
Starting Meta-MD   3 with the settings:
     MD time /ps        :     8.0
     dt /fs             :     5.0
     dumpstep(trj) /fs  :     100
     dumpstep(Vbias)/ps :     1.0
     Vbias prefactor(k) :  0.0230
     Vbias exponent(α)  :    0.50
*Meta-MD 4 finished*
*Meta-MD 2 finished*
*Meta-MD 1 finished*
*Meta-MD 3 finished*
 
-----------------------
Multilevel Optimization
-----------------------
 
 -------------------------
 1. crude pre-optimization
 -------------------------
 writing TMPCONF* Dirs from file "crest_rotamers_0.xyz" ... done.
 Starting optimization of generated structures
 316 jobs to do.
 1 2 3 4 5 6 7 8 9 10 11 12 13 14 15 16 17 18 19 20 21 22 23 24 25 26 27 28 29 30 31 32 33 34 35 36 37 38 39 40 41 42 43 44 45 46 47 48 49 50 51 52 53 54 55 56 57 58 59 60 61 62 63 64 65 66 67 68 69 70 71 72 73 74 75 76 77 78 79 80 81 82 83 84 85 86 87 88 89 90 91 92 93 94 95 96 97 98 99 100 101 102 103 104 105 106 107 108 109 110 111 112 113 114 115 116 117 118 119 120 121 122 123 124 125 126 127 128 129 130 131 132 133 134 135 136 137 138 139 140 141 142 143 144 145 146 147 148 149 150 151 152 153 154 155 156 157 158 159 160 161 162 163 164 165 166 167 168 169 170 171 172 173 174 175 176 177 178 179 180 181 182 183 184 185 186 187 188 189 190 191 192 193 194 195 196 197 198 199 200 201 202 203 204 205 206 207 208 209 210 211 212 213 214 215 216 217 218 219 220 221 222 223 224 225 226 227 228 229 230 231 232 233 234 235 236 237 238 239 240 241 242 243 244 245 246 247 248 249 250 251 252 253 254 255 256 257 258 259 260 261 262 263 264 265 266 267 268 269 270 271 272 273 274 275 276 277 278 279 280 281 282 283 284 285 286 287 288 289 290 291 292 293 294 295 296 297 298 299 300 301 302 303 304 305 306 307 308 309 310 311 312 313 314 315 316 
 done.
 Now appending opt.xyz file with new structures
 running RMSDs... done.
 E lowest :   -42.15302
 263 structures remain within    12.00 kcal/mol window
 
 -------------------------------------
 2. optimization with tight thresholds
 -------------------------------------
 writing TMPCONF* Dirs from file "crest_rotamers_1.xyz" ... done.
 Starting optimization of generated structures
 264 jobs to do.
 1 2 3 4 5 6 7 8 9 10 11 12 13 14 15 16 17 18 19 20 21 22 23 24 25 26 27 28 29 30 31 32 33 34 35 36 37 38 39 40 41 42 43 44 45 46 47 48 49 50 51 52 53 54 55 56 57 58 59 60 61 62 63 64 65 66 67 68 69 70 71 72 73 74 75 76 77 78 79 80 81 82 83 84 85 86 87 88 89 90 91 92 93 94 95 96 97 98 99 100 101 102 103 104 105 106 107 108 109 110 111 112 113 114 115 116 117 118 119 120 121 122 123 124 125 126 127 128 129 130 131 132 133 134 135 136 137 138 139 140 141 142 143 144 145 146 147 148 149 150 151 152 153 154 155 156 157 158 159 160 161 162 163 164 165 166 167 168 169 170 171 172 173 174 175 176 177 178 179 180 181 182 183 184 185 186 187 188 189 190 191 192 193 194 195 196 197 198 199 200 201 202 203 204 205 206 207 208 209 210 211 212 213 214 215 216 217 218 219 220 221 222 223 224 225 226 227 228 229 230 231 232 233 234 235 236 237 238 239 240 241 242 243 244 245 246 247 248 249 250 251 252 253 254 255 256 257 258 259 260 261 262 263 264 
 done.
 Now appending opt.xyz file with new structures
 running RMSDs... done.
 E lowest :   -42.15335
 175 structures remain within     6.00 kcal/mol window
 
========================================
            MTD Iterations done         
========================================
 Collecting ensmbles.
 running RMSDs... done.
 E lowest :   -42.15335
 406 structures remain within     6.00 kcal/mol window
 
 
 
   ================================================
   |           Final Geometry Optimization        |
   ================================================
 ---------------------
 Ensemble optimization
 ---------------------
 writing TMPCONF* Dirs from file "crest_rotamers_1.xyz" ... done.
 Starting optimization of generated structures
 406 jobs to do.
 1 2 3 4 5 6 7 8 9 10 11 12 13 14 15 16 17 18 19 20 21 22 23 24 25 26 27 28 29 30 31 32 33 34 35 36 37 38 39 40 41 42 43 44 45 46 47 48 49 50 51 52 53 54 55 56 57 58 59 60 61 62 63 64 65 66 67 68 69 70 71 72 73 74 75 76 77 78 79 80 81 82 83 84 85 86 87 88 89 90 91 92 93 94 95 96 97 98 99 100 101 102 103 104 105 106 107 108 109 110 111 112 113 114 115 116 117 118 119 120 121 122 123 124 125 126 127 128 129 130 131 132 133 134 135 136 137 138 139 140 141 142 143 144 145 146 147 148 149 150 151 152 153 154 155 156 157 158 159 160 161 162 163 164 165 166 167 168 169 170 171 172 173 174 175 176 177 178 179 180 181 182 183 184 185 186 187 188 189 190 191 192 193 194 195 196 197 198 199 200 201 202 203 204 205 206 207 208 209 210 211 212 213 214 215 216 217 218 219 220 221 222 223 224 225 226 227 228 229 230 231 232 233 234 235 236 237 238 239 240 241 242 243 244 245 246 247 248 249 250 251 252 253 254 255 256 257 258 259 260 261 262 263 264 265 266 267 268 269 270 271 272 273 274 275 276 277 278 279 280 281 282 283 284 285 286 287 288 289 290 291 292 293 294 295 296 297 298 299 300 301 302 303 304 305 306 307 308 309 310 311 312 313 314 315 316 317 318 319 320 321 322 323 324 325 326 327 328 329 330 331 332 333 334 335 336 337 338 339 340 341 342 343 344 345 346 347 348 349 350 351 352 353 354 355 356 357 358 359 360 361 362 363 364 365 366 367 368 369 370 371 372 373 374 375 376 377 378 379 380 381 382 383 384 385 386 387 388 389 390 391 392 393 394 395 396 397 398 399 400 401 402 403 404 405 406 
 done.
 Now appending opt.xyz file with new structures
 running RMSDs... done.
 E lowest :   -42.15335
 394 structures remain within     6.00 kcal/mol window
 
-------------------------------------
CREGEN - CONFORMER SYMMETRY ANALYSIS
-------------------------------------
 =============================
  # threads =          12
 =============================
 input  file name : crest_rotamers_2.xyz
 output file name : crest_rotamers_3.xyz
 number of atoms                :    23
 number of points on xyz files  :   406
 RMSD threshold                 :   0.1250
 Bconst threshold               :   0.0200
 population threshold           :   0.0500
 conformer energy window  /kcal :   6.0000
 # fragment in coord            :     2
 number of reliable points      :   406
 reference state Etot :  -42.1533501551000
 number of doubles removed by rot/RMSD         :          12
 total number unique points considered further :         394
   Erel/kcal    Etot      weight/tot conformer  set degen    origin
    1   0.000  -42.15335    0.01417    0.76486    1   54     mtd5
    2   0.000  -42.15335    0.01417                          mtd6
    3   0.000  -42.15335    0.01417                          mtd4
    4   0.000  -42.15335    0.01417                          mtd3
    5   0.000  -42.15335    0.01417                          mtd3
    6   0.000  -42.15335    0.01417                          mtd5
    7   0.000  -42.15335    0.01417                          mtd2
    8   0.000  -42.15335    0.01417                          mtd1
    9   0.000  -42.15335    0.01417                          mtd5
   10   0.000  -42.15335    0.01417                          mtd6
   11   0.000  -42.15335    0.01417                          mtd3
   12   0.000  -42.15335    0.01417                          mtd5
   13   0.000  -42.15335    0.01417                          mtd1
   14   0.000  -42.15335    0.01417                          mtd3
   15   0.000  -42.15335    0.01417                          mtd3
   16   0.000  -42.15335    0.01417                          mtd4
   17   0.000  -42.15335    0.01417                          mtd2
   18   0.000  -42.15335    0.01417                          mtd5
   19   0.000  -42.15335    0.01417                          mtd1
   20   0.000  -42.15335    0.01417                          mtd1
   21   0.000  -42.15335    0.01417                          mtd3
   22   0.000  -42.15335    0.01417                          mtd1
   23   0.000  -42.15335    0.01417                          mtd3
   24   0.000  -42.15335    0.01417                          mtd5
   25   0.000  -42.15335    0.01417                          mtd4
   26   0.000  -42.15335    0.01417                          mtd2
   27   0.000  -42.15335    0.01417                          mtd1
   28   0.000  -42.15335    0.01417                          mtd5
   29   0.000  -42.15335    0.01417                          mtd4
   30   0.000  -42.15335    0.01417                          mtd5
   31   0.000  -42.15335    0.01416                          mtd1
   32   0.000  -42.15335    0.01416                          mtd6
   33   0.000  -42.15335    0.01416                          mtd2
   34   0.000  -42.15335    0.01416                          mtd1
   35   0.000  -42.15335    0.01416                          mtd1
   36   0.000  -42.15335    0.01416                          mtd3
   37   0.000  -42.15335    0.01416                          mtd3
   38   0.000  -42.15335    0.01416                          mtd6
   39   0.000  -42.15335    0.01416                          mtd2
   40   0.000  -42.15335    0.01416                          mtd3
   41   0.000  -42.15335    0.01416                          mtd4
   42   0.000  -42.15335    0.01416                          mtd2
   43   0.000  -42.15335    0.01416                          mtd1
   44   0.000  -42.15335    0.01416                          mtd3
   45   0.001  -42.15335    0.01416                          mtd2
   46   0.001  -42.15335    0.01416                          mtd2
   47   0.001  -42.15335    0.01416                          mtd3
   48   0.001  -42.15335    0.01416                          mtd2
   49   0.001  -42.15335    0.01416                          mtd4
   50   0.001  -42.15335    0.01416                          mtd1
   51   0.001  -42.15335    0.01416                          mtd5
   52   0.001  -42.15335    0.01415                          mtd3
   53   0.001  -42.15335    0.01415                          mtd2
   54   0.001  -42.15335    0.01414                          mtd3
   55   1.047  -42.15168    0.00242    0.08228    2   34     mtd2
   56   1.047  -42.15168    0.00242                          mtd3
   57   1.047  -42.15168    0.00242                          mtd3
   58   1.047  -42.15168    0.00242                          mtd4
   59   1.047  -42.15168    0.00242                          mtd4
   60   1.047  -42.15168    0.00242                          mtd1
   61   1.047  -42.15168    0.00242                          mtd2
   62   1.047  -42.15168    0.00242                          mtd3
   63   1.047  -42.15168    0.00242                          mtd6
   64   1.047  -42.15168    0.00242                          mtd4
   65   1.047  -42.15168    0.00242                          mtd1
   66   1.047  -42.15168    0.00242                          mtd4
   67   1.047  -42.15168    0.00242                          mtd3
   68   1.047  -42.15168    0.00242                          mtd1
   69   1.047  -42.15168    0.00242                          mtd3
   70   1.047  -42.15168    0.00242                          mtd2
   71   1.048  -42.15168    0.00242                          mtd6
   72   1.048  -42.15168    0.00242                          mtd5
   73   1.048  -42.15168    0.00242                          mtd1
   74   1.048  -42.15168    0.00242                          mtd4
   75   1.048  -42.15168    0.00242                          mtd2
   76   1.048  -42.15168    0.00242                          mtd1
   77   1.048  -42.15168    0.00242                          mtd4
   78   1.048  -42.15168    0.00242                          mtd5
   79   1.048  -42.15168    0.00242                          mtd4
   80   1.048  -42.15168    0.00242                          mtd3
   81   1.048  -42.15168    0.00242                          mtd6
   82   1.048  -42.15168    0.00242                          mtd4
   83   1.049  -42.15168    0.00242                          mtd4
   84   1.049  -42.15168    0.00242                          mtd5
   85   1.049  -42.15168    0.00242                          mtd3
   86   1.050  -42.15168    0.00241                          mtd2
   87   1.052  -42.15167    0.00240                          mtd3
   88   1.055  -42.15167    0.00239                          mtd2
   89   1.346  -42.15121    0.00147    0.05859    3   40     mtd3
   90   1.346  -42.15121    0.00147                          mtd3
   91   1.346  -42.15121    0.00147                          mtd5
   92   1.346  -42.15121    0.00147                          mtd5
   93   1.346  -42.15121    0.00147                          mtd2
   94   1.346  -42.15121    0.00147                          mtd6
   95   1.346  -42.15121    0.00147                          mtd4
   96   1.346  -42.15121    0.00147                          mtd4
   97   1.346  -42.15121    0.00147                          mtd2
   98   1.346  -42.15121    0.00147                          mtd6
   99   1.346  -42.15121    0.00147                          mtd1
  100   1.346  -42.15121    0.00147                          mtd5
  101   1.346  -42.15121    0.00147                          mtd2
  102   1.346  -42.15121    0.00147                          mtd4
  103   1.346  -42.15121    0.00147                          mtd1
  104   1.346  -42.15121    0.00147                          mtd3
  105   1.346  -42.15121    0.00147                          mtd1
  106   1.346  -42.15121    0.00147                          mtd2
  107   1.346  -42.15121    0.00147                          mtd1
  108   1.346  -42.15121    0.00146                          mtd4
  109   1.346  -42.15121    0.00146                          mtd5
  110   1.346  -42.15121    0.00146                          mtd2
  111   1.346  -42.15121    0.00146                          mtd2
  112   1.346  -42.15121    0.00146                          mtd1
  113   1.346  -42.15121    0.00146                          mtd4
  114   1.346  -42.15121    0.00146                          mtd2
  115   1.346  -42.15121    0.00146                          mtd3
  116   1.346  -42.15121    0.00146                          mtd2
  117   1.346  -42.15121    0.00146                          mtd3
  118   1.346  -42.15121    0.00146                          mtd2
  119   1.346  -42.15121    0.00146                          mtd6
  120   1.346  -42.15121    0.00146                          mtd3
  121   1.346  -42.15121    0.00146                          mtd3
  122   1.346  -42.15121    0.00146                          mtd2
  123   1.346  -42.15121    0.00146                          mtd4
  124   1.346  -42.15120    0.00146                          mtd3
  125   1.346  -42.15120    0.00146                          mtd1
  126   1.346  -42.15120    0.00146                          mtd3
  127   1.346  -42.15120    0.00146                          mtd1
  128   1.347  -42.15120    0.00146                          mtd1
  129   1.551  -42.15088    0.00104    0.02069    4   20     mtd2
  130   1.551  -42.15088    0.00104                          mtd2
  131   1.551  -42.15088    0.00104                          mtd2
  132   1.551  -42.15088    0.00104                          mtd5
  133   1.551  -42.15088    0.00104                          mtd5
  134   1.551  -42.15088    0.00104                          mtd4
  135   1.551  -42.15088    0.00104                          mtd2
  136   1.551  -42.15088    0.00104                          mtd1
  137   1.551  -42.15088    0.00104                          mtd1
  138   1.551  -42.15088    0.00104                          mtd3
  139   1.551  -42.15088    0.00104                          mtd6
  140   1.551  -42.15088    0.00104                          mtd2
  141   1.551  -42.15088    0.00104                          mtd4
  142   1.552  -42.15088    0.00104                          mtd4
  143   1.552  -42.15088    0.00104                          mtd6
  144   1.552  -42.15088    0.00104                          mtd1
  145   1.552  -42.15088    0.00103                          mtd6
  146   1.552  -42.15088    0.00103                          mtd2
  147   1.554  -42.15087    0.00103                          mtd5
  148   1.562  -42.15086    0.00102                          mtd4
  149   1.860  -42.15039    0.00062    0.00923    5   15     mtd2
  150   1.860  -42.15039    0.00062                          mtd4
  151   1.860  -42.15039    0.00062                          mtd2
  152   1.860  -42.15039    0.00062                          mtd6
  153   1.860  -42.15039    0.00062                          mtd1
  154   1.860  -42.15039    0.00062                          mtd5
  155   1.860  -42.15039    0.00062                          mtd2
  156   1.860  -42.15039    0.00062                          mtd1
  157   1.860  -42.15039    0.00062                          mtd2
  158   1.860  -42.15039    0.00062                          mtd2
  159   1.860  -42.15039    0.00062                          mtd1
  160   1.860  -42.15039    0.00062                          mtd6
  161   1.860  -42.15039    0.00062                          mtd2
  162   1.860  -42.15039    0.00061                          mtd2
  163   1.861  -42.15038    0.00061                          mtd5
  164   1.862  -42.15038    0.00061    0.00123    6    2     mtd1
  165   1.863  -42.15038    0.00061                          mtd2
  166   1.894  -42.15033    0.00058    0.01278    7   22     mtd2
  167   1.894  -42.15033    0.00058                          mtd1
  168   1.894  -42.15033    0.00058                          mtd1
  169   1.894  -42.15033    0.00058                          mtd5
  170   1.894  -42.15033    0.00058                          mtd3
  171   1.894  -42.15033    0.00058                          mtd1
  172   1.894  -42.15033    0.00058                          mtd3
  173   1.894  -42.15033    0.00058                          mtd5
  174   1.894  -42.15033    0.00058                          mtd3
  175   1.894  -42.15033    0.00058                          mtd2
  176   1.894  -42.15033    0.00058                          mtd3
  177   1.894  -42.15033    0.00058                          mtd1
  178   1.894  -42.15033    0.00058                          mtd2
  179   1.894  -42.15033    0.00058                          mtd6
  180   1.894  -42.15033    0.00058                          mtd3
  181   1.894  -42.15033    0.00058                          mtd5
  182   1.894  -42.15033    0.00058                          mtd3
  183   1.894  -42.15033    0.00058                          mtd3
  184   1.894  -42.15033    0.00058                          mtd3
  185   1.894  -42.15033    0.00058                          mtd3
  186   1.895  -42.15033    0.00058                          mtd5
  187   1.895  -42.15033    0.00058                          mtd5
  188   1.919  -42.15029    0.00056    0.03062    8   55     mtd3
  189   1.919  -42.15029    0.00056                          mtd4
  190   1.919  -42.15029    0.00056                          mtd4
  191   1.919  -42.15029    0.00056                          mtd1
  192   1.919  -42.15029    0.00056                          mtd5
  193   1.919  -42.15029    0.00056                          mtd1
  194   1.919  -42.15029    0.00056                          mtd1
  195   1.919  -42.15029    0.00056                          mtd1
  196   1.919  -42.15029    0.00056                          mtd4
  197   1.919  -42.15029    0.00056                          mtd1
  198   1.919  -42.15029    0.00056                          mtd1
  199   1.919  -42.15029    0.00056                          mtd3
  200   1.919  -42.15029    0.00056                          mtd2
  201   1.919  -42.15029    0.00056                          mtd1
  202   1.919  -42.15029    0.00056                          mtd6
  203   1.919  -42.15029    0.00056                          mtd3
  204   1.919  -42.15029    0.00056                          mtd2
  205   1.919  -42.15029    0.00056                          mtd6
  206   1.919  -42.15029    0.00056                          mtd3
  207   1.919  -42.15029    0.00056                          mtd3
  208   1.919  -42.15029    0.00056                          mtd6
  209   1.919  -42.15029    0.00056                          mtd4
  210   1.919  -42.15029    0.00056                          mtd2
  211   1.919  -42.15029    0.00056                          mtd4
  212   1.919  -42.15029    0.00056                          mtd1
  213   1.919  -42.15029    0.00056                          mtd5
  214   1.919  -42.15029    0.00056                          mtd4
  215   1.919  -42.15029    0.00056                          mtd1
  216   1.919  -42.15029    0.00056                          mtd2
  217   1.919  -42.15029    0.00056                          mtd1
  218   1.919  -42.15029    0.00056                          mtd4
  219   1.919  -42.15029    0.00056                          mtd6
  220   1.919  -42.15029    0.00056                          mtd2
  221   1.919  -42.15029    0.00056                          mtd4
  222   1.919  -42.15029    0.00056                          mtd3
  223   1.919  -42.15029    0.00056                          mtd5
  224   1.919  -42.15029    0.00056                          mtd5
  225   1.919  -42.15029    0.00056                          mtd4
  226   1.919  -42.15029    0.00056                          mtd1
  227   1.920  -42.15029    0.00056                          mtd4
  228   1.920  -42.15029    0.00056                          mtd4
  229   1.920  -42.15029    0.00056                          mtd3
  230   1.920  -42.15029    0.00056                          mtd3
  231   1.920  -42.15029    0.00056                          mtd4
  232   1.920  -42.15029    0.00056                          mtd4
  233   1.920  -42.15029    0.00056                          mtd4
  234   1.920  -42.15029    0.00056                          mtd3
  235   1.920  -42.15029    0.00056                          mtd1
  236   1.920  -42.15029    0.00056                          mtd6
  237   1.920  -42.15029    0.00056                          mtd4
  238   1.920  -42.15029    0.00056                          mtd4
  239   1.920  -42.15029    0.00056                          mtd1
  240   1.921  -42.15029    0.00056                          mtd3
  241   1.921  -42.15029    0.00056                          mtd1
  242   1.921  -42.15029    0.00056                          mtd4
  243   2.142  -42.14994    0.00038    0.00115    9    3     mtd2
  244   2.143  -42.14994    0.00038                          mtd1
  245   2.143  -42.14994    0.00038                          mtd2
  246   2.221  -42.14981    0.00033    0.00100   10    3     mtd2
  247   2.224  -42.14981    0.00033                          mtd5
  248   2.225  -42.14980    0.00033                          mtd2
  249   2.241  -42.14978    0.00032    0.00065   11    2     mtd2
  250   2.241  -42.14978    0.00032                          mtd1
  251   2.294  -42.14969    0.00030    0.00203   12    7     mtd5
  252   2.302  -42.14968    0.00029                          mtd6
  253   2.304  -42.14968    0.00029                          mtd4
  254   2.305  -42.14968    0.00029                          mtd6
  255   2.307  -42.14967    0.00029                          mtd1
  256   2.309  -42.14967    0.00029                          mtd3
  257   2.317  -42.14966    0.00028                          mtd2
  258   2.437  -42.14947    0.00023    0.00302   13   13     mtd1
  259   2.437  -42.14947    0.00023                          mtd5
  260   2.437  -42.14947    0.00023                          mtd5
  261   2.437  -42.14947    0.00023                          mtd1
  262   2.437  -42.14947    0.00023                          mtd5
  263   2.437  -42.14947    0.00023                          mtd5
  264   2.437  -42.14947    0.00023                          mtd1
  265   2.437  -42.14947    0.00023                          mtd3
  266   2.437  -42.14947    0.00023                          mtd3
  267   2.437  -42.14947    0.00023                          mtd2
  268   2.437  -42.14947    0.00023                          mtd2
  269   2.437  -42.14947    0.00023                          mtd2
  270   2.437  -42.14947    0.00023                          mtd5
  271   2.605  -42.14920    0.00018    0.00245   14   14     mtd3
  272   2.605  -42.14920    0.00018                          mtd4
  273   2.605  -42.14920    0.00018                          mtd4
  274   2.605  -42.14920    0.00018                          mtd3
  275   2.606  -42.14920    0.00018                          mtd1
  276   2.606  -42.14920    0.00018                          mtd1
  277   2.606  -42.14920    0.00018                          mtd3
  278   2.606  -42.14920    0.00017                          mtd3
  279   2.606  -42.14920    0.00017                          mtd3
  280   2.606  -42.14920    0.00017                          mtd5
  281   2.606  -42.14920    0.00017                          mtd6
  282   2.606  -42.14920    0.00017                          mtd6
  283   2.606  -42.14920    0.00017                          mtd2
  284   2.607  -42.14920    0.00017                          mtd4
  285   2.649  -42.14913    0.00016    0.00341   15   21     mtd5
  286   2.649  -42.14913    0.00016                          mtd3
  287   2.649  -42.14913    0.00016                          mtd2
  288   2.649  -42.14913    0.00016                          mtd3
  289   2.649  -42.14913    0.00016                          mtd1
  290   2.649  -42.14913    0.00016                          mtd6
  291   2.649  -42.14913    0.00016                          mtd6
  292   2.650  -42.14913    0.00016                          mtd1
  293   2.650  -42.14913    0.00016                          mtd3
  294   2.650  -42.14913    0.00016                          mtd4
  295   2.650  -42.14913    0.00016                          mtd6
  296   2.650  -42.14913    0.00016                          mtd5
  297   2.650  -42.14913    0.00016                          mtd5
  298   2.650  -42.14913    0.00016                          mtd1
  299   2.650  -42.14913    0.00016                          mtd3
  300   2.650  -42.14913    0.00016                          mtd2
  301   2.650  -42.14913    0.00016                          mtd4
  302   2.650  -42.14913    0.00016                          mtd6
  303   2.651  -42.14913    0.00016                          mtd1
  304   2.651  -42.14913    0.00016                          mtd1
  305   2.654  -42.14912    0.00016                          mtd1
  306   2.728  -42.14900    0.00014    0.00014   16    1     mtd4
  307   2.734  -42.14899    0.00014    0.00239   17   17     mtd2
  308   2.734  -42.14899    0.00014                          mtd4
  309   2.734  -42.14899    0.00014                          mtd2
  310   2.734  -42.14899    0.00014                          mtd4
  311   2.734  -42.14899    0.00014                          mtd2
  312   2.734  -42.14899    0.00014                          mtd1
  313   2.734  -42.14899    0.00014                          mtd3
  314   2.734  -42.14899    0.00014                          mtd1
  315   2.734  -42.14899    0.00014                          mtd3
  316   2.734  -42.14899    0.00014                          mtd1
  317   2.734  -42.14899    0.00014                          mtd4
  318   2.734  -42.14899    0.00014                          mtd2
  319   2.735  -42.14899    0.00014                          mtd4
  320   2.735  -42.14899    0.00014                          mtd5
  321   2.736  -42.14899    0.00014                          mtd3
  322   2.736  -42.14899    0.00014                          mtd3
  323   2.737  -42.14899    0.00014                          mtd1
  324   2.784  -42.14891    0.00013    0.00013   18    1     mtd3
  325   2.887  -42.14875    0.00011    0.00011   19    1     mtd2
  326   2.907  -42.14872    0.00011    0.00221   20   21     mtd5
  327   2.907  -42.14872    0.00011                          mtd3
  328   2.907  -42.14872    0.00011                          mtd3
  329   2.907  -42.14872    0.00011                          mtd3
  330   2.907  -42.14872    0.00011                          mtd5
  331   2.907  -42.14872    0.00011                          mtd5
  332   2.907  -42.14872    0.00011                          mtd3
  333   2.907  -42.14872    0.00011                          mtd2
  334   2.907  -42.14872    0.00011                          mtd3
  335   2.907  -42.14872    0.00011                          mtd1
  336   2.907  -42.14872    0.00011                          mtd3
  337   2.907  -42.14872    0.00011                          mtd1
  338   2.907  -42.14872    0.00011                          mtd1
  339   2.907  -42.14872    0.00011                          mtd1
  340   2.907  -42.14872    0.00011                          mtd3
  341   2.908  -42.14872    0.00011                          mtd4
  342   2.908  -42.14872    0.00011                          mtd1
  343   2.908  -42.14872    0.00011                          mtd1
  344   2.909  -42.14871    0.00011                          mtd1
  345   2.909  -42.14871    0.00010                          mtd2
  346   2.910  -42.14871    0.00010                          mtd6
  347   2.979  -42.14860    0.00009    0.00009   21    1     mtd1
  348   3.251  -42.14817    0.00006    0.00035   22    6     mtd3
  349   3.251  -42.14817    0.00006                          mtd6
  350   3.252  -42.14817    0.00006                          mtd2
  351   3.252  -42.14817    0.00006                          mtd1
  352   3.253  -42.14817    0.00006                          mtd5
  353   3.254  -42.14816    0.00006                          mtd5
  354   3.464  -42.14783    0.00004    0.00021   23    5     mtd4
  355   3.464  -42.14783    0.00004                          mtd3
  356   3.464  -42.14783    0.00004                          mtd2
  357   3.464  -42.14783    0.00004                          mtd3
  358   3.466  -42.14783    0.00004                          mtd2
  359   3.719  -42.14742    0.00003    0.00003   24    1     mtd4
  360   4.022  -42.14694    0.00002    0.00002   25    1     mtd1
  361   4.065  -42.14687    0.00001    0.00016   26   11     mtd1
  362   4.065  -42.14687    0.00001                          mtd1
  363   4.065  -42.14687    0.00001                          mtd1
  364   4.066  -42.14687    0.00001                          mtd3
  365   4.066  -42.14687    0.00001                          mtd4
  366   4.066  -42.14687    0.00001                          mtd3
  367   4.066  -42.14687    0.00001                          mtd3
  368   4.066  -42.14687    0.00001                          mtd1
  369   4.066  -42.14687    0.00001                          mtd3
  370   4.066  -42.14687    0.00001                          mtd1
  371   4.067  -42.14687    0.00001                          mtd4
  372   4.286  -42.14652    0.00001    0.00008   27    8     mtd1
  373   4.287  -42.14652    0.00001                          mtd3
  374   4.287  -42.14652    0.00001                          mtd3
  375   4.287  -42.14652    0.00001                          mtd4
  376   4.287  -42.14652    0.00001                          mtd1
  377   4.287  -42.14652    0.00001                          mtd4
  378   4.288  -42.14652    0.00001                          mtd1
  379   4.288  -42.14652    0.00001                          mtd1
  380   4.359  -42.14640    0.00001    0.00007   28    8     mtd2
  381   4.359  -42.14640    0.00001                          mtd5
  382   4.359  -42.14640    0.00001                          mtd5
  383   4.359  -42.14640    0.00001                          mtd3
  384   4.359  -42.14640    0.00001                          mtd3
  385   4.359  -42.14640    0.00001                          mtd3
  386   4.359  -42.14640    0.00001                          mtd3
  387   4.360  -42.14640    0.00001                          mtd2
  388   5.013  -42.14536    0.00000    0.00001   29    2     mtd5
  389   5.014  -42.14536    0.00000                          mtd3
  390   5.252  -42.14498    0.00000    0.00000   30    1     mtd1
  391   5.281  -42.14493    0.00000    0.00001   31    3     mtd3
  392   5.281  -42.14493    0.00000                          mtd3
  393   5.282  -42.14493    0.00000                          mtd3
  394   5.317  -42.14488    0.00000    0.00000   32    1     mtd1
T /K                                  :   298.15
E lowest                              :   -42.15335
ensemble average energy (kcal)        :    0.351
ensemble entropy (J/mol K, cal/mol K) :   40.316    9.636
ensemble free energy (kcal/mol)       :   -2.873
population of lowest in %             :   76.486
 number of unique conformers for further calc           32
   1       0.000
   2       1.047
   3       1.346
   4       1.551
   5       1.860
   6       1.862
   7       1.894
   8       1.919
   9       2.142
  10       2.221
  11       2.241
  12       2.294
  13       2.437
  14       2.605
  15       2.649
  16       2.728
  17       2.734
  18       2.784
  19       2.887
  20       2.907
  21       2.979
  22       3.251
  23       3.464
  24       3.719
  25       4.022
  26       4.065
  27       4.286
  28       4.359
  29       5.013
  30       5.252
  31       5.281
  32       5.317
 Normal termination.
 
 -----------------
 Wall Time Summary
 -----------------
             test MD wall time :         0h : 0m :59s
                 MTD wall time :         0h :10m :20s
      multilevel OPT wall time :         0h :15m :20s
--------------------
Overall wall time  : 0h :28m :43s
 
 CREST terminated normally.
