 
       ==============================================
       |                                            |
       |                 C R E S T                  |
       |                                            |
       |  Conformer-Rotamer Ensemble Sampling Tool  |
       |        based on the GFN-xTB method         |
       |             S.Grimme, P.Pracht             |
       |          Universitaet Bonn, MCTC           |
       ==============================================
       Version 2.7.1, Wed 17. Jul 11:21:59 CEST 2019
       Using the GFN-xTB code.
       Compatible with XTB version 6.1 and later.
 
       Cite work conducted with this code as
       S. Grimme, C. Bannwarth, S. Dohm, A. Hansen,
       J. Pisarek, P. Pracht, J. Seibert, F. Neese,
       Angew. Chem. Int. Ed., 2017, 56, 14763-14769

       For the MTD(RMSD)-version (-v2)

       S. Grimme, JCTC, 2019, 15, 2847-2862

       P. Pracht, S. Grimme, in preparation
 
  -nci  : Special NCI mode for non-covalently bound complexes or clusters.
  -gfn1 :
     Use of GFN-xTB requested.
  Automatically generated ellipsoide potential for NCI mode:
> $wall
>   potential=polynomial
>   ellipsoid: 18.44276801107398, 13.93642036172576, 13.40603319965135, all
 
 =============================
  # threads =          12
 =============================
 
 
------------------------------------------------
Generating MTD length from a flexibility measure
------------------------------------------------
 flexibility measure :   1.000
 t(MTD) / ps    :     7.0
 Σ(t(MTD)) / ps :    28.0 (+    14.0)
 
-------------------------------------
Starting a trial MTD to test settings
-------------------------------------
 Success!
 Estimated runtime for one MTD (7.0 ps) on a single thread: 14 min 6 sec
 Estimated runtime for a batch of 6 MTDs on 12 threads: 7 min 3 sec
 
 list of Vbias parameters applied:
$metadyn    0.00100   1.000
$metadyn    0.00050   1.000
$metadyn    0.00100   0.500
$metadyn    0.00050   0.500
$metadyn    0.00100   0.250
$metadyn    0.00050   0.250
 
*******************************************************************************************
**                        N E W    I T E R A T I O N    C Y C L E                        **
*******************************************************************************************
 
========================================
            MTD Iteration  1
========================================
 
     ========================================
     |         Meta-MD (MTD) Sampling       |
     ========================================
 
Starting Meta-MD   2 with the settings:
     MD time /ps        :     7.0
     dt /fs             :     5.0
     dumpstep(trj) /fs  :     100
     dumpstep(Vbias)/ps :     1.0
     Vbias prefactor(k) :  0.0110
     Vbias exponent(α)  :    1.00
Starting Meta-MD   1 with the settings:
     MD time /ps        :     7.0
     dt /fs             :     5.0
     dumpstep(trj) /fs  :     100
     dumpstep(Vbias)/ps :     1.0
     Vbias prefactor(k) :  0.0220
     Vbias exponent(α)  :    1.00
Starting Meta-MD   4 with the settings:
     MD time /ps        :     7.0
     dt /fs             :     5.0
     dumpstep(trj) /fs  :     100
     dumpstep(Vbias)/ps :     1.0
     Vbias prefactor(k) :  0.0110
     Vbias exponent(α)  :    0.50
Starting Meta-MD   3 with the settings:
     MD time /ps        :     7.0
     dt /fs             :     5.0
     dumpstep(trj) /fs  :     100
     dumpstep(Vbias)/ps :     1.0
     Vbias prefactor(k) :  0.0220
     Vbias exponent(α)  :    0.50
Starting Meta-MD   6 with the settings:
     MD time /ps        :     7.0
     dt /fs             :     5.0
     dumpstep(trj) /fs  :     100
     dumpstep(Vbias)/ps :     1.0
     Vbias prefactor(k) :  0.0110
     Vbias exponent(α)  :    0.25
Starting Meta-MD   5 with the settings:
     MD time /ps        :     7.0
     dt /fs             :     5.0
     dumpstep(trj) /fs  :     100
     dumpstep(Vbias)/ps :     1.0
     Vbias prefactor(k) :  0.0220
     Vbias exponent(α)  :    0.25
*Meta-MD 6 finished*
*Meta-MD 3 finished*
*Meta-MD 4 finished*
*Meta-MD 1 finished*
*Meta-MD 2 finished*
*Meta-MD 5 finished*
 
-----------------------
Multilevel Optimization
-----------------------
 
 -------------------------
 1. crude pre-optimization
 -------------------------
 writing TMPCONF* Dirs from file "crest_rotamers_0.xyz" ... done.
 Starting optimization of generated structures
 347 jobs to do.
 1 2 3 4 5 6 7 8 9 10 11 12 13 14 15 16 17 18 19 20 21 22 23 24 25 26 27 28 29 30 31 32 33 34 35 36 37 38 39 40 41 42 43 44 45 46 47 48 49 50 51 52 53 54 55 56 57 58 59 60 61 62 63 64 65 66 67 68 69 70 71 72 73 74 75 76 77 78 79 80 81 82 83 84 85 86 87 88 89 90 91 92 93 94 95 96 97 98 99 100 101 102 103 104 105 106 107 108 109 110 111 112 113 114 115 116 117 118 119 120 121 122 123 124 125 126 127 128 129 130 131 132 133 134 135 136 137 138 139 140 141 142 143 144 145 146 147 148 149 150 151 152 153 154 155 156 157 158 159 160 161 162 163 164 165 166 167 168 169 170 171 172 173 174 175 176 177 178 179 180 181 182 183 184 185 186 187 188 189 190 191 192 193 194 195 196 197 198 199 200 201 202 203 204 205 206 207 208 209 210 211 212 213 214 215 216 217 218 219 220 221 222 223 224 225 226 227 228 229 230 231 232 233 234 235 236 237 238 239 240 241 242 243 244 245 246 247 248 249 250 251 252 253 254 255 256 257 258 259 260 261 262 263 264 265 266 267 268 269 270 271 272 273 274 275 276 277 278 279 280 281 282 283 284 285 286 287 288 289 290 291 292 293 294 295 296 297 298 299 300 301 302 303 304 305 306 307 308 309 310 311 312 313 314 315 316 317 318 319 320 321 322 323 324 325 326 327 328 329 330 331 332 333 334 335 336 337 338 339 340 341 342 343 344 345 346 347 
 done.
 Now appending opt.xyz file with new structures
 running RMSDs... done.
 E lowest :   -33.91636
 10 structures remain within    12.00 kcal/mol window
 This is less than 5% of the initial 342 structures.
 Increasing energy window to include more...
 running RMSDs... done.
 E lowest :   -33.91636
 11 structures remain within    18.00 kcal/mol window
 
 -------------------------------------
 2. optimization with tight thresholds
 -------------------------------------
 writing TMPCONF* Dirs from file "crest_rotamers_1.xyz" ... done.
 Starting optimization of generated structures
 12 jobs to do.
 1 2 3 4 5 6 7 8 9 10 11 12 
 done.
 Now appending opt.xyz file with new structures
 running RMSDs... done.
 E lowest :   -33.90547
 3 structures remain within     6.00 kcal/mol window
 
 
========================================
            MTD Iteration  2
========================================
 
     ========================================
     |         Meta-MD (MTD) Sampling       |
     ========================================
 
Starting Meta-MD   4 with the settings:
     MD time /ps        :     7.0
     dt /fs             :     5.0
     dumpstep(trj) /fs  :     100
     dumpstep(Vbias)/ps :     1.0
     Vbias prefactor(k) :  0.0110
     Vbias exponent(α)  :    0.50
Starting Meta-MD   1 with the settings:
     MD time /ps        :     7.0
     dt /fs             :     5.0
     dumpstep(trj) /fs  :     100
     dumpstep(Vbias)/ps :     1.0
     Vbias prefactor(k) :  0.0220
     Vbias exponent(α)  :    1.00
Starting Meta-MD   3 with the settings:
     MD time /ps        :     7.0
     dt /fs             :     5.0
     dumpstep(trj) /fs  :     100
     dumpstep(Vbias)/ps :     1.0
     Vbias prefactor(k) :  0.0220
     Vbias exponent(α)  :    0.50
Starting Meta-MD   2 with the settings:
     MD time /ps        :     7.0
     dt /fs             :     5.0
     dumpstep(trj) /fs  :     100
     dumpstep(Vbias)/ps :     1.0
     Vbias prefactor(k) :  0.0110
     Vbias exponent(α)  :    1.00
*Meta-MD 1 finished*
*Meta-MD 4 finished*
*Meta-MD 2 finished*
*Meta-MD 3 finished*
 
-----------------------
Multilevel Optimization
-----------------------
 
 -------------------------
 1. crude pre-optimization
 -------------------------
 writing TMPCONF* Dirs from file "crest_rotamers_0.xyz" ... done.
 Starting optimization of generated structures
 276 jobs to do.
 1 2 3 4 5 6 7 8 9 10 11 12 13 14 15 16 17 18 19 20 21 22 23 24 25 26 27 28 29 30 31 32 33 34 35 36 37 38 39 40 41 42 43 44 45 46 47 48 49 50 51 52 53 54 55 56 57 58 59 60 61 62 63 64 65 66 67 68 69 70 71 72 73 74 75 76 77 78 79 80 81 82 83 84 85 86 87 88 89 90 91 92 93 94 95 96 97 98 99 100 101 102 103 104 105 106 107 108 109 110 111 112 113 114 115 116 117 118 119 120 121 122 123 124 125 126 127 128 129 130 131 132 133 134 135 136 137 138 139 140 141 142 143 144 145 146 147 148 149 150 151 152 153 154 155 156 157 158 159 160 161 162 163 164 165 166 167 168 169 170 171 172 173 174 175 176 177 178 179 180 181 182 183 184 185 186 187 188 189 190 191 192 193 194 195 196 197 198 199 200 201 202 203 204 205 206 207 208 209 210 211 212 213 214 215 216 217 218 219 220 221 222 223 224 225 226 227 228 229 230 231 232 233 234 235 236 237 238 239 240 241 242 243 244 245 246 247 248 249 250 251 252 253 254 255 256 257 258 259 260 261 262 263 264 265 266 267 268 269 270 271 272 273 274 275 276 
 done.
 Now appending opt.xyz file with new structures
 running RMSDs... done.
 E lowest :   -33.91494
 12 structures remain within    12.00 kcal/mol window
 This is less than 5% of the initial 276 structures.
 Increasing energy window to include more...
 running RMSDs... done.
 E lowest :   -33.91494
 12 structures remain within    18.00 kcal/mol window
 
 -------------------------------------
 2. optimization with tight thresholds
 -------------------------------------
 writing TMPCONF* Dirs from file "crest_rotamers_1.xyz" ... done.
 Starting optimization of generated structures
 13 jobs to do.
 1 2 3 4 5 6 7 8 9 10 11 12 13 
 done.
 Now appending opt.xyz file with new structures
 running RMSDs... done.
 E lowest :   -33.91629
 1 structures remain within     6.00 kcal/mol window
 
 ...............................................
 A new lower conformer was found!
 Improved by    0.01082 Eh or    6.79197kcal/mol
 ...............................................
 
========================================
            MTD Iteration  3
========================================
 
     ========================================
     |         Meta-MD (MTD) Sampling       |
     ========================================
 
Starting Meta-MD   1 with the settings:
     MD time /ps        :     7.0
     dt /fs             :     5.0
     dumpstep(trj) /fs  :     100
     dumpstep(Vbias)/ps :     1.0
     Vbias prefactor(k) :  0.0220
     Vbias exponent(α)  :    1.00
Starting Meta-MD   2 with the settings:
     MD time /ps        :     7.0
     dt /fs             :     5.0
     dumpstep(trj) /fs  :     100
     dumpstep(Vbias)/ps :     1.0
     Vbias prefactor(k) :  0.0110
     Vbias exponent(α)  :    1.00
Starting Meta-MD   3 with the settings:
     MD time /ps        :     7.0
     dt /fs             :     5.0
     dumpstep(trj) /fs  :     100
     dumpstep(Vbias)/ps :     1.0
     Vbias prefactor(k) :  0.0220
     Vbias exponent(α)  :    0.50
Starting Meta-MD   4 with the settings:
     MD time /ps        :     7.0
     dt /fs             :     5.0
     dumpstep(trj) /fs  :     100
     dumpstep(Vbias)/ps :     1.0
     Vbias prefactor(k) :  0.0110
     Vbias exponent(α)  :    0.50
*Meta-MD 4 finished*
*Meta-MD 1 finished*
*Meta-MD 3 finished*
*Meta-MD 2 finished*
 
-----------------------
Multilevel Optimization
-----------------------
 
 -------------------------
 1. crude pre-optimization
 -------------------------
 writing TMPCONF* Dirs from file "crest_rotamers_0.xyz" ... done.
 Starting optimization of generated structures
 276 jobs to do.
 1 2 3 4 5 6 7 8 9 10 11 12 13 14 15 16 17 18 19 20 21 22 23 24 25 26 27 28 29 30 31 32 33 34 35 36 37 38 39 40 41 42 43 44 45 46 47 48 49 50 51 52 53 54 55 56 57 58 59 60 61 62 63 64 65 66 67 68 69 70 71 72 73 74 75 76 77 78 79 80 81 82 83 84 85 86 87 88 89 90 91 92 93 94 95 96 97 98 99 100 101 102 103 104 105 106 107 108 109 110 111 112 113 114 115 116 117 118 119 120 121 122 123 124 125 126 127 128 129 130 131 132 133 134 135 136 137 138 139 140 141 142 143 144 145 146 147 148 149 150 151 152 153 154 155 156 157 158 159 160 161 162 163 164 165 166 167 168 169 170 171 172 173 174 175 176 177 178 179 180 181 182 183 184 185 186 187 188 189 190 191 192 193 194 195 196 197 198 199 200 201 202 203 204 205 206 207 208 209 210 211 212 213 214 215 216 217 218 219 220 221 222 223 224 225 226 227 228 229 230 231 232 233 234 235 236 237 238 239 240 241 242 243 244 245 246 247 248 249 250 251 252 253 254 255 256 257 258 259 260 261 262 263 264 265 266 267 268 269 270 271 272 273 274 275 276 
 done.
 Now appending opt.xyz file with new structures
 running RMSDs... done.
 E lowest :   -33.91550
 2 structures remain within    12.00 kcal/mol window
 This is less than 5% of the initial 276 structures.
 Increasing energy window to include more...
 running RMSDs... done.
 E lowest :   -33.91550
 2 structures remain within    18.00 kcal/mol window
 
 -------------------------------------
 2. optimization with tight thresholds
 -------------------------------------
 writing TMPCONF* Dirs from file "crest_rotamers_1.xyz" ... done.
 Starting optimization of generated structures
 3 jobs to do.
 1 2 3 
 done.
 Now appending opt.xyz file with new structures
 running RMSDs... done.
 E lowest :   -33.91629
 1 structures remain within     6.00 kcal/mol window
 
========================================
            MTD Iterations done         
========================================
 Collecting ensmbles.
 running RMSDs... done.
 E lowest :   -33.91629
 1 structures remain within     6.00 kcal/mol window
 
 
 
   ================================================
   |           Final Geometry Optimization        |
   ================================================
 ---------------------
 Ensemble optimization
 ---------------------
 writing TMPCONF* Dirs from file "crest_rotamers_1.xyz" ... done.
 Starting optimization of generated structures
 1 jobs to do.
 1 
 done.
 Now appending opt.xyz file with new structures
 running RMSDs... done.
 E lowest :   -33.91629
 1 structures remain within     6.00 kcal/mol window
 
-------------------------------------
CREGEN - CONFORMER SYMMETRY ANALYSIS
-------------------------------------
 =============================
  # threads =          12
 =============================
 input  file name : crest_rotamers_2.xyz
 output file name : crest_rotamers_3.xyz
 number of atoms                :    22
 number of points on xyz files  :     1
 RMSD threshold                 :   0.1250
 Bconst threshold               :   0.0200
 population threshold           :   0.0500
 conformer energy window  /kcal :   6.0000
 # fragment in coord            :     2
 number of reliable points      :     1
 reference state Etot :  -33.9162913194000
 number of doubles removed by rot/RMSD         :           0
 total number unique points considered further :           1
   Erel/kcal    Etot      weight/tot conformer  set degen    origin
    1   0.000  -33.91629    1.00000    1.00000    1    1     mtd3
T /K                                  :   298.15
E lowest                              :   -33.91629
ensemble average energy (kcal)        :    0.000
ensemble entropy (J/mol K, cal/mol K) :   -0.000   -0.000
ensemble free energy (kcal/mol)       :    0.000
population of lowest in %             :  100.000
 number of unique conformers for further calc            1
   1       0.000
 Normal termination.
 
 -----------------
 Wall Time Summary
 -----------------
             test MD wall time :         0h : 0m :15s
                 MTD wall time :         0h : 1m :25s
      multilevel OPT wall time :         0h : 0m :52s
--------------------
Overall wall time  : 0h : 2m :32s
 
 CREST terminated normally.
