 
       ==============================================
       |                                            |
       |                 C R E S T                  |
       |                                            |
       |  Conformer-Rotamer Ensemble Sampling Tool  |
       |        based on the GFN-xTB method         |
       |             S.Grimme, P.Pracht             |
       |          Universitaet Bonn, MCTC           |
       ==============================================
       Version 2.7.1, Wed 17. Jul 11:21:59 CEST 2019
       Using the GFN-xTB code.
       Compatible with XTB version 6.1 and later.
 
       Cite work conducted with this code as
       S. Grimme, C. Bannwarth, S. Dohm, A. Hansen,
       J. Pisarek, P. Pracht, J. Seibert, F. Neese,
       Angew. Chem. Int. Ed., 2017, 56, 14763-14769

       For the MTD(RMSD)-version (-v2)

       S. Grimme, JCTC, 2019, 15, 2847-2862

       P. Pracht, S. Grimme, in preparation
 
  -nci  : Special NCI mode for non-covalently bound complexes or clusters.
  -gfn1 :
     Use of GFN-xTB requested.
  Automatically generated ellipsoide potential for NCI mode:
> $wall
>   potential=polynomial
>   ellipsoid: 18.16182342099894, 14.50566862708000, 13.77756010859202, all
 
 =============================
  # threads =           1
 =============================
 
 
------------------------------------------------
Generating MTD length from a flexibility measure
------------------------------------------------
 flexibility measure :   1.000
 t(MTD) / ps    :    10.0
 Σ(t(MTD)) / ps :    40.0 (+    20.0)
 
-------------------------------------
Starting a trial MTD to test settings
-------------------------------------
 Success!
 Estimated runtime for one MTD (10.0 ps) on a single thread: 1 min 33 sec
 Estimated runtime for a batch of 6 MTDs on 1 threads: 9 min 20 sec
 
 list of Vbias parameters applied:
$metadyn    0.00100   1.000
$metadyn    0.00050   1.000
$metadyn    0.00100   0.500
$metadyn    0.00050   0.500
$metadyn    0.00100   0.250
$metadyn    0.00050   0.250
 
*******************************************************************************************
**                        N E W    I T E R A T I O N    C Y C L E                        **
*******************************************************************************************
 
========================================
            MTD Iteration  1
========================================
 
     ========================================
     |         Meta-MD (MTD) Sampling       |
     ========================================
 
Starting Meta-MD   1 with the settings:
     MD time /ps        :    10.0
     dt /fs             :     5.0
     dumpstep(trj) /fs  :     100
     dumpstep(Vbias)/ps :     1.0
     Vbias prefactor(k) :  0.0270
     Vbias exponent(α)  :    1.00
*Meta-MD 1 finished*
Starting Meta-MD   2 with the settings:
     MD time /ps        :    10.0
     dt /fs             :     5.0
     dumpstep(trj) /fs  :     100
     dumpstep(Vbias)/ps :     1.0
     Vbias prefactor(k) :  0.0135
     Vbias exponent(α)  :    1.00
*Meta-MD 2 finished*
Starting Meta-MD   3 with the settings:
     MD time /ps        :    10.0
     dt /fs             :     5.0
     dumpstep(trj) /fs  :     100
     dumpstep(Vbias)/ps :     1.0
     Vbias prefactor(k) :  0.0270
     Vbias exponent(α)  :    0.50
*Meta-MD 3 finished*
Starting Meta-MD   4 with the settings:
     MD time /ps        :    10.0
     dt /fs             :     5.0
     dumpstep(trj) /fs  :     100
     dumpstep(Vbias)/ps :     1.0
     Vbias prefactor(k) :  0.0135
     Vbias exponent(α)  :    0.50
*Meta-MD 4 finished*
Starting Meta-MD   5 with the settings:
     MD time /ps        :    10.0
     dt /fs             :     5.0
     dumpstep(trj) /fs  :     100
     dumpstep(Vbias)/ps :     1.0
     Vbias prefactor(k) :  0.0270
     Vbias exponent(α)  :    0.25
*Meta-MD 5 finished*
Starting Meta-MD   6 with the settings:
     MD time /ps        :    10.0
     dt /fs             :     5.0
     dumpstep(trj) /fs  :     100
     dumpstep(Vbias)/ps :     1.0
     Vbias prefactor(k) :  0.0135
     Vbias exponent(α)  :    0.25
*Meta-MD 6 finished*
 
-----------------------
Multilevel Optimization
-----------------------
 
 -------------------------
 1. crude pre-optimization
 -------------------------
 writing TMPCONF* Dirs from file "crest_rotamers_0.xyz" ... done.
 Starting optimization of generated structures
 594 jobs to do.
 1 2 3 4 5 6 7 8 9 10 11 12 13 14 15 16 17 18 19 20 21 22 23 24 25 26 27 28 29 30 31 32 33 34 35 36 37 38 39 40 41 42 43 44 45 46 47 48 49 50 51 52 53 54 55 56 57 58 59 60 61 62 63 64 65 66 67 68 69 70 71 72 73 74 75 76 77 78 79 80 81 82 83 84 85 86 87 88 89 90 91 92 93 94 95 96 97 98 99 100 101 102 103 104 105 106 107 108 109 110 111 112 113 114 115 116 117 118 119 120 121 122 123 124 125 126 127 128 129 130 131 132 133 134 135 136 137 138 139 140 141 142 143 144 145 146 147 148 149 150 151 152 153 154 155 156 157 158 159 160 161 162 163 164 165 166 167 168 169 170 171 172 173 174 175 176 177 178 179 180 181 182 183 184 185 186 187 188 189 190 191 192 193 194 195 196 197 198 199 200 201 202 203 204 205 206 207 208 209 210 211 212 213 214 215 216 217 218 219 220 221 222 223 224 225 226 227 228 229 230 231 232 233 234 235 236 237 238 239 240 241 242 243 244 245 246 247 248 249 250 251 252 253 254 255 256 257 258 259 260 261 262 263 264 265 266 267 268 269 270 271 272 273 274 275 276 277 278 279 280 281 282 283 284 285 286 287 288 289 290 291 292 293 294 295 296 297 298 299 300 301 302 303 304 305 306 307 308 309 310 311 312 313 314 315 316 317 318 319 320 321 322 323 324 325 326 327 328 329 330 331 332 333 334 335 336 337 338 339 340 341 342 343 344 345 346 347 348 349 350 351 352 353 354 355 356 357 358 359 360 361 362 363 364 365 366 367 368 369 370 371 372 373 374 375 376 377 378 379 380 381 382 383 384 385 386 387 388 389 390 391 392 393 394 395 396 397 398 399 400 401 402 403 404 405 406 407 408 409 410 411 412 413 414 415 416 417 418 419 420 421 422 423 424 425 426 427 428 429 430 431 432 433 434 435 436 437 438 439 440 441 442 443 444 445 446 447 448 449 450 451 452 453 454 455 456 457 458 459 460 461 462 463 464 465 466 467 468 469 470 471 472 473 474 475 476 477 478 479 480 481 482 483 484 485 486 487 488 489 490 491 492 493 494 495 496 497 498 499 500 501 502 503 504 505 506 507 508 509 510 511 512 513 514 515 516 517 518 519 520 521 522 523 524 525 526 527 528 529 530 531 532 533 534 535 536 537 538 539 540 541 542 543 544 545 546 547 548 549 550 551 552 553 554 555 556 557 558 559 560 561 562 563 564 565 566 567 568 569 570 571 572 573 574 575 576 577 578 579 580 581 582 583 584 585 586 587 588 589 590 591 592 593 594 
 done.
 Now appending opt.xyz file with new structures
 running RMSDs... done.
 E lowest :   -46.44698
 552 structures remain within    12.00 kcal/mol window
 
 -------------------------------------
 2. optimization with tight thresholds
 -------------------------------------
 writing TMPCONF* Dirs from file "crest_rotamers_1.xyz" ... done.
 Starting optimization of generated structures
 553 jobs to do.
 1 2 3 4 5 6 7 8 9 10 11 12 13 14 15 16 17 18 19 20 21 22 23 24 25 26 27 28 29 30 31 32 33 34 35 36 37 38 39 40 41 42 43 44 45 46 47 48 49 50 51 52 53 54 55 56 57 58 59 60 61 62 63 64 65 66 67 68 69 70 71 72 73 74 75 76 77 78 79 80 81 82 83 84 85 86 87 88 89 90 91 92 93 94 95 96 97 98 99 100 101 102 103 104 105 106 107 108 109 110 111 112 113 114 115 116 117 118 119 120 121 122 123 124 125 126 127 128 129 130 131 132 133 134 135 136 137 138 139 140 141 142 143 144 145 146 147 148 149 150 151 152 153 154 155 156 157 158 159 160 161 162 163 164 165 166 167 168 169 170 171 172 173 174 175 176 177 178 179 180 181 182 183 184 185 186 187 188 189 190 191 192 193 194 195 196 197 198 199 200 201 202 203 204 205 206 207 208 209 210 211 212 213 214 215 216 217 218 219 220 221 222 223 224 225 226 227 228 229 230 231 232 233 234 235 236 237 238 239 240 241 242 243 244 245 246 247 248 249 250 251 252 253 254 255 256 257 258 259 260 261 262 263 264 265 266 267 268 269 270 271 272 273 274 275 276 277 278 279 280 281 282 283 284 285 286 287 288 289 290 291 292 293 294 295 296 297 298 299 300 301 302 303 304 305 306 307 308 309 310 311 312 313 314 315 316 317 318 319 320 321 322 323 324 325 326 327 328 329 330 331 332 333 334 335 336 337 338 339 340 341 342 343 344 345 346 347 348 349 350 351 352 353 354 355 356 357 358 359 360 361 362 363 364 365 366 367 368 369 370 371 372 373 374 375 376 377 378 379 380 381 382 383 384 385 386 387 388 389 390 391 392 393 394 395 396 397 398 399 400 401 402 403 404 405 406 407 408 409 410 411 412 413 414 415 416 417 418 419 420 421 422 423 424 425 426 427 428 429 430 431 432 433 434 435 436 437 438 439 440 441 442 443 444 445 446 447 448 449 450 451 452 453 454 455 456 457 458 459 460 461 462 463 464 465 466 467 468 469 470 471 472 473 474 475 476 477 478 479 480 481 482 483 484 485 486 487 488 489 490 491 492 493 494 495 496 497 498 499 500 501 502 503 504 505 506 507 508 509 510 511 512 513 514 515 516 517 518 519 520 521 522 523 524 525 526 527 528 529 530 531 532 533 534 535 536 537 538 539 540 541 542 543 544 545 546 547 548 549 550 551 552 553 
 done.
 Now appending opt.xyz file with new structures
 running RMSDs... done.
 E lowest :   -46.44743
 388 structures remain within     6.00 kcal/mol window
 
 
========================================
            MTD Iteration  2
========================================
 
     ========================================
     |         Meta-MD (MTD) Sampling       |
     ========================================
 
Starting Meta-MD   1 with the settings:
     MD time /ps        :    10.0
     dt /fs             :     5.0
     dumpstep(trj) /fs  :     100
     dumpstep(Vbias)/ps :     1.0
     Vbias prefactor(k) :  0.0270
     Vbias exponent(α)  :    1.00
*Meta-MD 1 finished*
Starting Meta-MD   2 with the settings:
     MD time /ps        :    10.0
     dt /fs             :     5.0
     dumpstep(trj) /fs  :     100
     dumpstep(Vbias)/ps :     1.0
     Vbias prefactor(k) :  0.0135
     Vbias exponent(α)  :    1.00
*Meta-MD 2 finished*
Starting Meta-MD   3 with the settings:
     MD time /ps        :    10.0
     dt /fs             :     5.0
     dumpstep(trj) /fs  :     100
     dumpstep(Vbias)/ps :     1.0
     Vbias prefactor(k) :  0.0270
     Vbias exponent(α)  :    0.50
*Meta-MD 3 finished*
Starting Meta-MD   4 with the settings:
     MD time /ps        :    10.0
     dt /fs             :     5.0
     dumpstep(trj) /fs  :     100
     dumpstep(Vbias)/ps :     1.0
     Vbias prefactor(k) :  0.0135
     Vbias exponent(α)  :    0.50
*Meta-MD 4 finished*
 
-----------------------
Multilevel Optimization
-----------------------
 
 -------------------------
 1. crude pre-optimization
 -------------------------
 writing TMPCONF* Dirs from file "crest_rotamers_0.xyz" ... done.
 Starting optimization of generated structures
 396 jobs to do.
 1 2 3 4 5 6 7 8 9 10 11 12 13 14 15 16 17 18 19 20 21 22 23 24 25 26 27 28 29 30 31 32 33 34 35 36 37 38 39 40 41 42 43 44 45 46 47 48 49 50 51 52 53 54 55 56 57 58 59 60 61 62 63 64 65 66 67 68 69 70 71 72 73 74 75 76 77 78 79 80 81 82 83 84 85 86 87 88 89 90 91 92 93 94 95 96 97 98 99 100 101 102 103 104 105 106 107 108 109 110 111 112 113 114 115 116 117 118 119 120 121 122 123 124 125 126 127 128 129 130 131 132 133 134 135 136 137 138 139 140 141 142 143 144 145 146 147 148 149 150 151 152 153 154 155 156 157 158 159 160 161 162 163 164 165 166 167 168 169 170 171 172 173 174 175 176 177 178 179 180 181 182 183 184 185 186 187 188 189 190 191 192 193 194 195 196 197 198 199 200 201 202 203 204 205 206 207 208 209 210 211 212 213 214 215 216 217 218 219 220 221 222 223 224 225 226 227 228 229 230 231 232 233 234 235 236 237 238 239 240 241 242 243 244 245 246 247 248 249 250 251 252 253 254 255 256 257 258 259 260 261 262 263 264 265 266 267 268 269 270 271 272 273 274 275 276 277 278 279 280 281 282 283 284 285 286 287 288 289 290 291 292 293 294 295 296 297 298 299 300 301 302 303 304 305 306 307 308 309 310 311 312 313 314 315 316 317 318 319 320 321 322 323 324 325 326 327 328 329 330 331 332 333 334 335 336 337 338 339 340 341 342 343 344 345 346 347 348 349 350 351 352 353 354 355 356 357 358 359 360 361 362 363 364 365 366 367 368 369 370 371 372 373 374 375 376 377 378 379 380 381 382 383 384 385 386 387 388 389 390 391 392 393 394 395 396 
 done.
 Now appending opt.xyz file with new structures
 running RMSDs... done.
 E lowest :   -46.44701
 346 structures remain within    12.00 kcal/mol window
 
 -------------------------------------
 2. optimization with tight thresholds
 -------------------------------------
 writing TMPCONF* Dirs from file "crest_rotamers_1.xyz" ... done.
 Starting optimization of generated structures
 347 jobs to do.
 1 2 3 4 5 6 7 8 9 10 11 12 13 14 15 16 17 18 19 20 21 22 23 24 25 26 27 28 29 30 31 32 33 34 35 36 37 38 39 40 41 42 43 44 45 46 47 48 49 50 51 52 53 54 55 56 57 58 59 60 61 62 63 64 65 66 67 68 69 70 71 72 73 74 75 76 77 78 79 80 81 82 83 84 85 86 87 88 89 90 91 92 93 94 95 96 97 98 99 100 101 102 103 104 105 106 107 108 109 110 111 112 113 114 115 116 117 118 119 120 121 122 123 124 125 126 127 128 129 130 131 132 133 134 135 136 137 138 139 140 141 142 143 144 145 146 147 148 149 150 151 152 153 154 155 156 157 158 159 160 161 162 163 164 165 166 167 168 169 170 171 172 173 174 175 176 177 178 179 180 181 182 183 184 185 186 187 188 189 190 191 192 193 194 195 196 197 198 199 200 201 202 203 204 205 206 207 208 209 210 211 212 213 214 215 216 217 218 219 220 221 222 223 224 225 226 227 228 229 230 231 232 233 234 235 236 237 238 239 240 241 242 243 244 245 246 247 248 249 250 251 252 253 254 255 256 257 258 259 260 261 262 263 264 265 266 267 268 269 270 271 272 273 274 275 276 277 278 279 280 281 282 283 284 285 286 287 288 289 290 291 292 293 294 295 296 297 298 299 300 301 302 303 304 305 306 307 308 309 310 311 312 313 314 315 316 317 318 319 320 321 322 323 324 325 326 327 328 329 330 331 332 333 334 335 336 337 338 339 340 341 342 343 344 345 346 347 
 done.
 Now appending opt.xyz file with new structures
 running RMSDs... done.
 E lowest :   -46.44743
 236 structures remain within     6.00 kcal/mol window
 
========================================
            MTD Iterations done         
========================================
 Collecting ensmbles.
 running RMSDs... done.
 E lowest :   -46.44743
 571 structures remain within     6.00 kcal/mol window
 
 
 
   ================================================
   |           Final Geometry Optimization        |
   ================================================
 ---------------------
 Ensemble optimization
 ---------------------
 writing TMPCONF* Dirs from file "crest_rotamers_1.xyz" ... done.
 Starting optimization of generated structures
 571 jobs to do.
 1 2 3 4 5 6 7 8 9 10 11 12 13 14 15 16 17 18 19 20 21 22 23 24 25 26 27 28 29 30 31 32 33 34 35 36 37 38 39 40 41 42 43 44 45 46 47 48 49 50 51 52 53 54 55 56 57 58 59 60 61 62 63 64 65 66 67 68 69 70 71 72 73 74 75 76 77 78 79 80 81 82 83 84 85 86 87 88 89 90 91 92 93 94 95 96 97 98 99 100 101 102 103 104 105 106 107 108 109 110 111 112 113 114 115 116 117 118 119 120 121 122 123 124 125 126 127 128 129 130 131 132 133 134 135 136 137 138 139 140 141 142 143 144 145 146 147 148 149 150 151 152 153 154 155 156 157 158 159 160 161 162 163 164 165 166 167 168 169 170 171 172 173 174 175 176 177 178 179 180 181 182 183 184 185 186 187 188 189 190 191 192 193 194 195 196 197 198 199 200 201 202 203 204 205 206 207 208 209 210 211 212 213 214 215 216 217 218 219 220 221 222 223 224 225 226 227 228 229 230 231 232 233 234 235 236 237 238 239 240 241 242 243 244 245 246 247 248 249 250 251 252 253 254 255 256 257 258 259 260 261 262 263 264 265 266 267 268 269 270 271 272 273 274 275 276 277 278 279 280 281 282 283 284 285 286 287 288 289 290 291 292 293 294 295 296 297 298 299 300 301 302 303 304 305 306 307 308 309 310 311 312 313 314 315 316 317 318 319 320 321 322 323 324 325 326 327 328 329 330 331 332 333 334 335 336 337 338 339 340 341 342 343 344 345 346 347 348 349 350 351 352 353 354 355 356 357 358 359 360 361 362 363 364 365 366 367 368 369 370 371 372 373 374 375 376 377 378 379 380 381 382 383 384 385 386 387 388 389 390 391 392 393 394 395 396 397 398 399 400 401 402 403 404 405 406 407 408 409 410 411 412 413 414 415 416 417 418 419 420 421 422 423 424 425 426 427 428 429 430 431 432 433 434 435 436 437 438 439 440 441 442 443 444 445 446 447 448 449 450 451 452 453 454 455 456 457 458 459 460 461 462 463 464 465 466 467 468 469 470 471 472 473 474 475 476 477 478 479 480 481 482 483 484 485 486 487 488 489 490 491 492 493 494 495 496 497 498 499 500 501 502 503 504 505 506 507 508 509 510 511 512 513 514 515 516 517 518 519 520 521 522 523 524 525 526 527 528 529 530 531 532 533 534 535 536 537 538 539 540 541 542 543 544 545 546 547 548 549 550 551 552 553 554 555 556 557 558 559 560 561 562 563 564 565 566 567 568 569 570 571 
 done.
 Now appending opt.xyz file with new structures
 running RMSDs... done.
 E lowest :   -46.44743
 534 structures remain within     6.00 kcal/mol window
 
-------------------------------------
CREGEN - CONFORMER SYMMETRY ANALYSIS
-------------------------------------
 =============================
  # threads =           1
 =============================
 input  file name : crest_rotamers_2.xyz
 output file name : crest_rotamers_3.xyz
 number of atoms                :    27
 number of points on xyz files  :   571
 RMSD threshold                 :   0.1250
 Bconst threshold               :   0.0200
 population threshold           :   0.0500
 conformer energy window  /kcal :   6.0000
 # fragment in coord            :     2
 number of reliable points      :   571
 reference state Etot :  -46.4474294054000
 number of doubles removed by rot/RMSD         :          37
 total number unique points considered further :         534
   Erel/kcal    Etot      weight/tot conformer  set degen    origin
    1   0.000  -46.44743    0.00447    0.51819    1  116     mtd1
    2   0.000  -46.44743    0.00447                          mtd3
    3   0.000  -46.44743    0.00447                          mtd2
    4   0.000  -46.44743    0.00447                          mtd1
    5   0.000  -46.44743    0.00447                          mtd1
    6   0.000  -46.44743    0.00447                          mtd4
    7   0.000  -46.44743    0.00447                          mtd1
    8   0.000  -46.44743    0.00447                          mtd3
    9   0.000  -46.44743    0.00447                          mtd2
   10   0.000  -46.44743    0.00447                          mtd4
   11   0.000  -46.44743    0.00447                          mtd4
   12   0.000  -46.44743    0.00447                          mtd1
   13   0.000  -46.44743    0.00447                          mtd1
   14   0.000  -46.44743    0.00447                          mtd1
   15   0.000  -46.44743    0.00447                          mtd3
   16   0.000  -46.44743    0.00447                          mtd1
   17   0.000  -46.44743    0.00447                          mtd2
   18   0.000  -46.44743    0.00447                          mtd1
   19   0.000  -46.44743    0.00447                          mtd2
   20   0.000  -46.44743    0.00447                          mtd3
   21   0.000  -46.44743    0.00447                          mtd3
   22   0.000  -46.44743    0.00447                          mtd2
   23   0.000  -46.44743    0.00447                          mtd2
   24   0.000  -46.44743    0.00447                          mtd2
   25   0.000  -46.44743    0.00447                          mtd6
   26   0.000  -46.44743    0.00447                          mtd2
   27   0.000  -46.44743    0.00447                          mtd2
   28   0.000  -46.44743    0.00447                          mtd1
   29   0.000  -46.44743    0.00447                          mtd6
   30   0.000  -46.44743    0.00447                          mtd4
   31   0.000  -46.44743    0.00447                          mtd4
   32   0.000  -46.44743    0.00447                          mtd1
   33   0.000  -46.44743    0.00447                          mtd2
   34   0.000  -46.44743    0.00447                          mtd4
   35   0.000  -46.44743    0.00447                          mtd1
   36   0.000  -46.44743    0.00447                          mtd6
   37   0.000  -46.44743    0.00447                          mtd3
   38   0.000  -46.44743    0.00447                          mtd2
   39   0.000  -46.44743    0.00447                          mtd1
   40   0.000  -46.44743    0.00447                          mtd4
   41   0.000  -46.44743    0.00447                          mtd2
   42   0.000  -46.44743    0.00447                          mtd1
   43   0.000  -46.44743    0.00447                          mtd4
   44   0.000  -46.44743    0.00447                          mtd1
   45   0.000  -46.44743    0.00447                          mtd2
   46   0.000  -46.44743    0.00447                          mtd2
   47   0.000  -46.44743    0.00447                          mtd6
   48   0.000  -46.44743    0.00447                          mtd2
   49   0.000  -46.44743    0.00447                          mtd3
   50   0.000  -46.44743    0.00447                          mtd2
   51   0.000  -46.44743    0.00447                          mtd2
   52   0.000  -46.44743    0.00447                          mtd1
   53   0.000  -46.44743    0.00447                          mtd3
   54   0.000  -46.44743    0.00447                          mtd3
   55   0.000  -46.44743    0.00447                          mtd4
   56   0.000  -46.44743    0.00447                          mtd3
   57   0.000  -46.44743    0.00447                          mtd2
   58   0.000  -46.44743    0.00447                          mtd2
   59   0.000  -46.44743    0.00447                          mtd1
   60   0.000  -46.44743    0.00447                          mtd4
   61   0.000  -46.44743    0.00447                          mtd5
   62   0.000  -46.44743    0.00447                          mtd2
   63   0.000  -46.44743    0.00447                          mtd1
   64   0.000  -46.44743    0.00447                          mtd1
   65   0.000  -46.44743    0.00447                          mtd1
   66   0.000  -46.44743    0.00447                          mtd4
   67   0.000  -46.44743    0.00447                          mtd2
   68   0.000  -46.44743    0.00447                          mtd1
   69   0.000  -46.44743    0.00447                          mtd2
   70   0.000  -46.44743    0.00447                          mtd4
   71   0.000  -46.44743    0.00447                          mtd3
   72   0.000  -46.44743    0.00447                          mtd1
   73   0.000  -46.44743    0.00447                          mtd6
   74   0.000  -46.44743    0.00447                          mtd1
   75   0.000  -46.44743    0.00447                          mtd3
   76   0.000  -46.44743    0.00447                          mtd3
   77   0.000  -46.44743    0.00447                          mtd4
   78   0.000  -46.44743    0.00447                          mtd5
   79   0.000  -46.44743    0.00447                          mtd2
   80   0.000  -46.44743    0.00447                          mtd1
   81   0.000  -46.44743    0.00447                          mtd2
   82   0.000  -46.44743    0.00447                          mtd3
   83   0.000  -46.44743    0.00447                          mtd6
   84   0.000  -46.44743    0.00447                          mtd3
   85   0.000  -46.44743    0.00447                          mtd1
   86   0.000  -46.44743    0.00447                          mtd1
   87   0.000  -46.44743    0.00447                          mtd2
   88   0.000  -46.44743    0.00447                          mtd4
   89   0.000  -46.44743    0.00447                          mtd3
   90   0.000  -46.44743    0.00447                          mtd4
   91   0.000  -46.44743    0.00447                          mtd4
   92   0.000  -46.44743    0.00447                          mtd6
   93   0.000  -46.44743    0.00447                          mtd3
   94   0.000  -46.44743    0.00447                          mtd2
   95   0.000  -46.44743    0.00447                          mtd1
   96   0.000  -46.44743    0.00447                          mtd2
   97   0.000  -46.44743    0.00447                          mtd3
   98   0.001  -46.44743    0.00447                          mtd5
   99   0.001  -46.44743    0.00447                          mtd1
  100   0.001  -46.44743    0.00447                          mtd5
  101   0.001  -46.44743    0.00447                          mtd2
  102   0.001  -46.44743    0.00447                          mtd3
  103   0.001  -46.44743    0.00447                          mtd2
  104   0.001  -46.44743    0.00446                          mtd3
  105   0.001  -46.44743    0.00446                          mtd1
  106   0.001  -46.44743    0.00446                          mtd2
  107   0.001  -46.44743    0.00446                          mtd3
  108   0.001  -46.44743    0.00446                          mtd4
  109   0.001  -46.44743    0.00446                          mtd6
  110   0.001  -46.44743    0.00446                          mtd2
  111   0.001  -46.44743    0.00446                          mtd6
  112   0.001  -46.44743    0.00446                          mtd2
  113   0.002  -46.44743    0.00446                          mtd3
  114   0.002  -46.44743    0.00445                          mtd6
  115   0.003  -46.44742    0.00444                          mtd2
  116   0.004  -46.44742    0.00444                          mtd2
  117   0.147  -46.44720    0.00349    0.04171    2   12     mtd2
  118   0.148  -46.44719    0.00349                          mtd1
  119   0.148  -46.44719    0.00348                          mtd1
  120   0.148  -46.44719    0.00348                          mtd6
  121   0.148  -46.44719    0.00348                          mtd4
  122   0.148  -46.44719    0.00348                          mtd3
  123   0.149  -46.44719    0.00348                          mtd4
  124   0.150  -46.44719    0.00347                          mtd2
  125   0.150  -46.44719    0.00347                          mtd2
  126   0.151  -46.44719    0.00347                          mtd4
  127   0.151  -46.44719    0.00347                          mtd1
  128   0.152  -46.44719    0.00346                          mtd3
  129   0.156  -46.44718    0.00344    0.08239    3   24     mtd2
  130   0.156  -46.44718    0.00344                          mtd6
  131   0.156  -46.44718    0.00344                          mtd2
  132   0.156  -46.44718    0.00344                          mtd3
  133   0.156  -46.44718    0.00344                          mtd3
  134   0.156  -46.44718    0.00344                          mtd1
  135   0.156  -46.44718    0.00344                          mtd3
  136   0.156  -46.44718    0.00344                          mtd1
  137   0.156  -46.44718    0.00344                          mtd4
  138   0.156  -46.44718    0.00344                          mtd4
  139   0.156  -46.44718    0.00343                          mtd3
  140   0.156  -46.44718    0.00343                          mtd6
  141   0.156  -46.44718    0.00343                          mtd1
  142   0.156  -46.44718    0.00343                          mtd1
  143   0.156  -46.44718    0.00343                          mtd3
  144   0.156  -46.44718    0.00343                          mtd1
  145   0.156  -46.44718    0.00343                          mtd1
  146   0.156  -46.44718    0.00343                          mtd2
  147   0.156  -46.44718    0.00343                          mtd1
  148   0.157  -46.44718    0.00343                          mtd5
  149   0.157  -46.44718    0.00343                          mtd3
  150   0.158  -46.44718    0.00343                          mtd2
  151   0.158  -46.44718    0.00342                          mtd3
  152   0.158  -46.44718    0.00342                          mtd2
  153   0.284  -46.44698    0.00277    0.01922    4    7     mtd5
  154   0.285  -46.44698    0.00276                          mtd1
  155   0.289  -46.44697    0.00274                          mtd5
  156   0.290  -46.44697    0.00274                          mtd5
  157   0.290  -46.44697    0.00274                          mtd2
  158   0.292  -46.44696    0.00273                          mtd4
  159   0.292  -46.44696    0.00273                          mtd4
  160   0.321  -46.44692    0.00260    0.08574    5   33     mtd3
  161   0.321  -46.44692    0.00260                          mtd3
  162   0.321  -46.44692    0.00260                          mtd5
  163   0.321  -46.44692    0.00260                          mtd5
  164   0.321  -46.44692    0.00260                          mtd4
  165   0.321  -46.44692    0.00260                          mtd3
  166   0.321  -46.44692    0.00260                          mtd3
  167   0.321  -46.44692    0.00260                          mtd3
  168   0.321  -46.44692    0.00260                          mtd5
  169   0.321  -46.44692    0.00260                          mtd2
  170   0.321  -46.44692    0.00260                          mtd4
  171   0.321  -46.44692    0.00260                          mtd6
  172   0.321  -46.44692    0.00260                          mtd4
  173   0.321  -46.44692    0.00260                          mtd3
  174   0.321  -46.44692    0.00260                          mtd2
  175   0.321  -46.44692    0.00260                          mtd4
  176   0.321  -46.44692    0.00260                          mtd4
  177   0.321  -46.44692    0.00260                          mtd3
  178   0.321  -46.44692    0.00260                          mtd4
  179   0.321  -46.44692    0.00260                          mtd1
  180   0.321  -46.44692    0.00260                          mtd4
  181   0.321  -46.44692    0.00260                          mtd4
  182   0.321  -46.44692    0.00260                          mtd3
  183   0.322  -46.44692    0.00260                          mtd3
  184   0.322  -46.44692    0.00260                          mtd1
  185   0.322  -46.44692    0.00260                          mtd4
  186   0.322  -46.44692    0.00260                          mtd2
  187   0.322  -46.44692    0.00260                          mtd1
  188   0.322  -46.44692    0.00260                          mtd1
  189   0.322  -46.44692    0.00260                          mtd3
  190   0.325  -46.44691    0.00259                          mtd1
  191   0.325  -46.44691    0.00258                          mtd2
  192   0.325  -46.44691    0.00258                          mtd1
  193   0.811  -46.44614    0.00114    0.03528    6   31     mtd4
  194   0.811  -46.44614    0.00114                          mtd5
  195   0.811  -46.44614    0.00114                          mtd6
  196   0.811  -46.44614    0.00114                          mtd1
  197   0.811  -46.44614    0.00114                          mtd2
  198   0.811  -46.44614    0.00114                          mtd3
  199   0.811  -46.44614    0.00114                          mtd1
  200   0.811  -46.44614    0.00114                          mtd6
  201   0.811  -46.44614    0.00114                          mtd3
  202   0.811  -46.44614    0.00114                          mtd3
  203   0.811  -46.44614    0.00114                          mtd3
  204   0.811  -46.44614    0.00114                          mtd3
  205   0.811  -46.44614    0.00114                          mtd1
  206   0.811  -46.44614    0.00114                          mtd1
  207   0.811  -46.44614    0.00114                          mtd5
  208   0.811  -46.44614    0.00114                          mtd1
  209   0.811  -46.44614    0.00114                          mtd4
  210   0.811  -46.44614    0.00114                          mtd5
  211   0.811  -46.44614    0.00114                          mtd4
  212   0.811  -46.44614    0.00114                          mtd1
  213   0.811  -46.44614    0.00114                          mtd6
  214   0.811  -46.44614    0.00114                          mtd3
  215   0.811  -46.44614    0.00114                          mtd3
  216   0.811  -46.44614    0.00114                          mtd2
  217   0.811  -46.44614    0.00114                          mtd3
  218   0.812  -46.44614    0.00114                          mtd6
  219   0.812  -46.44614    0.00114                          mtd6
  220   0.812  -46.44614    0.00114                          mtd3
  221   0.812  -46.44613    0.00114                          mtd6
  222   0.813  -46.44613    0.00113                          mtd2
  223   0.813  -46.44613    0.00113                          mtd5
  224   0.904  -46.44599    0.00097    0.04455    7   46     mtd6
  225   0.904  -46.44599    0.00097                          mtd3
  226   0.904  -46.44599    0.00097                          mtd6
  227   0.904  -46.44599    0.00097                          mtd5
  228   0.904  -46.44599    0.00097                          mtd1
  229   0.904  -46.44599    0.00097                          mtd5
  230   0.904  -46.44599    0.00097                          mtd3
  231   0.904  -46.44599    0.00097                          mtd2
  232   0.904  -46.44599    0.00097                          mtd6
  233   0.904  -46.44599    0.00097                          mtd3
  234   0.904  -46.44599    0.00097                          mtd3
  235   0.904  -46.44599    0.00097                          mtd1
  236   0.904  -46.44599    0.00097                          mtd1
  237   0.904  -46.44599    0.00097                          mtd5
  238   0.904  -46.44599    0.00097                          mtd6
  239   0.904  -46.44599    0.00097                          mtd2
  240   0.905  -46.44599    0.00097                          mtd5
  241   0.905  -46.44599    0.00097                          mtd4
  242   0.905  -46.44599    0.00097                          mtd3
  243   0.905  -46.44599    0.00097                          mtd3
  244   0.905  -46.44599    0.00097                          mtd6
  245   0.907  -46.44598    0.00097                          mtd4
  246   0.907  -46.44598    0.00097                          mtd3
  247   0.909  -46.44598    0.00097                          mtd3
  248   0.909  -46.44598    0.00097                          mtd6
  249   0.909  -46.44598    0.00097                          mtd5
  250   0.909  -46.44598    0.00097                          mtd1
  251   0.909  -46.44598    0.00097                          mtd1
  252   0.909  -46.44598    0.00097                          mtd3
  253   0.909  -46.44598    0.00097                          mtd1
  254   0.909  -46.44598    0.00097                          mtd6
  255   0.909  -46.44598    0.00097                          mtd4
  256   0.909  -46.44598    0.00097                          mtd1
  257   0.909  -46.44598    0.00097                          mtd1
  258   0.909  -46.44598    0.00097                          mtd4
  259   0.909  -46.44598    0.00097                          mtd2
  260   0.909  -46.44598    0.00097                          mtd5
  261   0.909  -46.44598    0.00097                          mtd5
  262   0.909  -46.44598    0.00096                          mtd6
  263   0.909  -46.44598    0.00096                          mtd1
  264   0.909  -46.44598    0.00096                          mtd1
  265   0.910  -46.44598    0.00096                          mtd1
  266   0.910  -46.44598    0.00096                          mtd2
  267   0.910  -46.44598    0.00096                          mtd1
  268   0.910  -46.44598    0.00096                          mtd4
  269   0.914  -46.44597    0.00096                          mtd1
  270   0.922  -46.44596    0.00094    0.00094    8    1     mtd3
  271   0.963  -46.44590    0.00088    0.04228    9   48     mtd4
  272   0.963  -46.44590    0.00088                          mtd1
  273   0.963  -46.44590    0.00088                          mtd5
  274   0.963  -46.44590    0.00088                          mtd5
  275   0.963  -46.44590    0.00088                          mtd1
  276   0.963  -46.44590    0.00088                          mtd3
  277   0.963  -46.44590    0.00088                          mtd5
  278   0.963  -46.44590    0.00088                          mtd3
  279   0.963  -46.44590    0.00088                          mtd6
  280   0.963  -46.44590    0.00088                          mtd5
  281   0.963  -46.44590    0.00088                          mtd3
  282   0.963  -46.44590    0.00088                          mtd5
  283   0.963  -46.44590    0.00088                          mtd3
  284   0.963  -46.44590    0.00088                          mtd1
  285   0.963  -46.44590    0.00088                          mtd2
  286   0.963  -46.44590    0.00088                          mtd4
  287   0.963  -46.44590    0.00088                          mtd3
  288   0.963  -46.44590    0.00088                          mtd4
  289   0.963  -46.44590    0.00088                          mtd6
  290   0.963  -46.44590    0.00088                          mtd3
  291   0.963  -46.44590    0.00088                          mtd2
  292   0.963  -46.44590    0.00088                          mtd1
  293   0.963  -46.44590    0.00088                          mtd1
  294   0.963  -46.44590    0.00088                          mtd2
  295   0.963  -46.44590    0.00088                          mtd3
  296   0.963  -46.44590    0.00088                          mtd3
  297   0.963  -46.44590    0.00088                          mtd4
  298   0.963  -46.44590    0.00088                          mtd4
  299   0.963  -46.44589    0.00088                          mtd6
  300   0.963  -46.44589    0.00088                          mtd3
  301   0.963  -46.44589    0.00088                          mtd5
  302   0.963  -46.44589    0.00088                          mtd4
  303   0.963  -46.44589    0.00088                          mtd3
  304   0.963  -46.44589    0.00088                          mtd1
  305   0.963  -46.44589    0.00088                          mtd6
  306   0.964  -46.44589    0.00088                          mtd5
  307   0.964  -46.44589    0.00088                          mtd6
  308   0.964  -46.44589    0.00088                          mtd5
  309   0.964  -46.44589    0.00088                          mtd5
  310   0.964  -46.44589    0.00088                          mtd6
  311   0.964  -46.44589    0.00088                          mtd1
  312   0.964  -46.44589    0.00088                          mtd1
  313   0.964  -46.44589    0.00088                          mtd4
  314   0.964  -46.44589    0.00088                          mtd1
  315   0.964  -46.44589    0.00088                          mtd6
  316   0.965  -46.44589    0.00088                          mtd2
  317   0.967  -46.44589    0.00088                          mtd2
  318   0.968  -46.44589    0.00087                          mtd1
  319   1.002  -46.44583    0.00083    0.04537   10   55     mtd5
  320   1.002  -46.44583    0.00083                          mtd4
  321   1.002  -46.44583    0.00083                          mtd2
  322   1.002  -46.44583    0.00083                          mtd3
  323   1.002  -46.44583    0.00083                          mtd5
  324   1.002  -46.44583    0.00083                          mtd1
  325   1.002  -46.44583    0.00083                          mtd3
  326   1.002  -46.44583    0.00083                          mtd2
  327   1.002  -46.44583    0.00083                          mtd3
  328   1.002  -46.44583    0.00083                          mtd1
  329   1.002  -46.44583    0.00083                          mtd3
  330   1.002  -46.44583    0.00083                          mtd1
  331   1.002  -46.44583    0.00083                          mtd1
  332   1.002  -46.44583    0.00083                          mtd5
  333   1.002  -46.44583    0.00083                          mtd1
  334   1.002  -46.44583    0.00083                          mtd4
  335   1.002  -46.44583    0.00083                          mtd4
  336   1.002  -46.44583    0.00083                          mtd4
  337   1.002  -46.44583    0.00083                          mtd2
  338   1.002  -46.44583    0.00083                          mtd1
  339   1.002  -46.44583    0.00083                          mtd3
  340   1.002  -46.44583    0.00083                          mtd5
  341   1.002  -46.44583    0.00083                          mtd3
  342   1.002  -46.44583    0.00083                          mtd2
  343   1.002  -46.44583    0.00083                          mtd3
  344   1.002  -46.44583    0.00083                          mtd6
  345   1.002  -46.44583    0.00083                          mtd1
  346   1.002  -46.44583    0.00083                          mtd1
  347   1.002  -46.44583    0.00083                          mtd4
  348   1.002  -46.44583    0.00083                          mtd2
  349   1.002  -46.44583    0.00083                          mtd2
  350   1.002  -46.44583    0.00083                          mtd4
  351   1.002  -46.44583    0.00083                          mtd3
  352   1.002  -46.44583    0.00083                          mtd4
  353   1.002  -46.44583    0.00083                          mtd4
  354   1.002  -46.44583    0.00083                          mtd3
  355   1.002  -46.44583    0.00083                          mtd5
  356   1.002  -46.44583    0.00083                          mtd4
  357   1.002  -46.44583    0.00083                          mtd6
  358   1.002  -46.44583    0.00082                          mtd4
  359   1.002  -46.44583    0.00082                          mtd1
  360   1.002  -46.44583    0.00082                          mtd2
  361   1.002  -46.44583    0.00082                          mtd5
  362   1.002  -46.44583    0.00082                          mtd4
  363   1.003  -46.44583    0.00082                          mtd3
  364   1.003  -46.44583    0.00082                          mtd3
  365   1.003  -46.44583    0.00082                          mtd6
  366   1.003  -46.44583    0.00082                          mtd4
  367   1.003  -46.44583    0.00082                          mtd6
  368   1.003  -46.44583    0.00082                          mtd2
  369   1.004  -46.44583    0.00082                          mtd2
  370   1.004  -46.44583    0.00082                          mtd5
  371   1.004  -46.44583    0.00082                          mtd5
  372   1.004  -46.44583    0.00082                          mtd1
  373   1.004  -46.44583    0.00082                          mtd3
  374   1.118  -46.44565    0.00068    0.00339   11    5     mtd3
  375   1.119  -46.44565    0.00068                          mtd3
  376   1.119  -46.44565    0.00068                          mtd3
  377   1.120  -46.44564    0.00068                          mtd6
  378   1.120  -46.44564    0.00068                          mtd4
  379   1.123  -46.44564    0.00067    0.00134   12    2     mtd4
  380   1.126  -46.44564    0.00067                          mtd3
  381   1.258  -46.44543    0.00054    0.02894   13   54     mtd1
  382   1.258  -46.44543    0.00054                          mtd1
  383   1.258  -46.44543    0.00054                          mtd5
  384   1.258  -46.44543    0.00054                          mtd1
  385   1.258  -46.44543    0.00054                          mtd4
  386   1.258  -46.44543    0.00054                          mtd4
  387   1.258  -46.44543    0.00054                          mtd2
  388   1.258  -46.44543    0.00054                          mtd4
  389   1.258  -46.44543    0.00054                          mtd3
  390   1.258  -46.44543    0.00054                          mtd6
  391   1.258  -46.44543    0.00054                          mtd3
  392   1.258  -46.44543    0.00054                          mtd4
  393   1.258  -46.44543    0.00054                          mtd6
  394   1.258  -46.44543    0.00054                          mtd3
  395   1.258  -46.44543    0.00054                          mtd2
  396   1.258  -46.44543    0.00054                          mtd4
  397   1.258  -46.44543    0.00054                          mtd6
  398   1.258  -46.44543    0.00054                          mtd4
  399   1.258  -46.44543    0.00054                          mtd4
  400   1.258  -46.44543    0.00054                          mtd4
  401   1.258  -46.44543    0.00054                          mtd4
  402   1.258  -46.44543    0.00054                          mtd2
  403   1.258  -46.44543    0.00054                          mtd6
  404   1.258  -46.44543    0.00054                          mtd3
  405   1.258  -46.44543    0.00054                          mtd2
  406   1.258  -46.44543    0.00054                          mtd4
  407   1.258  -46.44543    0.00054                          mtd1
  408   1.258  -46.44543    0.00054                          mtd3
  409   1.258  -46.44543    0.00054                          input
  410   1.258  -46.44543    0.00054                          mtd3
  411   1.258  -46.44543    0.00054                          mtd3
  412   1.258  -46.44543    0.00054                          mtd5
  413   1.258  -46.44543    0.00054                          mtd5
  414   1.258  -46.44543    0.00054                          mtd2
  415   1.258  -46.44543    0.00054                          mtd1
  416   1.258  -46.44543    0.00054                          mtd3
  417   1.258  -46.44543    0.00054                          mtd3
  418   1.258  -46.44542    0.00054                          mtd4
  419   1.258  -46.44542    0.00054                          mtd3
  420   1.258  -46.44542    0.00054                          mtd5
  421   1.258  -46.44542    0.00054                          mtd1
  422   1.258  -46.44542    0.00054                          mtd6
  423   1.258  -46.44542    0.00054                          mtd5
  424   1.258  -46.44542    0.00054                          mtd1
  425   1.258  -46.44542    0.00054                          mtd1
  426   1.258  -46.44542    0.00054                          mtd2
  427   1.258  -46.44542    0.00054                          mtd4
  428   1.258  -46.44542    0.00054                          mtd3
  429   1.258  -46.44542    0.00054                          mtd5
  430   1.258  -46.44542    0.00054                          mtd4
  431   1.259  -46.44542    0.00054                          mtd5
  432   1.259  -46.44542    0.00054                          mtd1
  433   1.259  -46.44542    0.00054                          mtd1
  434   1.259  -46.44542    0.00053                          mtd1
  435   1.259  -46.44542    0.00053    0.02138   14   40     mtd1
  436   1.259  -46.44542    0.00053                          mtd4
  437   1.259  -46.44542    0.00053                          mtd3
  438   1.259  -46.44542    0.00053                          mtd6
  439   1.259  -46.44542    0.00053                          mtd3
  440   1.259  -46.44542    0.00053                          mtd4
  441   1.259  -46.44542    0.00053                          mtd6
  442   1.259  -46.44542    0.00053                          mtd5
  443   1.259  -46.44542    0.00053                          mtd2
  444   1.259  -46.44542    0.00053                          mtd1
  445   1.259  -46.44542    0.00053                          mtd1
  446   1.259  -46.44542    0.00053                          mtd5
  447   1.259  -46.44542    0.00053                          mtd5
  448   1.259  -46.44542    0.00053                          mtd2
  449   1.259  -46.44542    0.00053                          mtd3
  450   1.259  -46.44542    0.00053                          mtd1
  451   1.259  -46.44542    0.00053                          mtd1
  452   1.259  -46.44542    0.00053                          mtd2
  453   1.259  -46.44542    0.00053                          mtd1
  454   1.259  -46.44542    0.00053                          mtd1
  455   1.259  -46.44542    0.00053                          mtd2
  456   1.259  -46.44542    0.00053                          mtd1
  457   1.259  -46.44542    0.00053                          mtd4
  458   1.259  -46.44542    0.00053                          mtd1
  459   1.259  -46.44542    0.00053                          mtd5
  460   1.259  -46.44542    0.00053                          mtd1
  461   1.259  -46.44542    0.00053                          mtd1
  462   1.259  -46.44542    0.00053                          mtd5
  463   1.259  -46.44542    0.00053                          mtd3
  464   1.260  -46.44542    0.00053                          mtd1
  465   1.260  -46.44542    0.00053                          mtd4
  466   1.260  -46.44542    0.00053                          mtd4
  467   1.260  -46.44542    0.00053                          mtd2
  468   1.260  -46.44542    0.00053                          mtd6
  469   1.260  -46.44542    0.00053                          mtd5
  470   1.260  -46.44542    0.00053                          mtd1
  471   1.260  -46.44542    0.00053                          mtd3
  472   1.260  -46.44542    0.00053                          mtd6
  473   1.264  -46.44542    0.00053                          mtd6
  474   1.266  -46.44541    0.00053                          mtd1
  475   1.267  -46.44541    0.00053    0.02572   15   49     mtd2
  476   1.267  -46.44541    0.00053                          mtd3
  477   1.267  -46.44541    0.00053                          mtd6
  478   1.267  -46.44541    0.00053                          mtd4
  479   1.267  -46.44541    0.00053                          mtd5
  480   1.267  -46.44541    0.00053                          mtd1
  481   1.267  -46.44541    0.00053                          mtd3
  482   1.267  -46.44541    0.00053                          mtd5
  483   1.267  -46.44541    0.00053                          mtd5
  484   1.268  -46.44541    0.00053                          mtd3
  485   1.268  -46.44541    0.00053                          mtd3
  486   1.268  -46.44541    0.00053                          mtd4
  487   1.268  -46.44541    0.00053                          mtd3
  488   1.268  -46.44541    0.00053                          mtd1
  489   1.268  -46.44541    0.00053                          mtd1
  490   1.268  -46.44541    0.00053                          mtd3
  491   1.268  -46.44541    0.00053                          mtd3
  492   1.268  -46.44541    0.00053                          mtd3
  493   1.268  -46.44541    0.00053                          mtd6
  494   1.268  -46.44541    0.00053                          mtd3
  495   1.268  -46.44541    0.00053                          mtd5
  496   1.268  -46.44541    0.00053                          mtd3
  497   1.268  -46.44541    0.00053                          mtd3
  498   1.268  -46.44541    0.00053                          mtd6
  499   1.269  -46.44541    0.00053                          mtd6
  500   1.269  -46.44541    0.00053                          mtd3
  501   1.269  -46.44541    0.00053                          mtd1
  502   1.269  -46.44541    0.00053                          mtd3
  503   1.269  -46.44541    0.00053                          mtd5
  504   1.270  -46.44541    0.00053                          mtd4
  505   1.270  -46.44541    0.00053                          mtd3
  506   1.270  -46.44541    0.00053                          mtd3
  507   1.270  -46.44541    0.00052                          mtd5
  508   1.270  -46.44541    0.00052                          mtd5
  509   1.270  -46.44541    0.00052                          mtd5
  510   1.270  -46.44540    0.00052                          mtd5
  511   1.271  -46.44540    0.00052                          mtd3
  512   1.271  -46.44540    0.00052                          mtd3
  513   1.271  -46.44540    0.00052                          mtd3
  514   1.271  -46.44540    0.00052                          mtd5
  515   1.272  -46.44540    0.00052                          mtd3
  516   1.274  -46.44540    0.00052                          mtd3
  517   1.274  -46.44540    0.00052                          mtd1
  518   1.275  -46.44540    0.00052                          mtd6
  519   1.277  -46.44540    0.00052                          mtd4
  520   1.277  -46.44539    0.00052                          mtd3
  521   1.280  -46.44539    0.00052                          mtd4
  522   1.280  -46.44539    0.00052                          mtd3
  523   1.285  -46.44538    0.00051                          mtd4
  524   1.420  -46.44517    0.00041    0.00081   16    2     mtd6
  525   1.426  -46.44516    0.00040                          mtd4
  526   1.498  -46.44504    0.00036    0.00107   17    3     mtd2
  527   1.498  -46.44504    0.00036                          mtd1
  528   1.499  -46.44504    0.00036                          mtd4
  529   1.499  -46.44504    0.00036    0.00071   18    2     mtd3
  530   1.501  -46.44504    0.00036                          mtd2
  531   1.586  -46.44490    0.00031    0.00031   19    1     mtd4
  532   1.791  -46.44458    0.00022    0.00065   20    3     mtd3
  533   1.794  -46.44457    0.00022                          mtd4
  534   1.795  -46.44457    0.00022                          mtd3
T /K                                  :   298.15
E lowest                              :   -46.44743
ensemble average energy (kcal)        :    0.315
ensemble entropy (J/mol K, cal/mol K) :   49.406   11.808
ensemble free energy (kcal/mol)       :   -3.521
population of lowest in %             :   51.819
 number of unique conformers for further calc           20
   1       0.000
   2       0.147
   3       0.156
   4       0.284
   5       0.321
   6       0.811
   7       0.904
   8       0.922
   9       0.963
  10       1.002
  11       1.118
  12       1.123
  13       1.258
  14       1.259
  15       1.267
  16       1.420
  17       1.498
  18       1.499
  19       1.586
  20       1.791
 Normal termination.
 
 -----------------
 Wall Time Summary
 -----------------
             test MD wall time :         0h : 0m : 9s
                 MTD wall time :         0h :15m :30s
      multilevel OPT wall time :         0h :47m : 5s
--------------------
Overall wall time  : 1h : 8m :57s
 
 CREST terminated normally.
