 
       ==============================================
       |                                            |
       |                 C R E S T                  |
       |                                            |
       |  Conformer-Rotamer Ensemble Sampling Tool  |
       |        based on the GFN-xTB method         |
       |             S.Grimme, P.Pracht             |
       |          Universitaet Bonn, MCTC           |
       ==============================================
       Version 2.7.1, Wed 17. Jul 11:21:59 CEST 2019
       Using the GFN-xTB code.
       Compatible with XTB version 6.1 and later.
 
       Cite work conducted with this code as
       S. Grimme, C. Bannwarth, S. Dohm, A. Hansen,
       J. Pisarek, P. Pracht, J. Seibert, F. Neese,
       Angew. Chem. Int. Ed., 2017, 56, 14763-14769

       For the MTD(RMSD)-version (-v2)

       S. Grimme, JCTC, 2019, 15, 2847-2862

       P. Pracht, S. Grimme, in preparation
 
  -nci  : Special NCI mode for non-covalently bound complexes or clusters.
  -gfn1 :
     Use of GFN-xTB requested.
  Automatically generated ellipsoide potential for NCI mode:
> $wall
>   potential=polynomial
>   ellipsoid: 15.35950562634362, 13.96545393494889, 12.90842108422467, all
 
 =============================
  # threads =          12
 =============================
 
 
------------------------------------------------
Generating MTD length from a flexibility measure
------------------------------------------------
 flexibility measure :   1.000
 t(MTD) / ps    :     8.0
 Σ(t(MTD)) / ps :    32.0 (+    16.0)
 
-------------------------------------
Starting a trial MTD to test settings
-------------------------------------
 Success!
 Estimated runtime for one MTD (8.0 ps) on a single thread: 7 min 4 sec
 Estimated runtime for a batch of 6 MTDs on 12 threads: 3 min 32 sec
 
 list of Vbias parameters applied:
$metadyn    0.00100   1.000
$metadyn    0.00050   1.000
$metadyn    0.00100   0.500
$metadyn    0.00050   0.500
$metadyn    0.00100   0.250
$metadyn    0.00050   0.250
 
*******************************************************************************************
**                        N E W    I T E R A T I O N    C Y C L E                        **
*******************************************************************************************
 
========================================
            MTD Iteration  1
========================================
 
     ========================================
     |         Meta-MD (MTD) Sampling       |
     ========================================
 
Starting Meta-MD   6 with the settings:
     MD time /ps        :     8.0
     dt /fs             :     5.0
     dumpstep(trj) /fs  :     100
     dumpstep(Vbias)/ps :     1.0
     Vbias prefactor(k) :  0.0120
     Vbias exponent(α)  :    0.25
Starting Meta-MD   1 with the settings:
     MD time /ps        :     8.0
     dt /fs             :     5.0
     dumpstep(trj) /fs  :     100
     dumpstep(Vbias)/ps :     1.0
     Vbias prefactor(k) :  0.0240
     Vbias exponent(α)  :    1.00
Starting Meta-MD   2 with the settings:
     MD time /ps        :     8.0
     dt /fs             :     5.0
     dumpstep(trj) /fs  :     100
     dumpstep(Vbias)/ps :     1.0
     Vbias prefactor(k) :  0.0120
     Vbias exponent(α)  :    1.00
Starting Meta-MD   3 with the settings:
     MD time /ps        :     8.0
     dt /fs             :     5.0
     dumpstep(trj) /fs  :     100
     dumpstep(Vbias)/ps :     1.0
     Vbias prefactor(k) :  0.0240
     Vbias exponent(α)  :    0.50
Starting Meta-MD   4 with the settings:
     MD time /ps        :     8.0
     dt /fs             :     5.0
     dumpstep(trj) /fs  :     100
     dumpstep(Vbias)/ps :     1.0
     Vbias prefactor(k) :  0.0120
     Vbias exponent(α)  :    0.50
Starting Meta-MD   5 with the settings:
     MD time /ps        :     8.0
     dt /fs             :     5.0
     dumpstep(trj) /fs  :     100
     dumpstep(Vbias)/ps :     1.0
     Vbias prefactor(k) :  0.0240
     Vbias exponent(α)  :    0.25
*Meta-MD 1 finished*
*Meta-MD 5 finished*
*Meta-MD 2 finished*
*Meta-MD 4 finished*
*Meta-MD 6 finished*
*Meta-MD 3 finished*
 
-----------------------
Multilevel Optimization
-----------------------
 
 -------------------------
 1. crude pre-optimization
 -------------------------
 writing TMPCONF* Dirs from file "crest_rotamers_0.xyz" ... done.
 Starting optimization of generated structures
 474 jobs to do.
 1 2 3 4 5 6 7 8 9 10 11 12 13 14 15 16 17 18 19 20 21 22 23 24 25 26 27 28 29 30 31 32 33 34 35 36 37 38 39 40 41 42 43 44 45 46 47 48 49 50 51 52 53 54 55 56 57 58 59 60 61 62 63 64 65 66 67 68 69 70 71 72 73 74 75 76 77 78 79 80 81 82 83 84 85 86 87 88 89 90 91 92 93 94 95 96 97 98 99 100 101 102 103 104 105 106 107 108 109 110 111 112 113 114 115 116 117 118 119 120 121 122 123 124 125 126 127 128 129 130 131 132 133 134 135 136 137 138 139 140 141 142 143 144 145 146 147 148 149 150 151 152 153 154 155 156 157 158 159 160 161 162 163 164 165 166 167 168 169 170 171 172 173 174 175 176 177 178 179 180 181 182 183 184 185 186 187 188 189 190 191 192 193 194 195 196 197 198 199 200 201 202 203 204 205 206 207 208 209 210 211 212 213 214 215 216 217 218 219 220 221 222 223 224 225 226 227 228 229 230 231 232 233 234 235 236 237 238 239 240 241 242 243 244 245 246 247 248 249 250 251 252 253 254 255 256 257 258 259 260 261 262 263 264 265 266 267 268 269 270 271 272 273 274 275 276 277 278 279 280 281 282 283 284 285 286 287 288 289 290 291 292 293 294 295 296 297 298 299 300 301 302 303 304 305 306 307 308 309 310 311 312 313 314 315 316 317 318 319 320 321 322 323 324 325 326 327 328 329 330 331 332 333 334 335 336 337 338 339 340 341 342 343 344 345 346 347 348 349 350 351 352 353 354 355 356 357 358 359 360 361 362 363 364 365 366 367 368 369 370 371 372 373 374 375 376 377 378 379 380 381 382 383 384 385 386 387 388 389 390 391 392 393 394 395 396 397 398 399 400 401 402 403 404 405 406 407 408 409 410 411 412 413 414 415 416 417 418 419 420 421 422 423 424 425 426 427 428 429 430 431 432 433 434 435 436 437 438 439 440 441 442 443 444 445 446 447 448 449 450 451 452 453 454 455 456 457 458 459 460 461 462 463 464 465 466 467 468 469 470 471 472 473 474 
 done.
 Now appending opt.xyz file with new structures
 running RMSDs... done.
 E lowest :   -47.13210
 430 structures remain within    12.00 kcal/mol window
 
 -------------------------------------
 2. optimization with tight thresholds
 -------------------------------------
 writing TMPCONF* Dirs from file "crest_rotamers_1.xyz" ... done.
 Starting optimization of generated structures
 431 jobs to do.
 1 2 3 4 5 6 7 8 9 10 11 12 13 14 15 16 17 18 19 20 21 22 23 24 25 26 27 28 29 30 31 32 33 34 35 36 37 38 39 40 41 42 43 44 45 46 47 48 49 50 51 52 53 54 55 56 57 58 59 60 61 62 63 64 65 66 67 68 69 70 71 72 73 74 75 76 77 78 79 80 81 82 83 84 85 86 87 88 89 90 91 92 93 94 95 96 97 98 99 100 101 102 103 104 105 106 107 108 109 110 111 112 113 114 115 116 117 118 119 120 121 122 123 124 125 126 127 128 129 130 131 132 133 134 135 136 137 138 139 140 141 142 143 144 145 146 147 148 149 150 151 152 153 154 155 156 157 158 159 160 161 162 163 164 165 166 167 168 169 170 171 172 173 174 175 176 177 178 179 180 181 182 183 184 185 186 187 188 189 190 191 192 193 194 195 196 197 198 199 200 201 202 203 204 205 206 207 208 209 210 211 212 213 214 215 216 217 218 219 220 221 222 223 224 225 226 227 228 229 230 231 232 233 234 235 236 237 238 239 240 241 242 243 244 245 246 247 248 249 250 251 252 253 254 255 256 257 258 259 260 261 262 263 264 265 266 267 268 269 270 271 272 273 274 275 276 277 278 279 280 281 282 283 284 285 286 287 288 289 290 291 292 293 294 295 296 297 298 299 300 301 302 303 304 305 306 307 308 309 310 311 312 313 314 315 316 317 318 319 320 321 322 323 324 325 326 327 328 329 330 331 332 333 334 335 336 337 338 339 340 341 342 343 344 345 346 347 348 349 350 351 352 353 354 355 356 357 358 359 360 361 362 363 364 365 366 367 368 369 370 371 372 373 374 375 376 377 378 379 380 381 382 383 384 385 386 387 388 389 390 391 392 393 394 395 396 397 398 399 400 401 402 403 404 405 406 407 408 409 410 411 412 413 414 415 416 417 418 419 420 421 422 423 424 425 426 427 428 429 430 431 
 done.
 Now appending opt.xyz file with new structures
 running RMSDs... done.
 E lowest :   -47.13249
 282 structures remain within     6.00 kcal/mol window
 
 
========================================
            MTD Iteration  2
========================================
 
     ========================================
     |         Meta-MD (MTD) Sampling       |
     ========================================
 
Starting Meta-MD   1 with the settings:
     MD time /ps        :     8.0
     dt /fs             :     5.0
     dumpstep(trj) /fs  :     100
     dumpstep(Vbias)/ps :     1.0
     Vbias prefactor(k) :  0.0240
     Vbias exponent(α)  :    1.00
Starting Meta-MD   4 with the settings:
     MD time /ps        :     8.0
     dt /fs             :     5.0
     dumpstep(trj) /fs  :     100
     dumpstep(Vbias)/ps :     1.0
     Vbias prefactor(k) :  0.0120
     Vbias exponent(α)  :    0.50
Starting Meta-MD   2 with the settings:
     MD time /ps        :     8.0
     dt /fs             :     5.0
     dumpstep(trj) /fs  :     100
     dumpstep(Vbias)/ps :     1.0
     Vbias prefactor(k) :  0.0120
     Vbias exponent(α)  :    1.00
Starting Meta-MD   3 with the settings:
     MD time /ps        :     8.0
     dt /fs             :     5.0
     dumpstep(trj) /fs  :     100
     dumpstep(Vbias)/ps :     1.0
     Vbias prefactor(k) :  0.0240
     Vbias exponent(α)  :    0.50
*Meta-MD 4 finished*
*Meta-MD 2 finished*
*Meta-MD 1 finished*
*Meta-MD 3 finished*
 
-----------------------
Multilevel Optimization
-----------------------
 
 -------------------------
 1. crude pre-optimization
 -------------------------
 writing TMPCONF* Dirs from file "crest_rotamers_0.xyz" ... done.
 Starting optimization of generated structures
 316 jobs to do.
 1 2 3 4 5 6 7 8 9 10 11 12 13 14 15 16 17 18 19 20 21 22 23 24 25 26 27 28 29 30 31 32 33 34 35 36 37 38 39 40 41 42 43 44 45 46 47 48 49 50 51 52 53 54 55 56 57 58 59 60 61 62 63 64 65 66 67 68 69 70 71 72 73 74 75 76 77 78 79 80 81 82 83 84 85 86 87 88 89 90 91 92 93 94 95 96 97 98 99 100 101 102 103 104 105 106 107 108 109 110 111 112 113 114 115 116 117 118 119 120 121 122 123 124 125 126 127 128 129 130 131 132 133 134 135 136 137 138 139 140 141 142 143 144 145 146 147 148 149 150 151 152 153 154 155 156 157 158 159 160 161 162 163 164 165 166 167 168 169 170 171 172 173 174 175 176 177 178 179 180 181 182 183 184 185 186 187 188 189 190 191 192 193 194 195 196 197 198 199 200 201 202 203 204 205 206 207 208 209 210 211 212 213 214 215 216 217 218 219 220 221 222 223 224 225 226 227 228 229 230 231 232 233 234 235 236 237 238 239 240 241 242 243 244 245 246 247 248 249 250 251 252 253 254 255 256 257 258 259 260 261 262 263 264 265 266 267 268 269 270 271 272 273 274 275 276 277 278 279 280 281 282 283 284 285 286 287 288 289 290 291 292 293 294 295 296 297 298 299 300 301 302 303 304 305 306 307 308 309 310 311 312 313 314 315 316 
 done.
 Now appending opt.xyz file with new structures
 running RMSDs... done.
 E lowest :   -47.13209
 252 structures remain within    12.00 kcal/mol window
 
 -------------------------------------
 2. optimization with tight thresholds
 -------------------------------------
 writing TMPCONF* Dirs from file "crest_rotamers_1.xyz" ... done.
 Starting optimization of generated structures
 253 jobs to do.
 1 2 3 4 5 6 7 8 9 10 11 12 13 14 15 16 17 18 19 20 21 22 23 24 25 26 27 28 29 30 31 32 33 34 35 36 37 38 39 40 41 42 43 44 45 46 47 48 49 50 51 52 53 54 55 56 57 58 59 60 61 62 63 64 65 66 67 68 69 70 71 72 73 74 75 76 77 78 79 80 81 82 83 84 85 86 87 88 89 90 91 92 93 94 95 96 97 98 99 100 101 102 103 104 105 106 107 108 109 110 111 112 113 114 115 116 117 118 119 120 121 122 123 124 125 126 127 128 129 130 131 132 133 134 135 136 137 138 139 140 141 142 143 144 145 146 147 148 149 150 151 152 153 154 155 156 157 158 159 160 161 162 163 164 165 166 167 168 169 170 171 172 173 174 175 176 177 178 179 180 181 182 183 184 185 186 187 188 189 190 191 192 193 194 195 196 197 198 199 200 201 202 203 204 205 206 207 208 209 210 211 212 213 214 215 216 217 218 219 220 221 222 223 224 225 226 227 228 229 230 231 232 233 234 235 236 237 238 239 240 241 242 243 244 245 246 247 248 249 250 251 252 253 
 done.
 Now appending opt.xyz file with new structures
 running RMSDs... done.
 E lowest :   -47.13249
 152 structures remain within     6.00 kcal/mol window
 
========================================
            MTD Iterations done         
========================================
 Collecting ensmbles.
 running RMSDs... done.
 E lowest :   -47.13249
 402 structures remain within     6.00 kcal/mol window
 
 
 
   ================================================
   |           Final Geometry Optimization        |
   ================================================
 ---------------------
 Ensemble optimization
 ---------------------
 writing TMPCONF* Dirs from file "crest_rotamers_1.xyz" ... done.
 Starting optimization of generated structures
 402 jobs to do.
 1 2 3 4 5 6 7 8 9 10 11 12 13 14 15 16 17 18 19 20 21 22 23 24 25 26 27 28 29 30 31 32 33 34 35 36 37 38 39 40 41 42 43 44 45 46 47 48 49 50 51 52 53 54 55 56 57 58 59 60 61 62 63 64 65 66 67 68 69 70 71 72 73 74 75 76 77 78 79 80 81 82 83 84 85 86 87 88 89 90 91 92 93 94 95 96 97 98 99 100 101 102 103 104 105 106 107 108 109 110 111 112 113 114 115 116 117 118 119 120 121 122 123 124 125 126 127 128 129 130 131 132 133 134 135 136 137 138 139 140 141 142 143 144 145 146 147 148 149 150 151 152 153 154 155 156 157 158 159 160 161 162 163 164 165 166 167 168 169 170 171 172 173 174 175 176 177 178 179 180 181 182 183 184 185 186 187 188 189 190 191 192 193 194 195 196 197 198 199 200 201 202 203 204 205 206 207 208 209 210 211 212 213 214 215 216 217 218 219 220 221 222 223 224 225 226 227 228 229 230 231 232 233 234 235 236 237 238 239 240 241 242 243 244 245 246 247 248 249 250 251 252 253 254 255 256 257 258 259 260 261 262 263 264 265 266 267 268 269 270 271 272 273 274 275 276 277 278 279 280 281 282 283 284 285 286 287 288 289 290 291 292 293 294 295 296 297 298 299 300 301 302 303 304 305 306 307 308 309 310 311 312 313 314 315 316 317 318 319 320 321 322 323 324 325 326 327 328 329 330 331 332 333 334 335 336 337 338 339 340 341 342 343 344 345 346 347 348 349 350 351 352 353 354 355 356 357 358 359 360 361 362 363 364 365 366 367 368 369 370 371 372 373 374 375 376 377 378 379 380 381 382 383 384 385 386 387 388 389 390 391 392 393 394 395 396 397 398 399 400 401 402 
 done.
 Now appending opt.xyz file with new structures
 running RMSDs... done.
 E lowest :   -47.13249
 398 structures remain within     6.00 kcal/mol window
 
-------------------------------------
CREGEN - CONFORMER SYMMETRY ANALYSIS
-------------------------------------
 =============================
  # threads =          12
 =============================
 input  file name : crest_rotamers_2.xyz
 output file name : crest_rotamers_3.xyz
 number of atoms                :    24
 number of points on xyz files  :   402
 RMSD threshold                 :   0.1250
 Bconst threshold               :   0.0200
 population threshold           :   0.0500
 conformer energy window  /kcal :   6.0000
 # fragment in coord            :     2
 number of reliable points      :   402
 reference state Etot :  -47.1324907876000
 number of doubles removed by rot/RMSD         :           4
 total number unique points considered further :         398
   Erel/kcal    Etot      weight/tot conformer  set degen    origin
    1   0.000  -47.13249    0.00574    0.57417    1  100     mtd6
    2   0.000  -47.13249    0.00574                          mtd3
    3   0.000  -47.13249    0.00574                          mtd4
    4   0.000  -47.13249    0.00574                          mtd1
    5   0.000  -47.13249    0.00574                          mtd4
    6   0.000  -47.13249    0.00574                          mtd4
    7   0.000  -47.13249    0.00574                          mtd1
    8   0.000  -47.13249    0.00574                          mtd2
    9   0.000  -47.13249    0.00574                          mtd1
   10   0.000  -47.13249    0.00574                          mtd5
   11   0.000  -47.13249    0.00574                          mtd1
   12   0.000  -47.13249    0.00574                          mtd5
   13   0.000  -47.13249    0.00574                          mtd4
   14   0.000  -47.13249    0.00574                          mtd1
   15   0.000  -47.13249    0.00574                          mtd4
   16   0.000  -47.13249    0.00574                          mtd5
   17   0.000  -47.13249    0.00574                          mtd6
   18   0.000  -47.13249    0.00574                          mtd1
   19   0.000  -47.13249    0.00574                          mtd5
   20   0.000  -47.13249    0.00574                          mtd4
   21   0.000  -47.13249    0.00574                          mtd2
   22   0.000  -47.13249    0.00574                          mtd2
   23   0.000  -47.13249    0.00574                          mtd1
   24   0.000  -47.13249    0.00574                          mtd4
   25   0.000  -47.13249    0.00574                          mtd4
   26   0.000  -47.13249    0.00574                          mtd1
   27   0.000  -47.13249    0.00574                          mtd4
   28   0.000  -47.13249    0.00574                          mtd1
   29   0.000  -47.13249    0.00574                          mtd6
   30   0.000  -47.13249    0.00574                          mtd1
   31   0.000  -47.13249    0.00574                          mtd4
   32   0.000  -47.13249    0.00574                          mtd3
   33   0.000  -47.13249    0.00574                          mtd3
   34   0.000  -47.13249    0.00574                          mtd3
   35   0.000  -47.13249    0.00574                          mtd3
   36   0.000  -47.13249    0.00574                          mtd6
   37   0.000  -47.13249    0.00574                          mtd1
   38   0.000  -47.13249    0.00574                          mtd3
   39   0.000  -47.13249    0.00574                          mtd4
   40   0.000  -47.13249    0.00574                          mtd1
   41   0.000  -47.13249    0.00574                          mtd3
   42   0.000  -47.13249    0.00574                          mtd2
   43   0.000  -47.13249    0.00574                          mtd2
   44   0.000  -47.13249    0.00574                          mtd4
   45   0.000  -47.13249    0.00574                          mtd3
   46   0.000  -47.13249    0.00574                          mtd5
   47   0.000  -47.13249    0.00574                          mtd2
   48   0.000  -47.13249    0.00574                          mtd1
   49   0.000  -47.13249    0.00574                          mtd3
   50   0.000  -47.13249    0.00574                          mtd4
   51   0.000  -47.13249    0.00574                          mtd5
   52   0.000  -47.13249    0.00574                          mtd5
   53   0.000  -47.13249    0.00574                          mtd4
   54   0.000  -47.13249    0.00574                          mtd6
   55   0.000  -47.13249    0.00574                          mtd2
   56   0.000  -47.13249    0.00574                          mtd4
   57   0.000  -47.13249    0.00574                          mtd3
   58   0.000  -47.13249    0.00574                          mtd1
   59   0.000  -47.13249    0.00574                          mtd4
   60   0.000  -47.13249    0.00574                          mtd3
   61   0.000  -47.13249    0.00574                          mtd2
   62   0.000  -47.13249    0.00574                          mtd3
   63   0.000  -47.13249    0.00574                          mtd4
   64   0.000  -47.13249    0.00574                          mtd6
   65   0.000  -47.13249    0.00574                          mtd3
   66   0.000  -47.13249    0.00574                          mtd2
   67   0.000  -47.13249    0.00574                          mtd4
   68   0.000  -47.13249    0.00574                          mtd1
   69   0.000  -47.13249    0.00574                          mtd2
   70   0.000  -47.13249    0.00574                          mtd5
   71   0.000  -47.13249    0.00574                          mtd1
   72   0.000  -47.13249    0.00574                          mtd3
   73   0.000  -47.13249    0.00574                          mtd1
   74   0.000  -47.13249    0.00574                          mtd4
   75   0.000  -47.13249    0.00574                          mtd1
   76   0.000  -47.13249    0.00574                          mtd4
   77   0.000  -47.13249    0.00574                          mtd4
   78   0.000  -47.13249    0.00574                          mtd3
   79   0.000  -47.13249    0.00574                          mtd2
   80   0.000  -47.13249    0.00574                          mtd2
   81   0.000  -47.13249    0.00574                          mtd3
   82   0.000  -47.13249    0.00574                          mtd2
   83   0.000  -47.13249    0.00574                          mtd5
   84   0.000  -47.13249    0.00574                          mtd4
   85   0.000  -47.13249    0.00574                          mtd2
   86   0.001  -47.13249    0.00574                          mtd2
   87   0.001  -47.13249    0.00574                          mtd6
   88   0.001  -47.13249    0.00574                          mtd1
   89   0.001  -47.13249    0.00574                          mtd6
   90   0.001  -47.13249    0.00574                          mtd3
   91   0.001  -47.13249    0.00574                          mtd6
   92   0.001  -47.13249    0.00574                          mtd4
   93   0.001  -47.13249    0.00574                          mtd1
   94   0.001  -47.13249    0.00574                          mtd1
   95   0.001  -47.13249    0.00574                          mtd3
   96   0.001  -47.13249    0.00573                          mtd2
   97   0.001  -47.13249    0.00573                          mtd3
   98   0.001  -47.13249    0.00573                          mtd3
   99   0.001  -47.13249    0.00573                          mtd5
  100   0.001  -47.13249    0.00573                          mtd4
  101   0.070  -47.13238    0.00511    0.26028    2   51     mtd2
  102   0.070  -47.13238    0.00511                          mtd6
  103   0.070  -47.13238    0.00511                          mtd4
  104   0.070  -47.13238    0.00511                          mtd4
  105   0.070  -47.13238    0.00511                          mtd3
  106   0.070  -47.13238    0.00511                          mtd6
  107   0.070  -47.13238    0.00511                          mtd3
  108   0.070  -47.13238    0.00511                          mtd4
  109   0.070  -47.13238    0.00511                          mtd1
  110   0.070  -47.13238    0.00511                          mtd4
  111   0.070  -47.13238    0.00511                          mtd6
  112   0.070  -47.13238    0.00511                          mtd1
  113   0.070  -47.13238    0.00511                          mtd5
  114   0.070  -47.13238    0.00511                          mtd3
  115   0.070  -47.13238    0.00511                          mtd3
  116   0.070  -47.13238    0.00511                          mtd2
  117   0.070  -47.13238    0.00511                          mtd3
  118   0.070  -47.13238    0.00511                          mtd3
  119   0.070  -47.13238    0.00511                          mtd2
  120   0.070  -47.13238    0.00511                          mtd1
  121   0.070  -47.13238    0.00511                          mtd2
  122   0.070  -47.13238    0.00511                          mtd6
  123   0.070  -47.13238    0.00511                          mtd3
  124   0.070  -47.13238    0.00511                          mtd2
  125   0.070  -47.13238    0.00511                          mtd1
  126   0.070  -47.13238    0.00511                          mtd5
  127   0.070  -47.13238    0.00511                          mtd1
  128   0.070  -47.13238    0.00511                          mtd4
  129   0.070  -47.13238    0.00511                          mtd2
  130   0.070  -47.13238    0.00511                          mtd3
  131   0.070  -47.13238    0.00511                          mtd1
  132   0.070  -47.13238    0.00511                          mtd1
  133   0.070  -47.13238    0.00511                          mtd5
  134   0.070  -47.13238    0.00511                          mtd4
  135   0.070  -47.13238    0.00511                          mtd3
  136   0.070  -47.13238    0.00510                          mtd2
  137   0.070  -47.13238    0.00510                          mtd3
  138   0.070  -47.13238    0.00510                          mtd1
  139   0.070  -47.13238    0.00510                          mtd2
  140   0.070  -47.13238    0.00510                          mtd6
  141   0.070  -47.13238    0.00510                          mtd3
  142   0.070  -47.13238    0.00510                          mtd1
  143   0.071  -47.13238    0.00510                          mtd4
  144   0.071  -47.13238    0.00510                          mtd6
  145   0.071  -47.13238    0.00510                          mtd6
  146   0.071  -47.13238    0.00510                          mtd5
  147   0.071  -47.13238    0.00509                          mtd4
  148   0.072  -47.13238    0.00509                          mtd4
  149   0.072  -47.13238    0.00509                          mtd6
  150   0.072  -47.13238    0.00509                          mtd4
  151   0.073  -47.13237    0.00508                          mtd1
  152   0.130  -47.13228    0.00461    0.00461    3    1     mtd4
  153   1.064  -47.13080    0.00095    0.02004    4   21     mtd3
  154   1.064  -47.13079    0.00095                          mtd5
  155   1.064  -47.13079    0.00095                          mtd6
  156   1.064  -47.13079    0.00095                          mtd1
  157   1.064  -47.13079    0.00095                          mtd5
  158   1.064  -47.13079    0.00095                          mtd1
  159   1.064  -47.13079    0.00095                          mtd4
  160   1.064  -47.13079    0.00095                          mtd3
  161   1.064  -47.13079    0.00095                          mtd6
  162   1.064  -47.13079    0.00095                          mtd5
  163   1.064  -47.13079    0.00095                          mtd1
  164   1.064  -47.13079    0.00095                          mtd2
  165   1.064  -47.13079    0.00095                          mtd5
  166   1.064  -47.13079    0.00095                          mtd3
  167   1.064  -47.13079    0.00095                          mtd2
  168   1.065  -47.13079    0.00095                          mtd3
  169   1.065  -47.13079    0.00095                          mtd1
  170   1.065  -47.13079    0.00095                          mtd1
  171   1.065  -47.13079    0.00095                          mtd2
  172   1.065  -47.13079    0.00095                          mtd4
  173   1.066  -47.13079    0.00095                          mtd6
  174   1.129  -47.13069    0.00086    0.02567    5   30     mtd6
  175   1.129  -47.13069    0.00086                          mtd1
  176   1.129  -47.13069    0.00086                          mtd5
  177   1.129  -47.13069    0.00086                          mtd3
  178   1.129  -47.13069    0.00086                          mtd4
  179   1.129  -47.13069    0.00086                          mtd3
  180   1.129  -47.13069    0.00086                          mtd4
  181   1.129  -47.13069    0.00086                          mtd6
  182   1.129  -47.13069    0.00086                          mtd3
  183   1.129  -47.13069    0.00086                          mtd6
  184   1.129  -47.13069    0.00086                          mtd5
  185   1.129  -47.13069    0.00086                          mtd4
  186   1.129  -47.13069    0.00086                          mtd5
  187   1.129  -47.13069    0.00086                          mtd3
  188   1.129  -47.13069    0.00086                          mtd2
  189   1.129  -47.13069    0.00086                          mtd2
  190   1.129  -47.13069    0.00086                          mtd3
  191   1.129  -47.13069    0.00086                          mtd4
  192   1.129  -47.13069    0.00086                          mtd4
  193   1.129  -47.13069    0.00086                          mtd1
  194   1.129  -47.13069    0.00086                          mtd1
  195   1.129  -47.13069    0.00086                          mtd5
  196   1.129  -47.13069    0.00086                          mtd3
  197   1.129  -47.13069    0.00086                          mtd3
  198   1.129  -47.13069    0.00086                          mtd4
  199   1.129  -47.13069    0.00086                          mtd3
  200   1.130  -47.13069    0.00085                          mtd6
  201   1.130  -47.13069    0.00085                          mtd2
  202   1.130  -47.13069    0.00085                          mtd4
  203   1.131  -47.13069    0.00085                          mtd1
  204   1.176  -47.13062    0.00079    0.04346    6   55     mtd2
  205   1.176  -47.13062    0.00079                          mtd2
  206   1.176  -47.13062    0.00079                          mtd6
  207   1.176  -47.13062    0.00079                          mtd6
  208   1.176  -47.13062    0.00079                          mtd1
  209   1.176  -47.13062    0.00079                          mtd1
  210   1.176  -47.13062    0.00079                          mtd2
  211   1.176  -47.13062    0.00079                          mtd5
  212   1.176  -47.13062    0.00079                          mtd2
  213   1.176  -47.13062    0.00079                          mtd6
  214   1.176  -47.13062    0.00079                          mtd1
  215   1.176  -47.13062    0.00079                          mtd3
  216   1.176  -47.13062    0.00079                          mtd1
  217   1.176  -47.13062    0.00079                          mtd2
  218   1.176  -47.13062    0.00079                          mtd5
  219   1.176  -47.13062    0.00079                          mtd1
  220   1.176  -47.13062    0.00079                          mtd1
  221   1.176  -47.13062    0.00079                          mtd1
  222   1.176  -47.13062    0.00079                          mtd1
  223   1.176  -47.13062    0.00079                          mtd5
  224   1.176  -47.13062    0.00079                          mtd4
  225   1.176  -47.13062    0.00079                          mtd3
  226   1.176  -47.13062    0.00079                          mtd2
  227   1.176  -47.13062    0.00079                          mtd5
  228   1.176  -47.13062    0.00079                          mtd4
  229   1.176  -47.13062    0.00079                          mtd3
  230   1.176  -47.13062    0.00079                          mtd2
  231   1.176  -47.13062    0.00079                          mtd3
  232   1.176  -47.13062    0.00079                          mtd2
  233   1.176  -47.13062    0.00079                          mtd4
  234   1.176  -47.13062    0.00079                          mtd5
  235   1.176  -47.13062    0.00079                          mtd4
  236   1.176  -47.13062    0.00079                          mtd3
  237   1.176  -47.13062    0.00079                          mtd1
  238   1.176  -47.13062    0.00079                          mtd6
  239   1.176  -47.13062    0.00079                          mtd6
  240   1.176  -47.13062    0.00079                          mtd2
  241   1.176  -47.13062    0.00079                          mtd2
  242   1.176  -47.13062    0.00079                          mtd3
  243   1.176  -47.13062    0.00079                          mtd5
  244   1.176  -47.13062    0.00079                          mtd2
  245   1.176  -47.13062    0.00079                          mtd1
  246   1.176  -47.13062    0.00079                          mtd1
  247   1.176  -47.13062    0.00079                          mtd3
  248   1.176  -47.13062    0.00079                          mtd2
  249   1.177  -47.13062    0.00079                          mtd4
  250   1.177  -47.13062    0.00079                          mtd1
  251   1.177  -47.13062    0.00079                          mtd1
  252   1.177  -47.13062    0.00079                          mtd1
  253   1.177  -47.13061    0.00079                          mtd6
  254   1.177  -47.13061    0.00079                          mtd2
  255   1.177  -47.13061    0.00079                          mtd1
  256   1.177  -47.13061    0.00079                          mtd5
  257   1.178  -47.13061    0.00079                          mtd4
  258   1.179  -47.13061    0.00079                          mtd3
  259   1.179  -47.13061    0.00079    0.00157    7    2     mtd3
  260   1.179  -47.13061    0.00079                          mtd1
  261   1.216  -47.13055    0.00074    0.01404    8   19     mtd6
  262   1.216  -47.13055    0.00074                          mtd3
  263   1.216  -47.13055    0.00074                          mtd3
  264   1.216  -47.13055    0.00074                          mtd1
  265   1.216  -47.13055    0.00074                          mtd5
  266   1.216  -47.13055    0.00074                          mtd2
  267   1.216  -47.13055    0.00074                          mtd1
  268   1.216  -47.13055    0.00074                          mtd5
  269   1.216  -47.13055    0.00074                          mtd4
  270   1.216  -47.13055    0.00074                          mtd1
  271   1.216  -47.13055    0.00074                          mtd2
  272   1.216  -47.13055    0.00074                          mtd1
  273   1.216  -47.13055    0.00074                          mtd2
  274   1.216  -47.13055    0.00074                          mtd6
  275   1.216  -47.13055    0.00074                          mtd1
  276   1.216  -47.13055    0.00074                          mtd4
  277   1.217  -47.13055    0.00074                          mtd6
  278   1.217  -47.13055    0.00074                          mtd6
  279   1.217  -47.13055    0.00074                          mtd3
  280   1.274  -47.13046    0.00067    0.00669    9   10     mtd1
  281   1.274  -47.13046    0.00067                          mtd5
  282   1.274  -47.13046    0.00067                          mtd1
  283   1.274  -47.13046    0.00067                          mtd5
  284   1.274  -47.13046    0.00067                          mtd6
  285   1.274  -47.13046    0.00067                          mtd5
  286   1.274  -47.13046    0.00067                          mtd4
  287   1.275  -47.13046    0.00067                          mtd4
  288   1.275  -47.13046    0.00067                          mtd1
  289   1.278  -47.13045    0.00067                          mtd3
  290   1.281  -47.13045    0.00066    0.00529   10    8     mtd1
  291   1.281  -47.13045    0.00066                          mtd2
  292   1.281  -47.13045    0.00066                          mtd3
  293   1.281  -47.13045    0.00066                          mtd3
  294   1.282  -47.13045    0.00066                          mtd1
  295   1.283  -47.13045    0.00066                          mtd4
  296   1.283  -47.13045    0.00066                          mtd6
  297   1.284  -47.13044    0.00066                          mtd6
  298   1.315  -47.13039    0.00062    0.00062   11    1     mtd3
  299   1.321  -47.13039    0.00062    0.00866   12   14     mtd3
  300   1.321  -47.13039    0.00062                          mtd1
  301   1.321  -47.13039    0.00062                          mtd2
  302   1.321  -47.13039    0.00062                          mtd5
  303   1.321  -47.13039    0.00062                          mtd3
  304   1.321  -47.13039    0.00062                          mtd1
  305   1.321  -47.13039    0.00062                          mtd3
  306   1.321  -47.13039    0.00062                          mtd1
  307   1.321  -47.13039    0.00062                          mtd2
  308   1.321  -47.13039    0.00062                          mtd4
  309   1.321  -47.13039    0.00062                          mtd2
  310   1.321  -47.13038    0.00062                          mtd4
  311   1.322  -47.13038    0.00062                          mtd6
  312   1.322  -47.13038    0.00062                          mtd2
  313   1.324  -47.13038    0.00062    0.00062   13    1     mtd6
  314   1.433  -47.13021    0.00051    0.00051   14    1     mtd2
  315   1.512  -47.13008    0.00045    0.02421   15   54     mtd1
  316   1.512  -47.13008    0.00045                          mtd4
  317   1.512  -47.13008    0.00045                          mtd2
  318   1.512  -47.13008    0.00045                          mtd5
  319   1.512  -47.13008    0.00045                          mtd5
  320   1.512  -47.13008    0.00045                          mtd3
  321   1.512  -47.13008    0.00045                          mtd6
  322   1.512  -47.13008    0.00045                          mtd5
  323   1.512  -47.13008    0.00045                          mtd1
  324   1.512  -47.13008    0.00045                          mtd1
  325   1.512  -47.13008    0.00045                          mtd2
  326   1.512  -47.13008    0.00045                          mtd3
  327   1.512  -47.13008    0.00045                          mtd6
  328   1.512  -47.13008    0.00045                          mtd6
  329   1.512  -47.13008    0.00045                          mtd2
  330   1.512  -47.13008    0.00045                          mtd1
  331   1.512  -47.13008    0.00045                          mtd2
  332   1.512  -47.13008    0.00045                          mtd3
  333   1.512  -47.13008    0.00045                          mtd3
  334   1.512  -47.13008    0.00045                          mtd1
  335   1.512  -47.13008    0.00045                          mtd4
  336   1.512  -47.13008    0.00045                          mtd5
  337   1.512  -47.13008    0.00045                          mtd1
  338   1.512  -47.13008    0.00045                          mtd3
  339   1.512  -47.13008    0.00045                          mtd3
  340   1.512  -47.13008    0.00045                          mtd5
  341   1.512  -47.13008    0.00045                          mtd3
  342   1.512  -47.13008    0.00045                          mtd4
  343   1.512  -47.13008    0.00045                          mtd1
  344   1.512  -47.13008    0.00045                          mtd2
  345   1.512  -47.13008    0.00045                          mtd3
  346   1.512  -47.13008    0.00045                          mtd2
  347   1.512  -47.13008    0.00045                          mtd4
  348   1.512  -47.13008    0.00045                          mtd4
  349   1.512  -47.13008    0.00045                          mtd6
  350   1.512  -47.13008    0.00045                          mtd2
  351   1.512  -47.13008    0.00045                          mtd4
  352   1.512  -47.13008    0.00045                          mtd2
  353   1.512  -47.13008    0.00045                          mtd5
  354   1.512  -47.13008    0.00045                          mtd5
  355   1.513  -47.13008    0.00045                          mtd4
  356   1.513  -47.13008    0.00045                          mtd3
  357   1.513  -47.13008    0.00045                          mtd6
  358   1.513  -47.13008    0.00045                          mtd4
  359   1.513  -47.13008    0.00045                          mtd3
  360   1.513  -47.13008    0.00045                          mtd5
  361   1.513  -47.13008    0.00045                          mtd4
  362   1.513  -47.13008    0.00045                          mtd5
  363   1.513  -47.13008    0.00045                          mtd4
  364   1.514  -47.13008    0.00045                          mtd1
  365   1.514  -47.13008    0.00045                          mtd3
  366   1.514  -47.13008    0.00045                          mtd4
  367   1.514  -47.13008    0.00045                          mtd1
  368   1.514  -47.13008    0.00045                          mtd3
  369   1.566  -47.12999    0.00041    0.00777   16   19     mtd3
  370   1.566  -47.12999    0.00041                          mtd6
  371   1.566  -47.12999    0.00041                          mtd4
  372   1.566  -47.12999    0.00041                          mtd2
  373   1.566  -47.12999    0.00041                          mtd1
  374   1.566  -47.12999    0.00041                          mtd6
  375   1.566  -47.12999    0.00041                          mtd2
  376   1.566  -47.12999    0.00041                          mtd1
  377   1.566  -47.12999    0.00041                          mtd3
  378   1.566  -47.12999    0.00041                          mtd1
  379   1.566  -47.12999    0.00041                          mtd4
  380   1.566  -47.12999    0.00041                          mtd5
  381   1.566  -47.12999    0.00041                          mtd3
  382   1.566  -47.12999    0.00041                          mtd2
  383   1.567  -47.12999    0.00041                          mtd1
  384   1.567  -47.12999    0.00041                          mtd2
  385   1.567  -47.12999    0.00041                          mtd1
  386   1.568  -47.12999    0.00041                          mtd2
  387   1.574  -47.12998    0.00040                          mtd2
  388   2.039  -47.12924    0.00018    0.00166   17    9     mtd4
  389   2.039  -47.12924    0.00018                          mtd1
  390   2.039  -47.12924    0.00018                          mtd5
  391   2.039  -47.12924    0.00018                          mtd4
  392   2.039  -47.12924    0.00018                          mtd3
  393   2.039  -47.12924    0.00018                          mtd4
  394   2.039  -47.12924    0.00018                          mtd6
  395   2.039  -47.12924    0.00018                          mtd1
  396   2.039  -47.12924    0.00018                          mtd1
  397   2.548  -47.12843    0.00008    0.00008   18    1     mtd5
  398   2.885  -47.12789    0.00004    0.00004   19    1     mtd4
T /K                                  :   298.15
E lowest                              :   -47.13249
ensemble average energy (kcal)        :    0.221
ensemble entropy (J/mol K, cal/mol K) :   45.998   10.994
ensemble free energy (kcal/mol)       :   -3.278
population of lowest in %             :   57.417
 number of unique conformers for further calc           19
   1       0.000
   2       0.070
   3       0.130
   4       1.064
   5       1.129
   6       1.176
   7       1.179
   8       1.216
   9       1.274
  10       1.281
  11       1.315
  12       1.321
  13       1.324
  14       1.433
  15       1.512
  16       1.566
  17       2.039
  18       2.548
  19       2.885
 Normal termination.
 
 -----------------
 Wall Time Summary
 -----------------
             test MD wall time :         0h : 0m :16s
                 MTD wall time :         0h : 7m :53s
      multilevel OPT wall time :         0h :12m :38s
--------------------
Overall wall time  : 0h :22m :46s
 
 CREST terminated normally.
