 
       ==============================================
       |                                            |
       |                 C R E S T                  |
       |                                            |
       |  Conformer-Rotamer Ensemble Sampling Tool  |
       |        based on the GFN-xTB method         |
       |             S.Grimme, P.Pracht             |
       |          Universitaet Bonn, MCTC           |
       ==============================================
       Version 2.7.1, Wed 17. Jul 11:21:59 CEST 2019
       Using the GFN-xTB code.
       Compatible with XTB version 6.1 and later.
 
       Cite work conducted with this code as
       S. Grimme, C. Bannwarth, S. Dohm, A. Hansen,
       J. Pisarek, P. Pracht, J. Seibert, F. Neese,
       Angew. Chem. Int. Ed., 2017, 56, 14763-14769

       For the MTD(RMSD)-version (-v2)

       S. Grimme, JCTC, 2019, 15, 2847-2862

       P. Pracht, S. Grimme, in preparation
 
  -nci  : Special NCI mode for non-covalently bound complexes or clusters.
  -gfn1 :
     Use of GFN-xTB requested.
  Automatically generated ellipsoide potential for NCI mode:
> $wall
>   potential=polynomial
>   ellipsoid: 22.92400410342742, 15.14943804365357, 14.95821663399170, all
 
 =============================
  # threads =          12
 =============================
 
 
------------------------------------------------
Generating MTD length from a flexibility measure
------------------------------------------------
 flexibility measure :   1.000
 t(MTD) / ps    :     9.0
 Σ(t(MTD)) / ps :    36.0 (+    18.0)
 
-------------------------------------
Starting a trial MTD to test settings
-------------------------------------
 Success!
 Estimated runtime for one MTD (9.0 ps) on a single thread: 10 min 16 sec
 Estimated runtime for a batch of 6 MTDs on 12 threads: 5 min 8 sec
 
 list of Vbias parameters applied:
$metadyn    0.00100   1.000
$metadyn    0.00050   1.000
$metadyn    0.00100   0.500
$metadyn    0.00050   0.500
$metadyn    0.00100   0.250
$metadyn    0.00050   0.250
 
*******************************************************************************************
**                        N E W    I T E R A T I O N    C Y C L E                        **
*******************************************************************************************
 
========================================
            MTD Iteration  1
========================================
 
     ========================================
     |         Meta-MD (MTD) Sampling       |
     ========================================
 
Starting Meta-MD   6 with the settings:
     MD time /ps        :     9.0
     dt /fs             :     5.0
     dumpstep(trj) /fs  :     100
     dumpstep(Vbias)/ps :     1.0
     Vbias prefactor(k) :  0.0130
     Vbias exponent(α)  :    0.25
Starting Meta-MD   1 with the settings:
     MD time /ps        :     9.0
     dt /fs             :     5.0
     dumpstep(trj) /fs  :     100
     dumpstep(Vbias)/ps :     1.0
     Vbias prefactor(k) :  0.0260
     Vbias exponent(α)  :    1.00
Starting Meta-MD   2 with the settings:
     MD time /ps        :     9.0
     dt /fs             :     5.0
     dumpstep(trj) /fs  :     100
     dumpstep(Vbias)/ps :     1.0
     Vbias prefactor(k) :  0.0130
     Vbias exponent(α)  :    1.00
Starting Meta-MD   3 with the settings:
     MD time /ps        :     9.0
     dt /fs             :     5.0
     dumpstep(trj) /fs  :     100
     dumpstep(Vbias)/ps :     1.0
     Vbias prefactor(k) :  0.0260
     Vbias exponent(α)  :    0.50
Starting Meta-MD   5 with the settings:
     MD time /ps        :     9.0
     dt /fs             :     5.0
     dumpstep(trj) /fs  :     100
     dumpstep(Vbias)/ps :     1.0
     Vbias prefactor(k) :  0.0260
     Vbias exponent(α)  :    0.25
Starting Meta-MD   4 with the settings:
     MD time /ps        :     9.0
     dt /fs             :     5.0
     dumpstep(trj) /fs  :     100
     dumpstep(Vbias)/ps :     1.0
     Vbias prefactor(k) :  0.0130
     Vbias exponent(α)  :    0.50
*Meta-MD 6 finished*
*Meta-MD 4 finished*
*Meta-MD 1 finished*
*Meta-MD 2 finished*
*Meta-MD 5 finished*
*Meta-MD 3 finished*
 
-----------------------
Multilevel Optimization
-----------------------
 
 -------------------------
 1. crude pre-optimization
 -------------------------
 writing TMPCONF* Dirs from file "crest_rotamers_0.xyz" ... done.
 Starting optimization of generated structures
 534 jobs to do.
 1 2 3 4 5 6 7 8 9 10 11 12 13 14 15 16 17 18 19 20 21 22 23 24 25 26 27 28 29 30 31 32 33 34 35 36 37 38 39 40 41 42 43 44 45 46 47 48 49 50 51 52 53 54 55 56 57 58 59 60 61 62 63 64 65 66 67 68 69 70 71 72 73 74 75 76 77 78 79 80 81 82 83 84 85 86 87 88 89 90 91 92 93 94 95 96 97 98 99 100 101 102 103 104 105 106 107 108 109 110 111 112 113 114 115 116 117 118 119 120 121 122 123 124 125 126 127 128 129 130 131 132 133 134 135 136 137 138 139 140 141 142 143 144 145 146 147 148 149 150 151 152 153 154 155 156 157 158 159 160 161 162 163 164 165 166 167 168 169 170 171 172 173 174 175 176 177 178 179 180 181 182 183 184 185 186 187 188 189 190 191 192 193 194 195 196 197 198 199 200 201 202 203 204 205 206 207 208 209 210 211 212 213 214 215 216 217 218 219 220 221 222 223 224 225 226 227 228 229 230 231 232 233 234 235 236 237 238 239 240 241 242 243 244 245 246 247 248 249 250 251 252 253 254 255 256 257 258 259 260 261 262 263 264 265 266 267 268 269 270 271 272 273 274 275 276 277 278 279 280 281 282 283 284 285 286 287 288 289 290 291 292 293 294 295 296 297 298 299 300 301 302 303 304 305 306 307 308 309 310 311 312 313 314 315 316 317 318 319 320 321 322 323 324 325 326 327 328 329 330 331 332 333 334 335 336 337 338 339 340 341 342 343 344 345 346 347 348 349 350 351 352 353 354 355 356 357 358 359 360 361 362 363 364 365 366 367 368 369 370 371 372 373 374 375 376 377 378 379 380 381 382 383 384 385 386 387 388 389 390 391 392 393 394 395 396 397 398 399 400 401 402 403 404 405 406 407 408 409 410 411 412 413 414 415 416 417 418 419 420 421 422 423 424 425 426 427 428 429 430 431 432 433 434 435 436 437 438 439 440 441 442 443 444 445 446 447 448 449 450 451 452 453 454 455 456 457 458 459 460 461 462 463 464 465 466 467 468 469 470 471 472 473 474 475 476 477 478 479 480 481 482 483 484 485 486 487 488 489 490 491 492 493 494 495 496 497 498 499 500 501 502 503 504 505 506 507 508 509 510 511 512 513 514 515 516 517 518 519 520 521 522 523 524 525 526 527 528 529 530 531 532 533 534 
 done.
 Now appending opt.xyz file with new structures
 running RMSDs... done.
 E lowest :   -42.88576
 314 structures remain within    12.00 kcal/mol window
 
 -------------------------------------
 2. optimization with tight thresholds
 -------------------------------------
 writing TMPCONF* Dirs from file "crest_rotamers_1.xyz" ... done.
 Starting optimization of generated structures
 315 jobs to do.
 1 2 3 4 5 6 7 8 9 10 11 12 13 14 15 16 17 18 19 20 21 22 23 24 25 26 27 28 29 30 31 32 33 34 35 36 37 38 39 40 41 42 43 44 45 46 47 48 49 50 51 52 53 54 55 56 57 58 59 60 61 62 63 64 65 66 67 68 69 70 71 72 73 74 75 76 77 78 79 80 81 82 83 84 85 86 87 88 89 90 91 92 93 94 95 96 97 98 99 100 101 102 103 104 105 106 107 108 109 110 111 112 113 114 115 116 117 118 119 120 121 122 123 124 125 126 127 128 129 130 131 132 133 134 135 136 137 138 139 140 141 142 143 144 145 146 147 148 149 150 151 152 153 154 155 156 157 158 159 160 161 162 163 164 165 166 167 168 169 170 171 172 173 174 175 176 177 178 179 180 181 182 183 184 185 186 187 188 189 190 191 192 193 194 195 196 197 198 199 200 201 202 203 204 205 206 207 208 209 210 211 212 213 214 215 216 217 218 219 220 221 222 223 224 225 226 227 228 229 230 231 232 233 234 235 236 237 238 239 240 241 242 243 244 245 246 247 248 249 250 251 252 253 254 255 256 257 258 259 260 261 262 263 264 265 266 267 268 269 270 271 272 273 274 275 276 277 278 279 280 281 282 283 284 285 286 287 288 289 290 291 292 293 294 295 296 297 298 299 300 301 302 303 304 305 306 307 308 309 310 311 312 313 314 315 
 done.
 Now appending opt.xyz file with new structures
 running RMSDs... done.
 E lowest :   -42.88617
 167 structures remain within     6.00 kcal/mol window
 
 
========================================
            MTD Iteration  2
========================================
 
     ========================================
     |         Meta-MD (MTD) Sampling       |
     ========================================
 
Starting Meta-MD   1 with the settings:
     MD time /ps        :     9.0
     dt /fs             :     5.0
     dumpstep(trj) /fs  :     100
     dumpstep(Vbias)/ps :     1.0
     Vbias prefactor(k) :  0.0260
     Vbias exponent(α)  :    1.00
Starting Meta-MD   2 with the settings:
     MD time /ps        :     9.0
     dt /fs             :     5.0
     dumpstep(trj) /fs  :     100
     dumpstep(Vbias)/ps :     1.0
     Vbias prefactor(k) :  0.0130
     Vbias exponent(α)  :    1.00
Starting Meta-MD   4 with the settings:
     MD time /ps        :     9.0
     dt /fs             :     5.0
     dumpstep(trj) /fs  :     100
     dumpstep(Vbias)/ps :     1.0
     Vbias prefactor(k) :  0.0130
     Vbias exponent(α)  :    0.50
Starting Meta-MD   3 with the settings:
     MD time /ps        :     9.0
     dt /fs             :     5.0
     dumpstep(trj) /fs  :     100
     dumpstep(Vbias)/ps :     1.0
     Vbias prefactor(k) :  0.0260
     Vbias exponent(α)  :    0.50
*Meta-MD 4 finished*
*Meta-MD 1 finished*
*Meta-MD 2 finished*
*Meta-MD 3 finished*
 
-----------------------
Multilevel Optimization
-----------------------
 
 -------------------------
 1. crude pre-optimization
 -------------------------
 writing TMPCONF* Dirs from file "crest_rotamers_0.xyz" ... done.
 Starting optimization of generated structures
 356 jobs to do.
 1 2 3 4 5 6 7 8 9 10 11 12 13 14 15 16 17 18 19 20 21 22 23 24 25 26 27 28 29 30 31 32 33 34 35 36 37 38 39 40 41 42 43 44 45 46 47 48 49 50 51 52 53 54 55 56 57 58 59 60 61 62 63 64 65 66 67 68 69 70 71 72 73 74 75 76 77 78 79 80 81 82 83 84 85 86 87 88 89 90 91 92 93 94 95 96 97 98 99 100 101 102 103 104 105 106 107 108 109 110 111 112 113 114 115 116 117 118 119 120 121 122 123 124 125 126 127 128 129 130 131 132 133 134 135 136 137 138 139 140 141 142 143 144 145 146 147 148 149 150 151 152 153 154 155 156 157 158 159 160 161 162 163 164 165 166 167 168 169 170 171 172 173 174 175 176 177 178 179 180 181 182 183 184 185 186 187 188 189 190 191 192 193 194 195 196 197 198 199 200 201 202 203 204 205 206 207 208 209 210 211 212 213 214 215 216 217 218 219 220 221 222 223 224 225 226 227 228 229 230 231 232 233 234 235 236 237 238 239 240 241 242 243 244 245 246 247 248 249 250 251 252 253 254 255 256 257 258 259 260 261 262 263 264 265 266 267 268 269 270 271 272 273 274 275 276 277 278 279 280 281 282 283 284 285 286 287 288 289 290 291 292 293 294 295 296 297 298 299 300 301 302 303 304 305 306 307 308 309 310 311 312 313 314 315 316 317 318 319 320 321 322 323 324 325 326 327 328 329 330 331 332 333 334 335 336 337 338 339 340 341 342 343 344 345 346 347 348 349 350 351 352 353 354 355 356 
 done.
 Now appending opt.xyz file with new structures
 running RMSDs... done.
 E lowest :   -42.88584
 297 structures remain within    12.00 kcal/mol window
 
 -------------------------------------
 2. optimization with tight thresholds
 -------------------------------------
 writing TMPCONF* Dirs from file "crest_rotamers_1.xyz" ... done.
 Starting optimization of generated structures
 298 jobs to do.
 1 2 3 4 5 6 7 8 9 10 11 12 13 14 15 16 17 18 19 20 21 22 23 24 25 26 27 28 29 30 31 32 33 34 35 36 37 38 39 40 41 42 43 44 45 46 47 48 49 50 51 52 53 54 55 56 57 58 59 60 61 62 63 64 65 66 67 68 69 70 71 72 73 74 75 76 77 78 79 80 81 82 83 84 85 86 87 88 89 90 91 92 93 94 95 96 97 98 99 100 101 102 103 104 105 106 107 108 109 110 111 112 113 114 115 116 117 118 119 120 121 122 123 124 125 126 127 128 129 130 131 132 133 134 135 136 137 138 139 140 141 142 143 144 145 146 147 148 149 150 151 152 153 154 155 156 157 158 159 160 161 162 163 164 165 166 167 168 169 170 171 172 173 174 175 176 177 178 179 180 181 182 183 184 185 186 187 188 189 190 191 192 193 194 195 196 197 198 199 200 201 202 203 204 205 206 207 208 209 210 211 212 213 214 215 216 217 218 219 220 221 222 223 224 225 226 227 228 229 230 231 232 233 234 235 236 237 238 239 240 241 242 243 244 245 246 247 248 249 250 251 252 253 254 255 256 257 258 259 260 261 262 263 264 265 266 267 268 269 270 271 272 273 274 275 276 277 278 279 280 281 282 283 284 285 286 287 288 289 290 291 292 293 294 295 296 297 298 
 done.
 Now appending opt.xyz file with new structures
 running RMSDs... done.
 E lowest :   -42.88617
 181 structures remain within     6.00 kcal/mol window
 
========================================
            MTD Iterations done         
========================================
 Collecting ensmbles.
 running RMSDs... done.
 E lowest :   -42.88617
 336 structures remain within     6.00 kcal/mol window
 
 
 
   ================================================
   |           Final Geometry Optimization        |
   ================================================
 ---------------------
 Ensemble optimization
 ---------------------
 writing TMPCONF* Dirs from file "crest_rotamers_1.xyz" ... done.
 Starting optimization of generated structures
 336 jobs to do.
 1 2 3 4 5 6 7 8 9 10 11 12 13 14 15 16 17 18 19 20 21 22 23 24 25 26 27 28 29 30 31 32 33 34 35 36 37 38 39 40 41 42 43 44 45 46 47 48 49 50 51 52 53 54 55 56 57 58 59 60 61 62 63 64 65 66 67 68 69 70 71 72 73 74 75 76 77 78 79 80 81 82 83 84 85 86 87 88 89 90 91 92 93 94 95 96 97 98 99 100 101 102 103 104 105 106 107 108 109 110 111 112 113 114 115 116 117 118 119 120 121 122 123 124 125 126 127 128 129 130 131 132 133 134 135 136 137 138 139 140 141 142 143 144 145 146 147 148 149 150 151 152 153 154 155 156 157 158 159 160 161 162 163 164 165 166 167 168 169 170 171 172 173 174 175 176 177 178 179 180 181 182 183 184 185 186 187 188 189 190 191 192 193 194 195 196 197 198 199 200 201 202 203 204 205 206 207 208 209 210 211 212 213 214 215 216 217 218 219 220 221 222 223 224 225 226 227 228 229 230 231 232 233 234 235 236 237 238 239 240 241 242 243 244 245 246 247 248 249 250 251 252 253 254 255 256 257 258 259 260 261 262 263 264 265 266 267 268 269 270 271 272 273 274 275 276 277 278 279 280 281 282 283 284 285 286 287 288 289 290 291 292 293 294 295 296 297 298 299 300 301 302 303 304 305 306 307 308 309 310 311 312 313 314 315 316 317 318 319 320 321 322 323 324 325 326 327 328 329 330 331 332 333 334 335 336 
 done.
 Now appending opt.xyz file with new structures
 running RMSDs... done.
 E lowest :   -42.88617
 322 structures remain within     6.00 kcal/mol window
 
-------------------------------------
CREGEN - CONFORMER SYMMETRY ANALYSIS
-------------------------------------
 =============================
  # threads =          12
 =============================
 input  file name : crest_rotamers_2.xyz
 output file name : crest_rotamers_3.xyz
 number of atoms                :    26
 number of points on xyz files  :   336
 RMSD threshold                 :   0.1250
 Bconst threshold               :   0.0200
 population threshold           :   0.0500
 conformer energy window  /kcal :   6.0000
 # fragment in coord            :     2
 number of reliable points      :   336
 reference state Etot :  -42.8861688963000
 number of doubles removed by rot/RMSD         :          14
 total number unique points considered further :         322
   Erel/kcal    Etot      weight/tot conformer  set degen    origin
    1   0.000  -42.88617    0.00687    0.10995    1   16     mtd2
    2   0.000  -42.88617    0.00687                          mtd4
    3   0.000  -42.88617    0.00687                          mtd5
    4   0.000  -42.88617    0.00687                          mtd4
    5   0.000  -42.88617    0.00687                          mtd6
    6   0.000  -42.88617    0.00687                          mtd2
    7   0.000  -42.88617    0.00687                          mtd2
    8   0.000  -42.88617    0.00687                          mtd4
    9   0.000  -42.88617    0.00687                          mtd1
   10   0.000  -42.88617    0.00687                          input
   11   0.000  -42.88617    0.00687                          mtd1
   12   0.000  -42.88617    0.00687                          mtd1
   13   0.000  -42.88617    0.00687                          mtd2
   14   0.001  -42.88617    0.00687                          mtd2
   15   0.001  -42.88617    0.00687                          mtd5
   16   0.001  -42.88617    0.00686                          mtd1
   17   0.029  -42.88612    0.00655    0.17676    2   27     mtd1
   18   0.029  -42.88612    0.00655                          mtd6
   19   0.029  -42.88612    0.00655                          mtd5
   20   0.029  -42.88612    0.00655                          mtd2
   21   0.029  -42.88612    0.00655                          mtd4
   22   0.029  -42.88612    0.00655                          mtd4
   23   0.029  -42.88612    0.00655                          mtd2
   24   0.029  -42.88612    0.00655                          mtd5
   25   0.029  -42.88612    0.00655                          mtd2
   26   0.029  -42.88612    0.00655                          mtd1
   27   0.029  -42.88612    0.00655                          mtd5
   28   0.029  -42.88612    0.00655                          mtd3
   29   0.029  -42.88612    0.00655                          mtd4
   30   0.029  -42.88612    0.00655                          mtd1
   31   0.029  -42.88612    0.00655                          mtd2
   32   0.029  -42.88612    0.00655                          mtd1
   33   0.029  -42.88612    0.00655                          mtd1
   34   0.029  -42.88612    0.00655                          mtd3
   35   0.029  -42.88612    0.00655                          mtd3
   36   0.029  -42.88612    0.00655                          mtd1
   37   0.029  -42.88612    0.00655                          mtd4
   38   0.029  -42.88612    0.00655                          mtd6
   39   0.029  -42.88612    0.00655                          mtd5
   40   0.029  -42.88612    0.00655                          mtd1
   41   0.029  -42.88612    0.00655                          mtd1
   42   0.029  -42.88612    0.00655                          mtd3
   43   0.030  -42.88612    0.00654                          mtd1
   44   0.060  -42.88607    0.00621    0.00621    3    1     mtd2
   45   0.061  -42.88607    0.00620    0.18603    4   30     mtd1
   46   0.061  -42.88607    0.00620                          mtd3
   47   0.061  -42.88607    0.00620                          mtd5
   48   0.061  -42.88607    0.00620                          mtd2
   49   0.061  -42.88607    0.00620                          mtd1
   50   0.061  -42.88607    0.00620                          mtd6
   51   0.061  -42.88607    0.00620                          mtd1
   52   0.061  -42.88607    0.00620                          mtd4
   53   0.061  -42.88607    0.00620                          mtd4
   54   0.061  -42.88607    0.00620                          mtd2
   55   0.061  -42.88607    0.00620                          mtd3
   56   0.061  -42.88607    0.00620                          mtd1
   57   0.061  -42.88607    0.00620                          mtd4
   58   0.061  -42.88607    0.00620                          mtd4
   59   0.061  -42.88607    0.00620                          mtd3
   60   0.061  -42.88607    0.00620                          mtd4
   61   0.061  -42.88607    0.00620                          mtd4
   62   0.061  -42.88607    0.00620                          mtd5
   63   0.061  -42.88607    0.00620                          mtd4
   64   0.061  -42.88607    0.00620                          mtd1
   65   0.061  -42.88607    0.00620                          mtd4
   66   0.061  -42.88607    0.00620                          mtd1
   67   0.061  -42.88607    0.00620                          mtd4
   68   0.061  -42.88607    0.00620                          mtd4
   69   0.061  -42.88607    0.00620                          mtd1
   70   0.061  -42.88607    0.00620                          mtd2
   71   0.061  -42.88607    0.00620                          mtd4
   72   0.061  -42.88607    0.00620                          mtd3
   73   0.062  -42.88607    0.00620                          mtd4
   74   0.062  -42.88607    0.00619                          mtd4
   75   0.117  -42.88598    0.00564    0.12416    5   22     mtd2
   76   0.117  -42.88598    0.00564                          mtd1
   77   0.117  -42.88598    0.00564                          mtd3
   78   0.117  -42.88598    0.00564                          mtd4
   79   0.117  -42.88598    0.00564                          mtd6
   80   0.117  -42.88598    0.00564                          mtd4
   81   0.117  -42.88598    0.00564                          mtd2
   82   0.117  -42.88598    0.00564                          mtd3
   83   0.117  -42.88598    0.00564                          mtd1
   84   0.117  -42.88598    0.00564                          mtd6
   85   0.117  -42.88598    0.00564                          mtd4
   86   0.117  -42.88598    0.00564                          mtd1
   87   0.117  -42.88598    0.00564                          mtd1
   88   0.117  -42.88598    0.00564                          mtd2
   89   0.117  -42.88598    0.00564                          mtd2
   90   0.117  -42.88598    0.00564                          mtd2
   91   0.117  -42.88598    0.00564                          mtd4
   92   0.117  -42.88598    0.00564                          mtd3
   93   0.117  -42.88598    0.00564                          mtd1
   94   0.117  -42.88598    0.00564                          mtd5
   95   0.117  -42.88598    0.00564                          mtd4
   96   0.117  -42.88598    0.00564                          mtd3
   97   0.169  -42.88590    0.00517    0.12398    6   24     mtd4
   98   0.169  -42.88590    0.00517                          mtd1
   99   0.169  -42.88590    0.00517                          mtd2
  100   0.169  -42.88590    0.00517                          mtd1
  101   0.169  -42.88590    0.00517                          mtd1
  102   0.169  -42.88590    0.00517                          mtd5
  103   0.169  -42.88590    0.00517                          mtd1
  104   0.169  -42.88590    0.00517                          mtd6
  105   0.169  -42.88590    0.00517                          mtd3
  106   0.169  -42.88590    0.00517                          mtd5
  107   0.169  -42.88590    0.00517                          mtd5
  108   0.169  -42.88590    0.00517                          mtd2
  109   0.169  -42.88590    0.00517                          mtd2
  110   0.169  -42.88590    0.00517                          mtd3
  111   0.169  -42.88590    0.00517                          mtd3
  112   0.169  -42.88590    0.00517                          mtd3
  113   0.169  -42.88590    0.00517                          mtd3
  114   0.169  -42.88590    0.00517                          mtd2
  115   0.170  -42.88590    0.00517                          mtd5
  116   0.170  -42.88590    0.00516                          mtd1
  117   0.170  -42.88590    0.00516                          mtd3
  118   0.170  -42.88590    0.00516                          mtd4
  119   0.170  -42.88590    0.00516                          mtd1
  120   0.170  -42.88590    0.00516                          mtd3
  121   0.378  -42.88557    0.00364    0.09078    7   25     mtd4
  122   0.378  -42.88557    0.00364                          mtd3
  123   0.378  -42.88557    0.00364                          mtd3
  124   0.378  -42.88557    0.00364                          mtd4
  125   0.378  -42.88557    0.00364                          mtd3
  126   0.378  -42.88557    0.00364                          mtd4
  127   0.378  -42.88557    0.00364                          mtd6
  128   0.378  -42.88557    0.00364                          mtd3
  129   0.378  -42.88557    0.00363                          mtd5
  130   0.378  -42.88557    0.00363                          mtd3
  131   0.378  -42.88557    0.00363                          mtd1
  132   0.378  -42.88557    0.00363                          mtd3
  133   0.378  -42.88557    0.00363                          mtd5
  134   0.378  -42.88557    0.00363                          mtd2
  135   0.379  -42.88557    0.00363                          mtd1
  136   0.379  -42.88557    0.00363                          mtd4
  137   0.379  -42.88557    0.00363                          mtd1
  138   0.379  -42.88557    0.00363                          mtd2
  139   0.379  -42.88557    0.00363                          mtd5
  140   0.379  -42.88556    0.00363                          mtd3
  141   0.379  -42.88556    0.00363                          mtd3
  142   0.380  -42.88556    0.00362                          mtd4
  143   0.380  -42.88556    0.00362                          mtd3
  144   0.380  -42.88556    0.00362                          mtd5
  145   0.381  -42.88556    0.00362                          mtd4
  146   0.385  -42.88555    0.00359    0.00359    8    1     mtd4
  147   0.392  -42.88554    0.00355    0.00355    9    1     mtd1
  148   0.494  -42.88538    0.00299    0.05681   10   19     mtd5
  149   0.494  -42.88538    0.00299                          mtd1
  150   0.494  -42.88538    0.00299                          mtd6
  151   0.494  -42.88538    0.00299                          mtd1
  152   0.494  -42.88538    0.00299                          mtd2
  153   0.494  -42.88538    0.00299                          mtd4
  154   0.494  -42.88538    0.00299                          mtd1
  155   0.494  -42.88538    0.00299                          mtd3
  156   0.494  -42.88538    0.00299                          mtd1
  157   0.494  -42.88538    0.00299                          mtd4
  158   0.494  -42.88538    0.00299                          mtd5
  159   0.494  -42.88538    0.00299                          mtd3
  160   0.494  -42.88538    0.00299                          mtd4
  161   0.494  -42.88538    0.00299                          mtd5
  162   0.494  -42.88538    0.00299                          mtd1
  163   0.494  -42.88538    0.00299                          mtd3
  164   0.494  -42.88538    0.00299                          mtd1
  165   0.494  -42.88538    0.00299                          mtd4
  166   0.494  -42.88538    0.00299                          mtd3
  167   0.850  -42.88481    0.00164    0.01311   11    8     mtd1
  168   0.850  -42.88481    0.00164                          mtd1
  169   0.850  -42.88481    0.00164                          mtd4
  170   0.850  -42.88481    0.00164                          mtd1
  171   0.850  -42.88481    0.00164                          mtd3
  172   0.850  -42.88481    0.00164                          mtd1
  173   0.850  -42.88481    0.00164                          mtd2
  174   0.850  -42.88481    0.00164                          mtd1
  175   0.965  -42.88463    0.00135    0.01621   12   12     mtd2
  176   0.965  -42.88463    0.00135                          mtd2
  177   0.965  -42.88463    0.00135                          mtd2
  178   0.965  -42.88463    0.00135                          mtd5
  179   0.965  -42.88463    0.00135                          mtd2
  180   0.965  -42.88463    0.00135                          mtd6
  181   0.965  -42.88463    0.00135                          mtd6
  182   0.965  -42.88463    0.00135                          mtd2
  183   0.965  -42.88463    0.00135                          mtd2
  184   0.965  -42.88463    0.00135                          mtd2
  185   0.965  -42.88463    0.00135                          mtd3
  186   0.965  -42.88463    0.00135                          mtd2
  187   0.996  -42.88458    0.00128    0.01794   13   14     mtd1
  188   0.996  -42.88458    0.00128                          mtd3
  189   0.996  -42.88458    0.00128                          mtd4
  190   0.996  -42.88458    0.00128                          mtd1
  191   0.996  -42.88458    0.00128                          mtd2
  192   0.996  -42.88458    0.00128                          mtd4
  193   0.996  -42.88458    0.00128                          mtd4
  194   0.996  -42.88458    0.00128                          mtd1
  195   0.996  -42.88458    0.00128                          mtd3
  196   0.997  -42.88458    0.00128                          mtd4
  197   0.997  -42.88458    0.00128                          mtd1
  198   0.997  -42.88458    0.00128                          mtd4
  199   0.997  -42.88458    0.00128                          mtd4
  200   0.997  -42.88458    0.00128                          mtd1
  201   1.028  -42.88453    0.00122    0.00851   14    7     mtd4
  202   1.028  -42.88453    0.00122                          mtd2
  203   1.028  -42.88453    0.00122                          mtd2
  204   1.028  -42.88453    0.00122                          mtd1
  205   1.028  -42.88453    0.00121                          mtd1
  206   1.028  -42.88453    0.00121                          mtd2
  207   1.028  -42.88453    0.00121                          mtd2
  208   1.157  -42.88433    0.00098    0.01463   15   15     mtd2
  209   1.157  -42.88433    0.00098                          mtd3
  210   1.157  -42.88433    0.00098                          mtd3
  211   1.157  -42.88433    0.00098                          mtd4
  212   1.157  -42.88433    0.00098                          mtd3
  213   1.157  -42.88433    0.00098                          mtd4
  214   1.157  -42.88432    0.00098                          mtd2
  215   1.157  -42.88432    0.00098                          mtd3
  216   1.158  -42.88432    0.00098                          mtd3
  217   1.158  -42.88432    0.00097                          mtd4
  218   1.158  -42.88432    0.00097                          mtd3
  219   1.158  -42.88432    0.00097                          mtd4
  220   1.159  -42.88432    0.00097                          mtd2
  221   1.159  -42.88432    0.00097                          mtd2
  222   1.163  -42.88431    0.00097                          mtd1
  223   1.173  -42.88430    0.00095    0.00095   16    1     mtd6
  224   1.208  -42.88424    0.00090    0.00806   17    9     mtd2
  225   1.208  -42.88424    0.00090                          mtd4
  226   1.208  -42.88424    0.00090                          mtd1
  227   1.208  -42.88424    0.00090                          mtd4
  228   1.208  -42.88424    0.00090                          mtd3
  229   1.209  -42.88424    0.00090                          mtd2
  230   1.209  -42.88424    0.00090                          mtd4
  231   1.209  -42.88424    0.00090                          mtd4
  232   1.209  -42.88424    0.00089                          mtd1
  233   1.209  -42.88424    0.00089    0.01159   18   13     mtd5
  234   1.209  -42.88424    0.00089                          mtd2
  235   1.209  -42.88424    0.00089                          mtd3
  236   1.209  -42.88424    0.00089                          mtd5
  237   1.209  -42.88424    0.00089                          mtd2
  238   1.209  -42.88424    0.00089                          mtd3
  239   1.210  -42.88424    0.00089                          mtd1
  240   1.211  -42.88424    0.00089                          mtd4
  241   1.211  -42.88424    0.00089                          mtd1
  242   1.211  -42.88424    0.00089                          mtd1
  243   1.211  -42.88424    0.00089                          mtd3
  244   1.215  -42.88423    0.00089                          mtd1
  245   1.221  -42.88422    0.00088                          mtd2
  246   1.319  -42.88407    0.00074    0.00520   19    7     mtd1
  247   1.319  -42.88407    0.00074                          mtd4
  248   1.319  -42.88407    0.00074                          mtd4
  249   1.320  -42.88407    0.00074                          mtd2
  250   1.320  -42.88407    0.00074                          mtd3
  251   1.320  -42.88407    0.00074                          mtd4
  252   1.320  -42.88406    0.00074                          mtd4
  253   1.365  -42.88399    0.00069    0.00341   20    5     mtd3
  254   1.367  -42.88399    0.00069                          mtd4
  255   1.368  -42.88399    0.00068                          mtd4
  256   1.371  -42.88398    0.00068                          mtd4
  257   1.379  -42.88397    0.00067                          mtd5
  258   1.468  -42.88383    0.00058    0.00751   21   13     mtd4
  259   1.468  -42.88383    0.00058                          mtd4
  260   1.468  -42.88383    0.00058                          mtd3
  261   1.468  -42.88383    0.00058                          mtd1
  262   1.468  -42.88383    0.00058                          mtd3
  263   1.468  -42.88383    0.00058                          mtd2
  264   1.469  -42.88383    0.00058                          mtd5
  265   1.469  -42.88383    0.00058                          mtd4
  266   1.469  -42.88383    0.00058                          mtd3
  267   1.469  -42.88383    0.00058                          mtd1
  268   1.469  -42.88383    0.00058                          mtd4
  269   1.469  -42.88383    0.00058                          mtd1
  270   1.473  -42.88382    0.00057                          mtd3
  271   1.488  -42.88380    0.00056    0.00056   22    1     mtd2
  272   1.545  -42.88371    0.00051    0.00051   23    1     mtd2
  273   1.582  -42.88365    0.00048    0.00143   24    3     mtd4
  274   1.582  -42.88365    0.00048                          mtd1
  275   1.583  -42.88365    0.00048                          mtd1
  276   1.709  -42.88345    0.00039    0.00039   25    1     mtd4
  277   1.738  -42.88340    0.00037    0.00110   26    3     mtd1
  278   1.738  -42.88340    0.00037                          mtd5
  279   1.738  -42.88340    0.00037                          mtd3
  280   1.862  -42.88320    0.00030    0.00298   27   10     mtd4
  281   1.862  -42.88320    0.00030                          mtd1
  282   1.862  -42.88320    0.00030                          mtd3
  283   1.862  -42.88320    0.00030                          mtd3
  284   1.862  -42.88320    0.00030                          mtd5
  285   1.862  -42.88320    0.00030                          mtd4
  286   1.862  -42.88320    0.00030                          mtd1
  287   1.862  -42.88320    0.00030                          mtd1
  288   1.863  -42.88320    0.00030                          mtd3
  289   1.864  -42.88320    0.00030                          mtd1
  290   1.865  -42.88320    0.00030    0.00059   28    2     mtd4
  291   1.866  -42.88319    0.00030                          mtd4
  292   1.874  -42.88318    0.00029    0.00029   29    1     mtd2
  293   1.876  -42.88318    0.00029    0.00029   30    1     mtd5
  294   2.159  -42.88273    0.00018    0.00018   31    1     mtd5
  295   2.348  -42.88243    0.00013    0.00116   32    9     mtd1
  296   2.354  -42.88242    0.00013                          mtd1
  297   2.357  -42.88241    0.00013                          mtd6
  298   2.358  -42.88241    0.00013                          mtd2
  299   2.358  -42.88241    0.00013                          mtd1
  300   2.359  -42.88241    0.00013                          mtd6
  301   2.359  -42.88241    0.00013                          mtd1
  302   2.359  -42.88241    0.00013                          mtd6
  303   2.365  -42.88240    0.00013                          mtd5
  304   2.366  -42.88240    0.00013    0.00013   33    1     mtd1
  305   2.368  -42.88240    0.00013    0.00038   34    3     mtd4
  306   2.368  -42.88239    0.00013                          mtd3
  307   2.370  -42.88239    0.00013                          mtd3
  308   2.372  -42.88239    0.00013    0.00013   35    1     mtd3
  309   2.384  -42.88237    0.00012    0.00012   36    1     mtd1
  310   2.579  -42.88206    0.00009    0.00027   37    3     mtd5
  311   2.580  -42.88206    0.00009                          mtd2
  312   2.580  -42.88206    0.00009                          mtd4
  313   2.590  -42.88204    0.00009    0.00009   38    1     mtd1
  314   2.741  -42.88180    0.00007    0.00027   39    4     mtd3
  315   2.741  -42.88180    0.00007                          mtd5
  316   2.741  -42.88180    0.00007                          mtd3
  317   2.741  -42.88180    0.00007                          mtd5
  318   2.809  -42.88169    0.00006    0.00006   40    1     mtd3
  319   3.090  -42.88124    0.00004    0.00015   41    4     mtd3
  320   3.090  -42.88124    0.00004                          mtd3
  321   3.090  -42.88124    0.00004                          mtd1
  322   3.093  -42.88124    0.00004                          mtd4
T /K                                  :   298.15
E lowest                              :   -42.88617
ensemble average energy (kcal)        :    0.257
ensemble entropy (J/mol K, cal/mol K) :   45.006   10.757
ensemble free energy (kcal/mol)       :   -3.207
population of lowest in %             :   10.995
 number of unique conformers for further calc           41
   1       0.000
   2       0.029
   3       0.060
   4       0.061
   5       0.117
   6       0.169
   7       0.378
   8       0.385
   9       0.392
  10       0.494
  11       0.850
  12       0.965
  13       0.996
  14       1.028
  15       1.157
  16       1.173
  17       1.208
  18       1.209
  19       1.319
  20       1.365
  21       1.468
  22       1.488
  23       1.545
  24       1.582
  25       1.709
  26       1.738
  27       1.862
  28       1.865
  29       1.874
  30       1.876
  31       2.159
  32       2.348
  33       2.366
  34       2.368
  35       2.372
  36       2.384
  37       2.579
  38       2.590
  39       2.741
  40       2.809
  41       3.090
 Normal termination.
 
 -----------------
 Wall Time Summary
 -----------------
             test MD wall time :         0h : 0m :29s
                 MTD wall time :         0h :12m :58s
      multilevel OPT wall time :         0h :21m :53s
--------------------
Overall wall time  : 0h :38m :42s
 
 CREST terminated normally.
