 
       ==============================================
       |                                            |
       |                 C R E S T                  |
       |                                            |
       |  Conformer-Rotamer Ensemble Sampling Tool  |
       |        based on the GFN-xTB method         |
       |             S.Grimme, P.Pracht             |
       |          Universitaet Bonn, MCTC           |
       ==============================================
       Version 2.7.1, Wed 17. Jul 11:21:59 CEST 2019
       Using the GFN-xTB code.
       Compatible with XTB version 6.1 and later.
 
       Cite work conducted with this code as
       S. Grimme, C. Bannwarth, S. Dohm, A. Hansen,
       J. Pisarek, P. Pracht, J. Seibert, F. Neese,
       Angew. Chem. Int. Ed., 2017, 56, 14763-14769

       For the MTD(RMSD)-version (-v2)

       S. Grimme, JCTC, 2019, 15, 2847-2862

       P. Pracht, S. Grimme, in preparation
 
  -nci  : Special NCI mode for non-covalently bound complexes or clusters.
  -gfn1 :
     Use of GFN-xTB requested.
  Automatically generated ellipsoide potential for NCI mode:
> $wall
>   potential=polynomial
>   ellipsoid: 19.14152886306746, 14.95973068313705, 14.71785390874693, all
 
 =============================
  # threads =           1
 =============================
 
 
------------------------------------------------
Generating MTD length from a flexibility measure
------------------------------------------------
 flexibility measure :   1.000
 t(MTD) / ps    :     9.0
 Σ(t(MTD)) / ps :    36.0 (+    18.0)
 
-------------------------------------
Starting a trial MTD to test settings
-------------------------------------
 Success!
 Estimated runtime for one MTD (9.0 ps) on a single thread: 1 min 21 sec
 Estimated runtime for a batch of 6 MTDs on 1 threads: 8 min 5 sec
 
 list of Vbias parameters applied:
$metadyn    0.00100   1.000
$metadyn    0.00050   1.000
$metadyn    0.00100   0.500
$metadyn    0.00050   0.500
$metadyn    0.00100   0.250
$metadyn    0.00050   0.250
 
*******************************************************************************************
**                        N E W    I T E R A T I O N    C Y C L E                        **
*******************************************************************************************
 
========================================
            MTD Iteration  1
========================================
 
     ========================================
     |         Meta-MD (MTD) Sampling       |
     ========================================
 
Starting Meta-MD   1 with the settings:
     MD time /ps        :     9.0
     dt /fs             :     5.0
     dumpstep(trj) /fs  :     100
     dumpstep(Vbias)/ps :     1.0
     Vbias prefactor(k) :  0.0260
     Vbias exponent(α)  :    1.00
*Meta-MD 1 finished*
Starting Meta-MD   2 with the settings:
     MD time /ps        :     9.0
     dt /fs             :     5.0
     dumpstep(trj) /fs  :     100
     dumpstep(Vbias)/ps :     1.0
     Vbias prefactor(k) :  0.0130
     Vbias exponent(α)  :    1.00
*Meta-MD 2 finished*
Starting Meta-MD   3 with the settings:
     MD time /ps        :     9.0
     dt /fs             :     5.0
     dumpstep(trj) /fs  :     100
     dumpstep(Vbias)/ps :     1.0
     Vbias prefactor(k) :  0.0260
     Vbias exponent(α)  :    0.50
*Meta-MD 3 finished*
Starting Meta-MD   4 with the settings:
     MD time /ps        :     9.0
     dt /fs             :     5.0
     dumpstep(trj) /fs  :     100
     dumpstep(Vbias)/ps :     1.0
     Vbias prefactor(k) :  0.0130
     Vbias exponent(α)  :    0.50
*Meta-MD 4 finished*
Starting Meta-MD   5 with the settings:
     MD time /ps        :     9.0
     dt /fs             :     5.0
     dumpstep(trj) /fs  :     100
     dumpstep(Vbias)/ps :     1.0
     Vbias prefactor(k) :  0.0260
     Vbias exponent(α)  :    0.25
*Meta-MD 5 finished*
Starting Meta-MD   6 with the settings:
     MD time /ps        :     9.0
     dt /fs             :     5.0
     dumpstep(trj) /fs  :     100
     dumpstep(Vbias)/ps :     1.0
     Vbias prefactor(k) :  0.0130
     Vbias exponent(α)  :    0.25
*Meta-MD 6 finished*
 
-----------------------
Multilevel Optimization
-----------------------
 
 -------------------------
 1. crude pre-optimization
 -------------------------
 writing TMPCONF* Dirs from file "crest_rotamers_0.xyz" ... done.
 Starting optimization of generated structures
 534 jobs to do.
 1 2 3 4 5 6 7 8 9 10 11 12 13 14 15 16 17 18 19 20 21 22 23 24 25 26 27 28 29 30 31 32 33 34 35 36 37 38 39 40 41 42 43 44 45 46 47 48 49 50 51 52 53 54 55 56 57 58 59 60 61 62 63 64 65 66 67 68 69 70 71 72 73 74 75 76 77 78 79 80 81 82 83 84 85 86 87 88 89 90 91 92 93 94 95 96 97 98 99 100 101 102 103 104 105 106 107 108 109 110 111 112 113 114 115 116 117 118 119 120 121 122 123 124 125 126 127 128 129 130 131 132 133 134 135 136 137 138 139 140 141 142 143 144 145 146 147 148 149 150 151 152 153 154 155 156 157 158 159 160 161 162 163 164 165 166 167 168 169 170 171 172 173 174 175 176 177 178 179 180 181 182 183 184 185 186 187 188 189 190 191 192 193 194 195 196 197 198 199 200 201 202 203 204 205 206 207 208 209 210 211 212 213 214 215 216 217 218 219 220 221 222 223 224 225 226 227 228 229 230 231 232 233 234 235 236 237 238 239 240 241 242 243 244 245 246 247 248 249 250 251 252 253 254 255 256 257 258 259 260 261 262 263 264 265 266 267 268 269 270 271 272 273 274 275 276 277 278 279 280 281 282 283 284 285 286 287 288 289 290 291 292 293 294 295 296 297 298 299 300 301 302 303 304 305 306 307 308 309 310 311 312 313 314 315 316 317 318 319 320 321 322 323 324 325 326 327 328 329 330 331 332 333 334 335 336 337 338 339 340 341 342 343 344 345 346 347 348 349 350 351 352 353 354 355 356 357 358 359 360 361 362 363 364 365 366 367 368 369 370 371 372 373 374 375 376 377 378 379 380 381 382 383 384 385 386 387 388 389 390 391 392 393 394 395 396 397 398 399 400 401 402 403 404 405 406 407 408 409 410 411 412 413 414 415 416 417 418 419 420 421 422 423 424 425 426 427 428 429 430 431 432 433 434 435 436 437 438 439 440 441 442 443 444 445 446 447 448 449 450 451 452 453 454 455 456 457 458 459 460 461 462 463 464 465 466 467 468 469 470 471 472 473 474 475 476 477 478 479 480 481 482 483 484 485 486 487 488 489 490 491 492 493 494 495 496 497 498 499 500 501 502 503 504 505 506 507 508 509 510 511 512 513 514 515 516 517 518 519 520 521 522 523 524 525 526 527 528 529 530 531 532 533 534 
 done.
 Now appending opt.xyz file with new structures
 running RMSDs... done.
 E lowest :   -42.88545
 247 structures remain within    12.00 kcal/mol window
 
 -------------------------------------
 2. optimization with tight thresholds
 -------------------------------------
 writing TMPCONF* Dirs from file "crest_rotamers_1.xyz" ... done.
 Starting optimization of generated structures
 248 jobs to do.
 1 2 3 4 5 6 7 8 9 10 11 12 13 14 15 16 17 18 19 20 21 22 23 24 25 26 27 28 29 30 31 32 33 34 35 36 37 38 39 40 41 42 43 44 45 46 47 48 49 50 51 52 53 54 55 56 57 58 59 60 61 62 63 64 65 66 67 68 69 70 71 72 73 74 75 76 77 78 79 80 81 82 83 84 85 86 87 88 89 90 91 92 93 94 95 96 97 98 99 100 101 102 103 104 105 106 107 108 109 110 111 112 113 114 115 116 117 118 119 120 121 122 123 124 125 126 127 128 129 130 131 132 133 134 135 136 137 138 139 140 141 142 143 144 145 146 147 148 149 150 151 152 153 154 155 156 157 158 159 160 161 162 163 164 165 166 167 168 169 170 171 172 173 174 175 176 177 178 179 180 181 182 183 184 185 186 187 188 189 190 191 192 193 194 195 196 197 198 199 200 201 202 203 204 205 206 207 208 209 210 211 212 213 214 215 216 217 218 219 220 221 222 223 224 225 226 227 228 229 230 231 232 233 234 235 236 237 238 239 240 241 242 243 244 245 246 247 248 
 done.
 Now appending opt.xyz file with new structures
 running RMSDs... done.
 E lowest :   -42.88617
 133 structures remain within     6.00 kcal/mol window
 
 
========================================
            MTD Iteration  2
========================================
 
     ========================================
     |         Meta-MD (MTD) Sampling       |
     ========================================
 
Starting Meta-MD   1 with the settings:
     MD time /ps        :     9.0
     dt /fs             :     5.0
     dumpstep(trj) /fs  :     100
     dumpstep(Vbias)/ps :     1.0
     Vbias prefactor(k) :  0.0260
     Vbias exponent(α)  :    1.00
*Meta-MD 1 finished*
Starting Meta-MD   2 with the settings:
     MD time /ps        :     9.0
     dt /fs             :     5.0
     dumpstep(trj) /fs  :     100
     dumpstep(Vbias)/ps :     1.0
     Vbias prefactor(k) :  0.0130
     Vbias exponent(α)  :    1.00
*Meta-MD 2 finished*
Starting Meta-MD   3 with the settings:
     MD time /ps        :     9.0
     dt /fs             :     5.0
     dumpstep(trj) /fs  :     100
     dumpstep(Vbias)/ps :     1.0
     Vbias prefactor(k) :  0.0260
     Vbias exponent(α)  :    0.50
*Meta-MD 3 finished*
Starting Meta-MD   4 with the settings:
     MD time /ps        :     9.0
     dt /fs             :     5.0
     dumpstep(trj) /fs  :     100
     dumpstep(Vbias)/ps :     1.0
     Vbias prefactor(k) :  0.0130
     Vbias exponent(α)  :    0.50
*Meta-MD 4 finished*
 
-----------------------
Multilevel Optimization
-----------------------
 
 -------------------------
 1. crude pre-optimization
 -------------------------
 writing TMPCONF* Dirs from file "crest_rotamers_0.xyz" ... done.
 Starting optimization of generated structures
 356 jobs to do.
 1 2 3 4 5 6 7 8 9 10 11 12 13 14 15 16 17 18 19 20 21 22 23 24 25 26 27 28 29 30 31 32 33 34 35 36 37 38 39 40 41 42 43 44 45 46 47 48 49 50 51 52 53 54 55 56 57 58 59 60 61 62 63 64 65 66 67 68 69 70 71 72 73 74 75 76 77 78 79 80 81 82 83 84 85 86 87 88 89 90 91 92 93 94 95 96 97 98 99 100 101 102 103 104 105 106 107 108 109 110 111 112 113 114 115 116 117 118 119 120 121 122 123 124 125 126 127 128 129 130 131 132 133 134 135 136 137 138 139 140 141 142 143 144 145 146 147 148 149 150 151 152 153 154 155 156 157 158 159 160 161 162 163 164 165 166 167 168 169 170 171 172 173 174 175 176 177 178 179 180 181 182 183 184 185 186 187 188 189 190 191 192 193 194 195 196 197 198 199 200 201 202 203 204 205 206 207 208 209 210 211 212 213 214 215 216 217 218 219 220 221 222 223 224 225 226 227 228 229 230 231 232 233 234 235 236 237 238 239 240 241 242 243 244 245 246 247 248 249 250 251 252 253 254 255 256 257 258 259 260 261 262 263 264 265 266 267 268 269 270 271 272 273 274 275 276 277 278 279 280 281 282 283 284 285 286 287 288 289 290 291 292 293 294 295 296 297 298 299 300 301 302 303 304 305 306 307 308 309 310 311 312 313 314 315 316 317 318 319 320 321 322 323 324 325 326 327 328 329 330 331 332 333 334 335 336 337 338 339 340 341 342 343 344 345 346 347 348 349 350 351 352 353 354 355 356 
 done.
 Now appending opt.xyz file with new structures
 running RMSDs... done.
 E lowest :   -42.88579
 301 structures remain within    12.00 kcal/mol window
 
 -------------------------------------
 2. optimization with tight thresholds
 -------------------------------------
 writing TMPCONF* Dirs from file "crest_rotamers_1.xyz" ... done.
 Starting optimization of generated structures
 302 jobs to do.
 1 2 3 4 5 6 7 8 9 10 11 12 13 14 15 16 17 18 19 20 21 22 23 24 25 26 27 28 29 30 31 32 33 34 35 36 37 38 39 40 41 42 43 44 45 46 47 48 49 50 51 52 53 54 55 56 57 58 59 60 61 62 63 64 65 66 67 68 69 70 71 72 73 74 75 76 77 78 79 80 81 82 83 84 85 86 87 88 89 90 91 92 93 94 95 96 97 98 99 100 101 102 103 104 105 106 107 108 109 110 111 112 113 114 115 116 117 118 119 120 121 122 123 124 125 126 127 128 129 130 131 132 133 134 135 136 137 138 139 140 141 142 143 144 145 146 147 148 149 150 151 152 153 154 155 156 157 158 159 160 161 162 163 164 165 166 167 168 169 170 171 172 173 174 175 176 177 178 179 180 181 182 183 184 185 186 187 188 189 190 191 192 193 194 195 196 197 198 199 200 201 202 203 204 205 206 207 208 209 210 211 212 213 214 215 216 217 218 219 220 221 222 223 224 225 226 227 228 229 230 231 232 233 234 235 236 237 238 239 240 241 242 243 244 245 246 247 248 249 250 251 252 253 254 255 256 257 258 259 260 261 262 263 264 265 266 267 268 269 270 271 272 273 274 275 276 277 278 279 280 281 282 283 284 285 286 287 288 289 290 291 292 293 294 295 296 297 298 299 300 301 302 
 done.
 Now appending opt.xyz file with new structures
 running RMSDs... done.
 E lowest :   -42.88617
 176 structures remain within     6.00 kcal/mol window
 
========================================
            MTD Iterations done         
========================================
 Collecting ensmbles.
 running RMSDs... done.
 E lowest :   -42.88617
 296 structures remain within     6.00 kcal/mol window
 
 
 
   ================================================
   |           Final Geometry Optimization        |
   ================================================
 ---------------------
 Ensemble optimization
 ---------------------
 writing TMPCONF* Dirs from file "crest_rotamers_1.xyz" ... done.
 Starting optimization of generated structures
 296 jobs to do.
 1 2 3 4 5 6 7 8 9 10 11 12 13 14 15 16 17 18 19 20 21 22 23 24 25 26 27 28 29 30 31 32 33 34 35 36 37 38 39 40 41 42 43 44 45 46 47 48 49 50 51 52 53 54 55 56 57 58 59 60 61 62 63 64 65 66 67 68 69 70 71 72 73 74 75 76 77 78 79 80 81 82 83 84 85 86 87 88 89 90 91 92 93 94 95 96 97 98 99 100 101 102 103 104 105 106 107 108 109 110 111 112 113 114 115 116 117 118 119 120 121 122 123 124 125 126 127 128 129 130 131 132 133 134 135 136 137 138 139 140 141 142 143 144 145 146 147 148 149 150 151 152 153 154 155 156 157 158 159 160 161 162 163 164 165 166 167 168 169 170 171 172 173 174 175 176 177 178 179 180 181 182 183 184 185 186 187 188 189 190 191 192 193 194 195 196 197 198 199 200 201 202 203 204 205 206 207 208 209 210 211 212 213 214 215 216 217 218 219 220 221 222 223 224 225 226 227 228 229 230 231 232 233 234 235 236 237 238 239 240 241 242 243 244 245 246 247 248 249 250 251 252 253 254 255 256 257 258 259 260 261 262 263 264 265 266 267 268 269 270 271 272 273 274 275 276 277 278 279 280 281 282 283 284 285 286 287 288 289 290 291 292 293 294 295 296 
 done.
 Now appending opt.xyz file with new structures
 running RMSDs... done.
 E lowest :   -42.88617
 272 structures remain within     6.00 kcal/mol window
 
-------------------------------------
CREGEN - CONFORMER SYMMETRY ANALYSIS
-------------------------------------
 =============================
  # threads =           1
 =============================
 input  file name : crest_rotamers_2.xyz
 output file name : crest_rotamers_3.xyz
 number of atoms                :    26
 number of points on xyz files  :   296
 RMSD threshold                 :   0.1250
 Bconst threshold               :   0.0200
 population threshold           :   0.0500
 conformer energy window  /kcal :   6.0000
 # fragment in coord            :     2
 number of reliable points      :   296
 reference state Etot :  -42.8861689211000
 number of doubles removed by rot/RMSD         :          24
 total number unique points considered further :         272
   Erel/kcal    Etot      weight/tot conformer  set degen    origin
    1   0.000  -42.88617    0.00824    0.08238    1   10     mtd4
    2   0.000  -42.88617    0.00824                          mtd2
    3   0.000  -42.88617    0.00824                          mtd4
    4   0.000  -42.88617    0.00824                          mtd1
    5   0.000  -42.88617    0.00824                          mtd1
    6   0.000  -42.88617    0.00824                          mtd2
    7   0.000  -42.88617    0.00824                          mtd4
    8   0.000  -42.88617    0.00824                          mtd3
    9   0.000  -42.88617    0.00824                          mtd1
   10   0.000  -42.88617    0.00823                          mtd1
   11   0.029  -42.88612    0.00785    0.16477    2   21     mtd3
   12   0.029  -42.88612    0.00785                          mtd3
   13   0.029  -42.88612    0.00785                          mtd4
   14   0.029  -42.88612    0.00785                          mtd4
   15   0.029  -42.88612    0.00785                          mtd3
   16   0.029  -42.88612    0.00785                          mtd2
   17   0.029  -42.88612    0.00785                          mtd1
   18   0.029  -42.88612    0.00785                          mtd2
   19   0.029  -42.88612    0.00785                          mtd2
   20   0.029  -42.88612    0.00785                          mtd5
   21   0.029  -42.88612    0.00785                          mtd4
   22   0.029  -42.88612    0.00785                          mtd2
   23   0.029  -42.88612    0.00785                          mtd1
   24   0.029  -42.88612    0.00785                          mtd4
   25   0.029  -42.88612    0.00785                          mtd5
   26   0.029  -42.88612    0.00785                          mtd2
   27   0.029  -42.88612    0.00784                          mtd2
   28   0.029  -42.88612    0.00784                          mtd4
   29   0.029  -42.88612    0.00784                          mtd1
   30   0.029  -42.88612    0.00784                          mtd2
   31   0.029  -42.88612    0.00784                          mtd2
   32   0.061  -42.88607    0.00743    0.17091    3   23     mtd4
   33   0.061  -42.88607    0.00743                          mtd2
   34   0.061  -42.88607    0.00743                          mtd4
   35   0.061  -42.88607    0.00743                          mtd1
   36   0.061  -42.88607    0.00743                          mtd3
   37   0.061  -42.88607    0.00743                          mtd2
   38   0.061  -42.88607    0.00743                          mtd3
   39   0.061  -42.88607    0.00743                          mtd1
   40   0.061  -42.88607    0.00743                          mtd1
   41   0.061  -42.88607    0.00743                          mtd3
   42   0.061  -42.88607    0.00743                          mtd2
   43   0.061  -42.88607    0.00743                          mtd4
   44   0.061  -42.88607    0.00743                          mtd4
   45   0.061  -42.88607    0.00743                          mtd1
   46   0.061  -42.88607    0.00743                          mtd1
   47   0.061  -42.88607    0.00743                          mtd1
   48   0.061  -42.88607    0.00743                          mtd1
   49   0.061  -42.88607    0.00743                          mtd3
   50   0.061  -42.88607    0.00743                          mtd1
   51   0.061  -42.88607    0.00743                          mtd4
   52   0.061  -42.88607    0.00743                          mtd1
   53   0.062  -42.88607    0.00742                          mtd4
   54   0.063  -42.88607    0.00740                          mtd4
   55   0.117  -42.88598    0.00676    0.20965    4   31     mtd4
   56   0.117  -42.88598    0.00676                          mtd4
   57   0.117  -42.88598    0.00676                          mtd6
   58   0.117  -42.88598    0.00676                          mtd1
   59   0.117  -42.88598    0.00676                          mtd2
   60   0.117  -42.88598    0.00676                          mtd3
   61   0.117  -42.88598    0.00676                          mtd4
   62   0.117  -42.88598    0.00676                          mtd3
   63   0.117  -42.88598    0.00676                          mtd3
   64   0.117  -42.88598    0.00676                          mtd1
   65   0.117  -42.88598    0.00676                          mtd1
   66   0.117  -42.88598    0.00676                          mtd1
   67   0.117  -42.88598    0.00676                          mtd2
   68   0.117  -42.88598    0.00676                          mtd2
   69   0.117  -42.88598    0.00676                          mtd2
   70   0.117  -42.88598    0.00676                          mtd4
   71   0.117  -42.88598    0.00676                          mtd2
   72   0.117  -42.88598    0.00676                          mtd4
   73   0.117  -42.88598    0.00676                          mtd3
   74   0.117  -42.88598    0.00676                          mtd1
   75   0.117  -42.88598    0.00676                          mtd2
   76   0.117  -42.88598    0.00676                          mtd6
   77   0.117  -42.88598    0.00676                          mtd1
   78   0.117  -42.88598    0.00676                          mtd4
   79   0.117  -42.88598    0.00676                          mtd1
   80   0.117  -42.88598    0.00676                          mtd2
   81   0.117  -42.88598    0.00676                          mtd3
   82   0.117  -42.88598    0.00676                          mtd1
   83   0.117  -42.88598    0.00676                          mtd3
   84   0.118  -42.88598    0.00676                          mtd1
   85   0.118  -42.88598    0.00676                          mtd2
   86   0.169  -42.88590    0.00619    0.07432    5   12     mtd1
   87   0.169  -42.88590    0.00619                          mtd1
   88   0.169  -42.88590    0.00619                          mtd1
   89   0.169  -42.88590    0.00619                          mtd6
   90   0.169  -42.88590    0.00619                          mtd4
   91   0.169  -42.88590    0.00619                          mtd6
   92   0.169  -42.88590    0.00619                          mtd3
   93   0.169  -42.88590    0.00619                          mtd3
   94   0.169  -42.88590    0.00619                          mtd4
   95   0.169  -42.88590    0.00619                          mtd2
   96   0.169  -42.88590    0.00619                          mtd2
   97   0.169  -42.88590    0.00619                          mtd3
   98   0.378  -42.88557    0.00436    0.15226    6   35     mtd2
   99   0.378  -42.88557    0.00436                          mtd1
  100   0.378  -42.88557    0.00436                          mtd2
  101   0.378  -42.88557    0.00436                          mtd5
  102   0.378  -42.88557    0.00436                          mtd3
  103   0.378  -42.88557    0.00436                          mtd4
  104   0.378  -42.88557    0.00436                          mtd3
  105   0.378  -42.88557    0.00436                          mtd4
  106   0.378  -42.88557    0.00436                          mtd6
  107   0.378  -42.88557    0.00436                          mtd5
  108   0.378  -42.88557    0.00436                          mtd3
  109   0.378  -42.88557    0.00436                          mtd1
  110   0.378  -42.88557    0.00436                          mtd1
  111   0.378  -42.88557    0.00436                          mtd2
  112   0.378  -42.88557    0.00435                          mtd2
  113   0.378  -42.88557    0.00435                          mtd3
  114   0.378  -42.88557    0.00435                          mtd6
  115   0.378  -42.88557    0.00435                          mtd2
  116   0.378  -42.88557    0.00435                          mtd3
  117   0.378  -42.88557    0.00435                          mtd3
  118   0.378  -42.88557    0.00435                          mtd2
  119   0.378  -42.88557    0.00435                          mtd1
  120   0.378  -42.88557    0.00435                          mtd4
  121   0.379  -42.88557    0.00435                          mtd4
  122   0.379  -42.88557    0.00435                          mtd5
  123   0.379  -42.88557    0.00435                          mtd6
  124   0.379  -42.88556    0.00435                          mtd4
  125   0.379  -42.88556    0.00435                          mtd2
  126   0.379  -42.88556    0.00435                          mtd4
  127   0.379  -42.88556    0.00435                          mtd3
  128   0.379  -42.88556    0.00435                          mtd2
  129   0.380  -42.88556    0.00434                          mtd2
  130   0.381  -42.88556    0.00433                          mtd4
  131   0.383  -42.88556    0.00432                          mtd2
  132   0.386  -42.88555    0.00430                          mtd5
  133   0.494  -42.88538    0.00358    0.01434    7    4     mtd4
  134   0.494  -42.88538    0.00358                          mtd3
  135   0.494  -42.88538    0.00358                          mtd3
  136   0.494  -42.88538    0.00358                          mtd4
  137   0.850  -42.88481    0.00197    0.01571    8    8     mtd2
  138   0.850  -42.88481    0.00197                          mtd2
  139   0.850  -42.88481    0.00197                          mtd3
  140   0.850  -42.88481    0.00196                          mtd2
  141   0.850  -42.88481    0.00196                          mtd6
  142   0.850  -42.88481    0.00196                          mtd2
  143   0.851  -42.88481    0.00196                          mtd4
  144   0.852  -42.88481    0.00196                          mtd5
  145   0.965  -42.88463    0.00162    0.01781    9   11     mtd3
  146   0.965  -42.88463    0.00162                          mtd3
  147   0.965  -42.88463    0.00162                          mtd3
  148   0.965  -42.88463    0.00162                          mtd4
  149   0.965  -42.88463    0.00162                          mtd3
  150   0.965  -42.88463    0.00162                          mtd4
  151   0.965  -42.88463    0.00162                          mtd1
  152   0.965  -42.88463    0.00162                          mtd4
  153   0.965  -42.88463    0.00162                          mtd1
  154   0.965  -42.88463    0.00162                          mtd4
  155   0.965  -42.88463    0.00162                          mtd2
  156   0.996  -42.88458    0.00154    0.01382   10    9     mtd5
  157   0.996  -42.88458    0.00154                          mtd1
  158   0.996  -42.88458    0.00154                          mtd6
  159   0.996  -42.88458    0.00154                          mtd5
  160   0.996  -42.88458    0.00154                          mtd1
  161   0.996  -42.88458    0.00154                          mtd4
  162   0.996  -42.88458    0.00154                          mtd4
  163   0.997  -42.88458    0.00153                          mtd2
  164   0.997  -42.88458    0.00153                          mtd2
  165   1.028  -42.88453    0.00146    0.00583   11    4     mtd3
  166   1.028  -42.88453    0.00146                          mtd6
  167   1.028  -42.88453    0.00146                          mtd2
  168   1.028  -42.88453    0.00146                          mtd2
  169   1.157  -42.88433    0.00117    0.02217   12   19     mtd1
  170   1.157  -42.88433    0.00117                          mtd1
  171   1.157  -42.88433    0.00117                          mtd4
  172   1.157  -42.88433    0.00117                          mtd6
  173   1.157  -42.88432    0.00117                          mtd2
  174   1.157  -42.88432    0.00117                          mtd1
  175   1.158  -42.88432    0.00117                          mtd3
  176   1.158  -42.88432    0.00117                          mtd1
  177   1.158  -42.88432    0.00117                          mtd1
  178   1.158  -42.88432    0.00117                          mtd6
  179   1.158  -42.88432    0.00117                          mtd3
  180   1.158  -42.88432    0.00117                          mtd5
  181   1.159  -42.88432    0.00117                          mtd6
  182   1.160  -42.88432    0.00117                          mtd4
  183   1.160  -42.88432    0.00117                          mtd3
  184   1.161  -42.88432    0.00116                          mtd2
  185   1.163  -42.88431    0.00116                          mtd3
  186   1.165  -42.88431    0.00115                          mtd4
  187   1.167  -42.88431    0.00115                          mtd4
  188   1.208  -42.88424    0.00108    0.03001   13   28     mtd3
  189   1.208  -42.88424    0.00107                          mtd6
  190   1.208  -42.88424    0.00107                          mtd4
  191   1.208  -42.88424    0.00107                          mtd3
  192   1.208  -42.88424    0.00107                          mtd4
  193   1.208  -42.88424    0.00107                          mtd6
  194   1.208  -42.88424    0.00107                          mtd1
  195   1.208  -42.88424    0.00107                          mtd3
  196   1.208  -42.88424    0.00107                          mtd3
  197   1.208  -42.88424    0.00107                          mtd6
  198   1.208  -42.88424    0.00107                          mtd3
  199   1.208  -42.88424    0.00107                          mtd4
  200   1.208  -42.88424    0.00107                          mtd4
  201   1.209  -42.88424    0.00107                          mtd2
  202   1.209  -42.88424    0.00107                          mtd6
  203   1.209  -42.88424    0.00107                          mtd2
  204   1.209  -42.88424    0.00107                          mtd5
  205   1.209  -42.88424    0.00107                          mtd2
  206   1.209  -42.88424    0.00107                          mtd3
  207   1.209  -42.88424    0.00107                          mtd1
  208   1.209  -42.88424    0.00107                          mtd5
  209   1.210  -42.88424    0.00107                          mtd3
  210   1.210  -42.88424    0.00107                          mtd4
  211   1.210  -42.88424    0.00107                          mtd4
  212   1.212  -42.88424    0.00107                          mtd2
  213   1.213  -42.88424    0.00106                          mtd2
  214   1.217  -42.88423    0.00106                          mtd6
  215   1.219  -42.88423    0.00105                          mtd1
  216   1.233  -42.88420    0.00103    0.00103   14    1     mtd5
  217   1.320  -42.88407    0.00089    0.00089   15    1     mtd3
  218   1.365  -42.88399    0.00082    0.00737   16    9     mtd3
  219   1.365  -42.88399    0.00082                          mtd3
  220   1.367  -42.88399    0.00082                          mtd3
  221   1.367  -42.88399    0.00082                          mtd2
  222   1.367  -42.88399    0.00082                          mtd6
  223   1.369  -42.88399    0.00082                          mtd3
  224   1.372  -42.88398    0.00081                          mtd2
  225   1.373  -42.88398    0.00081                          mtd3
  226   1.377  -42.88397    0.00081                          mtd6
  227   1.468  -42.88383    0.00069    0.00831   17   12     mtd5
  228   1.468  -42.88383    0.00069                          mtd4
  229   1.468  -42.88383    0.00069                          mtd1
  230   1.468  -42.88383    0.00069                          mtd2
  231   1.468  -42.88383    0.00069                          mtd4
  232   1.468  -42.88383    0.00069                          mtd5
  233   1.468  -42.88383    0.00069                          mtd1
  234   1.468  -42.88383    0.00069                          mtd1
  235   1.469  -42.88383    0.00069                          mtd4
  236   1.469  -42.88383    0.00069                          mtd1
  237   1.469  -42.88383    0.00069                          mtd1
  238   1.469  -42.88383    0.00069                          mtd4
  239   1.707  -42.88345    0.00046    0.00046   18    1     mtd1
  240   1.738  -42.88340    0.00044    0.00132   19    3     mtd5
  241   1.738  -42.88340    0.00044                          mtd3
  242   1.738  -42.88340    0.00044                          mtd3
  243   1.857  -42.88321    0.00036    0.00036   20    1     mtd2
  244   1.862  -42.88320    0.00036    0.00392   21   11     mtd6
  245   1.862  -42.88320    0.00036                          mtd2
  246   1.862  -42.88320    0.00036                          mtd1
  247   1.862  -42.88320    0.00036                          mtd3
  248   1.862  -42.88320    0.00036                          mtd2
  249   1.862  -42.88320    0.00036                          mtd2
  250   1.862  -42.88320    0.00036                          mtd1
  251   1.862  -42.88320    0.00036                          mtd2
  252   1.862  -42.88320    0.00036                          mtd4
  253   1.864  -42.88320    0.00036                          mtd3
  254   1.865  -42.88320    0.00035                          mtd3
  255   2.158  -42.88273    0.00022    0.00087   22    4     mtd4
  256   2.158  -42.88273    0.00022                          mtd1
  257   2.159  -42.88273    0.00022                          mtd5
  258   2.159  -42.88273    0.00022                          mtd1
  259   2.350  -42.88242    0.00016    0.00016   23    1     mtd4
  260   2.368  -42.88240    0.00015    0.00045   24    3     mtd5
  261   2.370  -42.88239    0.00015                          mtd4
  262   2.374  -42.88239    0.00015                          mtd2
  263   2.579  -42.88206    0.00011    0.00042   25    4     mtd3
  264   2.580  -42.88206    0.00011                          mtd3
  265   2.581  -42.88206    0.00011                          mtd3
  266   2.584  -42.88205    0.00011                          mtd3
  267   2.602  -42.88202    0.00010    0.00010   26    1     mtd3
  268   2.741  -42.88180    0.00008    0.00032   27    4     mtd6
  269   2.741  -42.88180    0.00008                          mtd6
  270   2.741  -42.88180    0.00008                          mtd5
  271   2.741  -42.88180    0.00008                          mtd3
  272   3.090  -42.88124    0.00004    0.00004   28    1     mtd1
T /K                                  :   298.15
E lowest                              :   -42.88617
ensemble average energy (kcal)        :    0.271
ensemble entropy (J/mol K, cal/mol K) :   43.698   10.444
ensemble free energy (kcal/mol)       :   -3.114
population of lowest in %             :    8.238
 number of unique conformers for further calc           28
   1       0.000
   2       0.029
   3       0.061
   4       0.117
   5       0.169
   6       0.378
   7       0.494
   8       0.850
   9       0.965
  10       0.996
  11       1.028
  12       1.157
  13       1.208
  14       1.233
  15       1.320
  16       1.365
  17       1.468
  18       1.707
  19       1.738
  20       1.857
  21       1.862
  22       2.158
  23       2.350
  24       2.368
  25       2.579
  26       2.602
  27       2.741
  28       3.090
 Normal termination.
 
 -----------------
 Wall Time Summary
 -----------------
             test MD wall time :         0h : 0m : 8s
                 MTD wall time :         0h :12m :51s
      multilevel OPT wall time :         0h :38m :49s
--------------------
Overall wall time  : 0h :58m :25s
 
 CREST terminated normally.
