 
       ==============================================
       |                                            |
       |                 C R E S T                  |
       |                                            |
       |  Conformer-Rotamer Ensemble Sampling Tool  |
       |        based on the GFN-xTB method         |
       |             S.Grimme, P.Pracht             |
       |          Universitaet Bonn, MCTC           |
       ==============================================
       Version 2.7.1, Wed 17. Jul 11:21:59 CEST 2019
       Using the GFN-xTB code.
       Compatible with XTB version 6.1 and later.
 
       Cite work conducted with this code as
       S. Grimme, C. Bannwarth, S. Dohm, A. Hansen,
       J. Pisarek, P. Pracht, J. Seibert, F. Neese,
       Angew. Chem. Int. Ed., 2017, 56, 14763-14769

       For the MTD(RMSD)-version (-v2)

       S. Grimme, JCTC, 2019, 15, 2847-2862

       P. Pracht, S. Grimme, in preparation
 
  -nci  : Special NCI mode for non-covalently bound complexes or clusters.
  -gfn1 :
     Use of GFN-xTB requested.
  Automatically generated ellipsoide potential for NCI mode:
> $wall
>   potential=polynomial
>   ellipsoid: 18.29336332253276, 14.05230085022117, 13.64066487730880, all
 
 =============================
  # threads =          12
 =============================
 
 
------------------------------------------------
Generating MTD length from a flexibility measure
------------------------------------------------
 flexibility measure :   1.000
 t(MTD) / ps    :     8.0
 Σ(t(MTD)) / ps :    32.0 (+    16.0)
 
-------------------------------------
Starting a trial MTD to test settings
-------------------------------------
 Success!
 Estimated runtime for one MTD (8.0 ps) on a single thread: 19 min 21 sec
 Estimated runtime for a batch of 6 MTDs on 12 threads: 9 min 40 sec
 
 list of Vbias parameters applied:
$metadyn    0.00100   1.000
$metadyn    0.00050   1.000
$metadyn    0.00100   0.500
$metadyn    0.00050   0.500
$metadyn    0.00100   0.250
$metadyn    0.00050   0.250
 
*******************************************************************************************
**                        N E W    I T E R A T I O N    C Y C L E                        **
*******************************************************************************************
 
========================================
            MTD Iteration  1
========================================
 
     ========================================
     |         Meta-MD (MTD) Sampling       |
     ========================================
 
Starting Meta-MD   6 with the settings:
     MD time /ps        :     8.0
     dt /fs             :     5.0
     dumpstep(trj) /fs  :     100
     dumpstep(Vbias)/ps :     1.0
     Vbias prefactor(k) :  0.0120
     Vbias exponent(α)  :    0.25
Starting Meta-MD   1 with the settings:
     MD time /ps        :     8.0
     dt /fs             :     5.0
     dumpstep(trj) /fs  :     100
     dumpstep(Vbias)/ps :     1.0
     Vbias prefactor(k) :  0.0240
     Vbias exponent(α)  :    1.00
Starting Meta-MD   2 with the settings:
     MD time /ps        :     8.0
     dt /fs             :     5.0
     dumpstep(trj) /fs  :     100
     dumpstep(Vbias)/ps :     1.0
     Vbias prefactor(k) :  0.0120
     Vbias exponent(α)  :    1.00
Starting Meta-MD   3 with the settings:
     MD time /ps        :     8.0
     dt /fs             :     5.0
     dumpstep(trj) /fs  :     100
     dumpstep(Vbias)/ps :     1.0
     Vbias prefactor(k) :  0.0240
     Vbias exponent(α)  :    0.50
Starting Meta-MD   4 with the settings:
     MD time /ps        :     8.0
     dt /fs             :     5.0
     dumpstep(trj) /fs  :     100
     dumpstep(Vbias)/ps :     1.0
     Vbias prefactor(k) :  0.0120
     Vbias exponent(α)  :    0.50
Starting Meta-MD   5 with the settings:
     MD time /ps        :     8.0
     dt /fs             :     5.0
     dumpstep(trj) /fs  :     100
     dumpstep(Vbias)/ps :     1.0
     Vbias prefactor(k) :  0.0240
     Vbias exponent(α)  :    0.25
*Meta-MD 1 finished*
*Meta-MD 6 finished*
*Meta-MD 2 finished*
*Meta-MD 3 finished*
*Meta-MD 5 finished*
*Meta-MD 4 finished*
 
-----------------------
Multilevel Optimization
-----------------------
 
 -------------------------
 1. crude pre-optimization
 -------------------------
 writing TMPCONF* Dirs from file "crest_rotamers_0.xyz" ... done.
 Starting optimization of generated structures
 474 jobs to do.
 1 2 3 4 5 6 7 8 9 10 11 12 13 14 15 16 17 18 19 20 21 22 23 24 25 26 27 28 29 30 31 32 33 34 35 36 37 38 39 40 41 42 43 44 45 46 47 48 49 50 51 52 53 54 55 56 57 58 59 60 61 62 63 64 65 66 67 68 69 70 71 72 73 74 75 76 77 78 79 80 81 82 83 84 85 86 87 88 89 90 91 92 93 94 95 96 97 98 99 100 101 102 103 104 105 106 107 108 109 110 111 112 113 114 115 116 117 118 119 120 121 122 123 124 125 126 127 128 129 130 131 132 133 134 135 136 137 138 139 140 141 142 143 144 145 146 147 148 149 150 151 152 153 154 155 156 157 158 159 160 161 162 163 164 165 166 167 168 169 170 171 172 173 174 175 176 177 178 179 180 181 182 183 184 185 186 187 188 189 190 191 192 193 194 195 196 197 198 199 200 201 202 203 204 205 206 207 208 209 210 211 212 213 214 215 216 217 218 219 220 221 222 223 224 225 226 227 228 229 230 231 232 233 234 235 236 237 238 239 240 241 242 243 244 245 246 247 248 249 250 251 252 253 254 255 256 257 258 259 260 261 262 263 264 265 266 267 268 269 270 271 272 273 274 275 276 277 278 279 280 281 282 283 284 285 286 287 288 289 290 291 292 293 294 295 296 297 298 299 300 301 302 303 304 305 306 307 308 309 310 311 312 313 314 315 316 317 318 319 320 321 322 323 324 325 326 327 328 329 330 331 332 333 334 335 336 337 338 339 340 341 342 343 344 345 346 347 348 349 350 351 352 353 354 355 356 357 358 359 360 361 362 363 364 365 366 367 368 369 370 371 372 373 374 375 376 377 378 379 380 381 382 383 384 385 386 387 388 389 390 391 392 393 394 395 396 397 398 399 400 401 402 403 404 405 406 407 408 409 410 411 412 413 414 415 416 417 418 419 420 421 422 423 424 425 426 427 428 429 430 431 432 433 434 435 436 437 438 439 440 441 442 443 444 445 446 447 448 449 450 451 452 453 454 455 456 457 458 459 460 461 462 463 464 465 466 467 468 469 470 471 472 473 474 
 done.
 Now appending opt.xyz file with new structures
 running RMSDs... done.
 E lowest :   -38.69934
 14 structures remain within    12.00 kcal/mol window
 This is less than 5% of the initial 474 structures.
 Increasing energy window to include more...
 running RMSDs... done.
 E lowest :   -38.69934
 14 structures remain within    18.00 kcal/mol window
 
 -------------------------------------
 2. optimization with tight thresholds
 -------------------------------------
 writing TMPCONF* Dirs from file "crest_rotamers_1.xyz" ... done.
 Starting optimization of generated structures
 15 jobs to do.
 1 2 3 4 5 6 7 8 9 10 11 12 13 14 15 
 done.
 Now appending opt.xyz file with new structures
 running RMSDs... done.
 E lowest :   -38.70114
 8 structures remain within     6.00 kcal/mol window
 
 
========================================
            MTD Iteration  2
========================================
 
     ========================================
     |         Meta-MD (MTD) Sampling       |
     ========================================
 
Starting Meta-MD   4 with the settings:
     MD time /ps        :     8.0
     dt /fs             :     5.0
     dumpstep(trj) /fs  :     100
     dumpstep(Vbias)/ps :     1.0
     Vbias prefactor(k) :  0.0120
     Vbias exponent(α)  :    0.50
Starting Meta-MD   1 with the settings:
     MD time /ps        :     8.0
     dt /fs             :     5.0
     dumpstep(trj) /fs  :     100
     dumpstep(Vbias)/ps :     1.0
     Vbias prefactor(k) :  0.0240
     Vbias exponent(α)  :    1.00
Starting Meta-MD   2 with the settings:
     MD time /ps        :     8.0
     dt /fs             :     5.0
     dumpstep(trj) /fs  :     100
     dumpstep(Vbias)/ps :     1.0
     Vbias prefactor(k) :  0.0120
     Vbias exponent(α)  :    1.00
Starting Meta-MD   3 with the settings:
     MD time /ps        :     8.0
     dt /fs             :     5.0
     dumpstep(trj) /fs  :     100
     dumpstep(Vbias)/ps :     1.0
     Vbias prefactor(k) :  0.0240
     Vbias exponent(α)  :    0.50
*Meta-MD 4 finished*
*Meta-MD 3 finished*
*Meta-MD 1 finished*
*Meta-MD 2 finished*
 
-----------------------
Multilevel Optimization
-----------------------
 
 -------------------------
 1. crude pre-optimization
 -------------------------
 writing TMPCONF* Dirs from file "crest_rotamers_0.xyz" ... done.
 Starting optimization of generated structures
 316 jobs to do.
 1 2 3 4 5 6 7 8 9 10 11 12 13 14 15 16 17 18 19 20 21 22 23 24 25 26 27 28 29 30 31 32 33 34 35 36 37 38 39 40 41 42 43 44 45 46 47 48 49 50 51 52 53 54 55 56 57 58 59 60 61 62 63 64 65 66 67 68 69 70 71 72 73 74 75 76 77 78 79 80 81 82 83 84 85 86 87 88 89 90 91 92 93 94 95 96 97 98 99 100 101 102 103 104 105 106 107 108 109 110 111 112 113 114 115 116 117 118 119 120 121 122 123 124 125 126 127 128 129 130 131 132 133 134 135 136 137 138 139 140 141 142 143 144 145 146 147 148 149 150 151 152 153 154 155 156 157 158 159 160 161 162 163 164 165 166 167 168 169 170 171 172 173 174 175 176 177 178 179 180 181 182 183 184 185 186 187 188 189 190 191 192 193 194 195 196 197 198 199 200 201 202 203 204 205 206 207 208 209 210 211 212 213 214 215 216 217 218 219 220 221 222 223 224 225 226 227 228 229 230 231 232 233 234 235 236 237 238 239 240 241 242 243 244 245 246 247 248 249 250 251 252 253 254 255 256 257 258 259 260 261 262 263 264 265 266 267 268 269 270 271 272 273 274 275 276 277 278 279 280 281 282 283 284 285 286 287 288 289 290 291 292 293 294 295 296 297 298 299 300 301 302 303 304 305 306 307 308 309 310 311 312 313 314 315 316 
 done.
 Now appending opt.xyz file with new structures
 running RMSDs... done.
 E lowest :   -38.70097
 169 structures remain within    12.00 kcal/mol window
 
 -------------------------------------
 2. optimization with tight thresholds
 -------------------------------------
 writing TMPCONF* Dirs from file "crest_rotamers_1.xyz" ... done.
 Starting optimization of generated structures
 170 jobs to do.
 1 2 3 4 5 6 7 8 9 10 11 12 13 14 15 16 17 18 19 20 21 22 23 24 25 26 27 28 29 30 31 32 33 34 35 36 37 38 39 40 41 42 43 44 45 46 47 48 49 50 51 52 53 54 55 56 57 58 59 60 61 62 63 64 65 66 67 68 69 70 71 72 73 74 75 76 77 78 79 80 81 82 83 84 85 86 87 88 89 90 91 92 93 94 95 96 97 98 99 100 101 102 103 104 105 106 107 108 109 110 111 112 113 114 115 116 117 118 119 120 121 122 123 124 125 126 127 128 129 130 131 132 133 134 135 136 137 138 139 140 141 142 143 144 145 146 147 148 149 150 151 152 153 154 155 156 157 158 159 160 161 162 163 164 165 166 167 168 169 170 
 done.
 Now appending opt.xyz file with new structures
 running RMSDs... done.
 E lowest :   -38.70154
 78 structures remain within     6.00 kcal/mol window
 
 ...............................................
 A new lower conformer was found!
 Improved by    0.00039 Eh or    0.24683kcal/mol
 ...............................................
 
========================================
            MTD Iteration  3
========================================
 
     ========================================
     |         Meta-MD (MTD) Sampling       |
     ========================================
 
Starting Meta-MD   1 with the settings:
     MD time /ps        :     8.0
     dt /fs             :     5.0
     dumpstep(trj) /fs  :     100
     dumpstep(Vbias)/ps :     1.0
     Vbias prefactor(k) :  0.0240
     Vbias exponent(α)  :    1.00
Starting Meta-MD   4 with the settings:
     MD time /ps        :     8.0
     dt /fs             :     5.0
     dumpstep(trj) /fs  :     100
     dumpstep(Vbias)/ps :     1.0
     Vbias prefactor(k) :  0.0120
     Vbias exponent(α)  :    0.50
Starting Meta-MD   2 with the settings:
     MD time /ps        :     8.0
     dt /fs             :     5.0
     dumpstep(trj) /fs  :     100
     dumpstep(Vbias)/ps :     1.0
     Vbias prefactor(k) :  0.0120
     Vbias exponent(α)  :    1.00
Starting Meta-MD   3 with the settings:
     MD time /ps        :     8.0
     dt /fs             :     5.0
     dumpstep(trj) /fs  :     100
     dumpstep(Vbias)/ps :     1.0
     Vbias prefactor(k) :  0.0240
     Vbias exponent(α)  :    0.50
*Meta-MD 2 finished*
*Meta-MD 4 finished*
*Meta-MD 3 finished*
*Meta-MD 1 finished*
 
-----------------------
Multilevel Optimization
-----------------------
 
 -------------------------
 1. crude pre-optimization
 -------------------------
 writing TMPCONF* Dirs from file "crest_rotamers_0.xyz" ... done.
 Starting optimization of generated structures
 316 jobs to do.
 1 2 3 4 5 6 7 8 9 10 11 12 13 14 15 16 17 18 19 20 21 22 23 24 25 26 27 28 29 30 31 32 33 34 35 36 37 38 39 40 41 42 43 44 45 46 47 48 49 50 51 52 53 54 55 56 57 58 59 60 61 62 63 64 65 66 67 68 69 70 71 72 73 74 75 76 77 78 79 80 81 82 83 84 85 86 87 88 89 90 91 92 93 94 95 96 97 98 99 100 101 102 103 104 105 106 107 108 109 110 111 112 113 114 115 116 117 118 119 120 121 122 123 124 125 126 127 128 129 130 131 132 133 134 135 136 137 138 139 140 141 142 143 144 145 146 147 148 149 150 151 152 153 154 155 156 157 158 159 160 161 162 163 164 165 166 167 168 169 170 171 172 173 174 175 176 177 178 179 180 181 182 183 184 185 186 187 188 189 190 191 192 193 194 195 196 197 198 199 200 201 202 203 204 205 206 207 208 209 210 211 212 213 214 215 216 217 218 219 220 221 222 223 224 225 226 227 228 229 230 231 232 233 234 235 236 237 238 239 240 241 242 243 244 245 246 247 248 249 250 251 252 253 254 255 256 257 258 259 260 261 262 263 264 265 266 267 268 269 270 271 272 273 274 275 276 277 278 279 280 281 282 283 284 285 286 287 288 289 290 291 292 293 294 295 296 297 298 299 300 301 302 303 304 305 306 307 308 309 310 311 312 313 314 315 316 
 done.
 Now appending opt.xyz file with new structures
 running RMSDs... done.
 E lowest :   -38.70119
 186 structures remain within    12.00 kcal/mol window
 
 -------------------------------------
 2. optimization with tight thresholds
 -------------------------------------
 writing TMPCONF* Dirs from file "crest_rotamers_1.xyz" ... done.
 Starting optimization of generated structures
 187 jobs to do.
 1 2 3 4 5 6 7 8 9 10 11 12 13 14 15 16 17 18 19 20 21 22 23 24 25 26 27 28 29 30 31 32 33 34 35 36 37 38 39 40 41 42 43 44 45 46 47 48 49 50 51 52 53 54 55 56 57 58 59 60 61 62 63 64 65 66 67 68 69 70 71 72 73 74 75 76 77 78 79 80 81 82 83 84 85 86 87 88 89 90 91 92 93 94 95 96 97 98 99 100 101 102 103 104 105 106 107 108 109 110 111 112 113 114 115 116 117 118 119 120 121 122 123 124 125 126 127 128 129 130 131 132 133 134 135 136 137 138 139 140 141 142 143 144 145 146 147 148 149 150 151 152 153 154 155 156 157 158 159 160 161 162 163 164 165 166 167 168 169 170 171 172 173 174 175 176 177 178 179 180 181 182 183 184 185 186 187 
 done.
 Now appending opt.xyz file with new structures
 running RMSDs... done.
 E lowest :   -38.70154
 101 structures remain within     6.00 kcal/mol window
 
========================================
            MTD Iterations done         
========================================
 Collecting ensmbles.
 running RMSDs... done.
 E lowest :   -38.70154
 171 structures remain within     6.00 kcal/mol window
 
 
 
   ================================================
   |           Final Geometry Optimization        |
   ================================================
 ---------------------
 Ensemble optimization
 ---------------------
 writing TMPCONF* Dirs from file "crest_rotamers_1.xyz" ... done.
 Starting optimization of generated structures
 171 jobs to do.
 1 2 3 4 5 6 7 8 9 10 11 12 13 14 15 16 17 18 19 20 21 22 23 24 25 26 27 28 29 30 31 32 33 34 35 36 37 38 39 40 41 42 43 44 45 46 47 48 49 50 51 52 53 54 55 56 57 58 59 60 61 62 63 64 65 66 67 68 69 70 71 72 73 74 75 76 77 78 79 80 81 82 83 84 85 86 87 88 89 90 91 92 93 94 95 96 97 98 99 100 101 102 103 104 105 106 107 108 109 110 111 112 113 114 115 116 117 118 119 120 121 122 123 124 125 126 127 128 129 130 131 132 133 134 135 136 137 138 139 140 141 142 143 144 145 146 147 148 149 150 151 152 153 154 155 156 157 158 159 160 161 162 163 164 165 166 167 168 169 170 171 
 done.
 Now appending opt.xyz file with new structures
 running RMSDs... done.
 E lowest :   -38.70154
 153 structures remain within     6.00 kcal/mol window
 
-------------------------------------
CREGEN - CONFORMER SYMMETRY ANALYSIS
-------------------------------------
 =============================
  # threads =          12
 =============================
 input  file name : crest_rotamers_2.xyz
 output file name : crest_rotamers_3.xyz
 number of atoms                :    24
 number of points on xyz files  :   171
 RMSD threshold                 :   0.1250
 Bconst threshold               :   0.0200
 population threshold           :   0.0500
 conformer energy window  /kcal :   6.0000
 # fragment in coord            :     2
 removing structure          65
 removing structure          66
 removing structure          67
 removing structure          68
 removing structure          69
 removing structure          70
 number of reliable points      :   165
 reference state Etot :  -38.7015373232000
 number of doubles removed by rot/RMSD         :          12
 total number unique points considered further :         153
   Erel/kcal    Etot      weight/tot conformer  set degen    origin
    1   0.000  -38.70154    0.01852    0.27774    1   15     mtd2
    2   0.000  -38.70154    0.01852                          mtd3
    3   0.000  -38.70154    0.01852                          mtd1
    4   0.000  -38.70154    0.01852                          mtd1
    5   0.000  -38.70154    0.01852                          mtd1
    6   0.000  -38.70154    0.01852                          mtd1
    7   0.000  -38.70154    0.01852                          mtd2
    8   0.000  -38.70154    0.01852                          mtd2
    9   0.000  -38.70154    0.01852                          mtd1
   10   0.000  -38.70154    0.01851                          mtd2
   11   0.000  -38.70154    0.01851                          mtd1
   12   0.000  -38.70154    0.01851                          mtd4
   13   0.000  -38.70154    0.01851                          mtd2
   14   0.000  -38.70154    0.01851                          mtd2
   15   0.001  -38.70154    0.01850                          mtd4
   16   0.247  -38.70114    0.01222    0.19542    2   16     mtd1
   17   0.247  -38.70114    0.01222                          mtd1
   18   0.247  -38.70114    0.01222                          mtd3
   19   0.247  -38.70114    0.01222                          mtd3
   20   0.247  -38.70114    0.01221                          mtd4
   21   0.247  -38.70114    0.01221                          mtd4
   22   0.247  -38.70114    0.01221                          mtd4
   23   0.247  -38.70114    0.01221                          mtd1
   24   0.247  -38.70114    0.01221                          mtd3
   25   0.247  -38.70114    0.01221                          mtd1
   26   0.247  -38.70114    0.01221                          mtd4
   27   0.247  -38.70114    0.01221                          mtd3
   28   0.247  -38.70114    0.01221                          mtd4
   29   0.247  -38.70114    0.01221                          mtd1
   30   0.247  -38.70114    0.01221                          mtd2
   31   0.247  -38.70114    0.01221                          mtd3
   32   0.251  -38.70114    0.01212    0.20600    3   17     mtd2
   33   0.251  -38.70114    0.01212                          mtd2
   34   0.251  -38.70114    0.01212                          mtd3
   35   0.251  -38.70114    0.01212                          mtd4
   36   0.251  -38.70114    0.01212                          mtd3
   37   0.252  -38.70114    0.01212                          mtd3
   38   0.252  -38.70114    0.01212                          mtd3
   39   0.252  -38.70114    0.01212                          mtd2
   40   0.252  -38.70114    0.01212                          mtd4
   41   0.252  -38.70114    0.01212                          mtd1
   42   0.252  -38.70114    0.01212                          mtd2
   43   0.252  -38.70114    0.01212                          mtd2
   44   0.252  -38.70114    0.01212                          mtd4
   45   0.252  -38.70114    0.01212                          mtd2
   46   0.252  -38.70114    0.01211                          mtd4
   47   0.252  -38.70114    0.01211                          mtd2
   48   0.252  -38.70114    0.01211                          mtd3
   49   0.375  -38.70094    0.00985    0.18709    4   19     mtd1
   50   0.375  -38.70094    0.00985                          mtd4
   51   0.375  -38.70094    0.00985                          mtd2
   52   0.375  -38.70094    0.00985                          mtd4
   53   0.375  -38.70094    0.00985                          mtd2
   54   0.375  -38.70094    0.00985                          mtd3
   55   0.375  -38.70094    0.00985                          mtd2
   56   0.375  -38.70094    0.00985                          mtd2
   57   0.375  -38.70094    0.00985                          mtd1
   58   0.375  -38.70094    0.00985                          mtd2
   59   0.375  -38.70094    0.00985                          mtd3
   60   0.375  -38.70094    0.00985                          mtd1
   61   0.375  -38.70094    0.00985                          mtd3
   62   0.375  -38.70094    0.00985                          mtd4
   63   0.375  -38.70094    0.00985                          mtd3
   64   0.375  -38.70094    0.00985                          mtd2
   65   0.375  -38.70094    0.00985                          mtd1
   66   0.375  -38.70094    0.00984                          mtd1
   67   0.375  -38.70094    0.00984                          mtd1
   68   0.878  -38.70014    0.00421    0.00421    5    1     mtd2
   69   0.899  -38.70010    0.00407    0.03659    6    9     mtd3
   70   0.899  -38.70010    0.00407                          mtd4
   71   0.899  -38.70010    0.00407                          mtd4
   72   0.899  -38.70010    0.00407                          mtd1
   73   0.899  -38.70010    0.00407                          mtd2
   74   0.899  -38.70010    0.00407                          mtd3
   75   0.899  -38.70010    0.00407                          mtd4
   76   0.900  -38.70010    0.00406                          mtd1
   77   0.900  -38.70010    0.00406                          mtd2
   78   1.098  -38.69979    0.00291    0.00872    7    3     mtd4
   79   1.098  -38.69979    0.00291                          mtd4
   80   1.098  -38.69979    0.00291                          mtd4
   81   1.271  -38.69951    0.00217    0.00647    8    3     mtd2
   82   1.277  -38.69950    0.00215                          mtd3
   83   1.278  -38.69950    0.00215                          mtd1
   84   1.278  -38.69950    0.00215    0.00429    9    2     mtd1
   85   1.278  -38.69950    0.00215                          mtd3
   86   1.279  -38.69950    0.00214    0.00642   10    3     mtd4
   87   1.279  -38.69950    0.00214                          mtd4
   88   1.281  -38.69950    0.00214                          mtd4
   89   1.384  -38.69933    0.00180    0.00718   11    4     mtd2
   90   1.384  -38.69933    0.00180                          mtd4
   91   1.384  -38.69933    0.00179                          mtd1
   92   1.384  -38.69933    0.00179                          mtd4
   93   1.451  -38.69922    0.00160    0.00160   12    1     mtd4
   94   1.464  -38.69920    0.00157    0.02350   13   15     mtd4
   95   1.464  -38.69920    0.00157                          mtd1
   96   1.464  -38.69920    0.00157                          mtd3
   97   1.464  -38.69920    0.00157                          mtd3
   98   1.464  -38.69920    0.00157                          mtd4
   99   1.464  -38.69920    0.00157                          mtd2
  100   1.464  -38.69920    0.00157                          mtd1
  101   1.464  -38.69920    0.00157                          mtd1
  102   1.464  -38.69920    0.00157                          mtd1
  103   1.465  -38.69920    0.00157                          mtd5
  104   1.465  -38.69920    0.00157                          mtd1
  105   1.465  -38.69920    0.00157                          input
  106   1.465  -38.69920    0.00157                          mtd2
  107   1.465  -38.69920    0.00157                          mtd2
  108   1.467  -38.69920    0.00156                          mtd1
  109   1.513  -38.69913    0.00144    0.00433   14    3     mtd3
  110   1.513  -38.69913    0.00144                          mtd4
  111   1.515  -38.69912    0.00144                          mtd1
  112   1.526  -38.69910    0.00141    0.00141   15    1     mtd4
  113   1.529  -38.69910    0.00140    0.00140   16    1     mtd3
  114   1.619  -38.69896    0.00121    0.00241   17    2     mtd4
  115   1.620  -38.69896    0.00121                          mtd4
  116   1.677  -38.69886    0.00109    0.01094   18   10     mtd2
  117   1.677  -38.69886    0.00109                          mtd4
  118   1.677  -38.69886    0.00109                          mtd3
  119   1.678  -38.69886    0.00109                          mtd3
  120   1.678  -38.69886    0.00109                          mtd2
  121   1.678  -38.69886    0.00109                          mtd1
  122   1.678  -38.69886    0.00109                          mtd2
  123   1.678  -38.69886    0.00109                          mtd3
  124   1.678  -38.69886    0.00109                          mtd1
  125   1.678  -38.69886    0.00109                          mtd3
  126   1.678  -38.69886    0.00109    0.00328   19    3     mtd4
  127   1.679  -38.69886    0.00109                          mtd4
  128   1.679  -38.69886    0.00109                          mtd3
  129   1.694  -38.69884    0.00106    0.00106   20    1     mtd4
  130   1.812  -38.69865    0.00087    0.00349   21    4     mtd4
  131   1.812  -38.69865    0.00087                          mtd4
  132   1.812  -38.69865    0.00087                          mtd4
  133   1.812  -38.69865    0.00087                          mtd4
  134   1.828  -38.69862    0.00085    0.00085   22    1     mtd1
  135   1.840  -38.69861    0.00083    0.00083   23    1     mtd1
  136   2.120  -38.69816    0.00052    0.00103   24    2     mtd4
  137   2.128  -38.69815    0.00051                          mtd4
  138   2.445  -38.69764    0.00030    0.00030   25    1     mtd4
  139   2.481  -38.69758    0.00028    0.00113   26    4     mtd4
  140   2.481  -38.69758    0.00028                          mtd4
  141   2.481  -38.69758    0.00028                          mtd4
  142   2.481  -38.69758    0.00028                          mtd3
  143   2.567  -38.69745    0.00024    0.00122   27    5     mtd3
  144   2.568  -38.69745    0.00024                          mtd4
  145   2.568  -38.69745    0.00024                          mtd4
  146   2.568  -38.69745    0.00024                          mtd4
  147   2.568  -38.69745    0.00024                          mtd4
  148   2.708  -38.69722    0.00019    0.00019   28    1     mtd2
  149   2.724  -38.69720    0.00019    0.00019   29    1     mtd3
  150   2.727  -38.69719    0.00019    0.00037   30    2     mtd3
  151   2.728  -38.69719    0.00019                          mtd3
  152   2.795  -38.69708    0.00017    0.00033   31    2     mtd2
  153   2.798  -38.69708    0.00017                          mtd2
T /K                                  :   298.15
E lowest                              :   -38.70154
ensemble average energy (kcal)        :    0.347
ensemble entropy (J/mol K, cal/mol K) :   38.026    9.088
ensemble free energy (kcal/mol)       :   -2.710
population of lowest in %             :   27.774
 number of unique conformers for further calc           31
   1       0.000
   2       0.247
   3       0.251
   4       0.375
   5       0.878
   6       0.899
   7       1.098
   8       1.271
   9       1.278
  10       1.279
  11       1.384
  12       1.451
  13       1.464
  14       1.513
  15       1.526
  16       1.529
  17       1.619
  18       1.677
  19       1.678
  20       1.694
  21       1.812
  22       1.828
  23       1.840
  24       2.120
  25       2.445
  26       2.481
  27       2.567
  28       2.708
  29       2.724
  30       2.727
  31       2.795
 Normal termination.
 
 -----------------
 Wall Time Summary
 -----------------
             test MD wall time :         0h : 1m :18s
                 MTD wall time :         0h :18m : 3s
      multilevel OPT wall time :         0h :13m :48s
--------------------
Overall wall time  : 0h :34m :27s
 
 CREST terminated normally.
