 
       ==============================================
       |                                            |
       |                 C R E S T                  |
       |                                            |
       |  Conformer-Rotamer Ensemble Sampling Tool  |
       |        based on the GFN-xTB method         |
       |             S.Grimme, P.Pracht             |
       |          Universitaet Bonn, MCTC           |
       ==============================================
       Version 2.7.1, Wed 17. Jul 11:21:59 CEST 2019
       Using the GFN-xTB code.
       Compatible with XTB version 6.1 and later.
 
       Cite work conducted with this code as
       S. Grimme, C. Bannwarth, S. Dohm, A. Hansen,
       J. Pisarek, P. Pracht, J. Seibert, F. Neese,
       Angew. Chem. Int. Ed., 2017, 56, 14763-14769

       For the MTD(RMSD)-version (-v2)

       S. Grimme, JCTC, 2019, 15, 2847-2862

       P. Pracht, S. Grimme, in preparation
 
  -nci  : Special NCI mode for non-covalently bound complexes or clusters.
  -gfn1 :
     Use of GFN-xTB requested.
  Automatically generated ellipsoide potential for NCI mode:
> $wall
>   potential=polynomial
>   ellipsoid: 23.52109842365108, 15.69342215210347, 15.62539846095892, all
 
 =============================
  # threads =          12
 =============================
 
 
------------------------------------------------
Generating MTD length from a flexibility measure
------------------------------------------------
 flexibility measure :   1.000
 t(MTD) / ps    :    11.0
 Σ(t(MTD)) / ps :    44.0 (+    22.0)
 
-------------------------------------
Starting a trial MTD to test settings
-------------------------------------
 Success!
 Estimated runtime for one MTD (11.0 ps) on a single thread: 8 min 12 sec
 Estimated runtime for a batch of 6 MTDs on 12 threads: 4 min 6 sec
 
 list of Vbias parameters applied:
$metadyn    0.00100   1.000
$metadyn    0.00050   1.000
$metadyn    0.00100   0.500
$metadyn    0.00050   0.500
$metadyn    0.00100   0.250
$metadyn    0.00050   0.250
 
*******************************************************************************************
**                        N E W    I T E R A T I O N    C Y C L E                        **
*******************************************************************************************
 
========================================
            MTD Iteration  1
========================================
 
     ========================================
     |         Meta-MD (MTD) Sampling       |
     ========================================
 
Starting Meta-MD   6 with the settings:
     MD time /ps        :    11.0
     dt /fs             :     5.0
     dumpstep(trj) /fs  :     100
     dumpstep(Vbias)/ps :     1.0
     Vbias prefactor(k) :  0.0140
     Vbias exponent(α)  :    0.25
Starting Meta-MD   3 with the settings:
     MD time /ps        :    11.0
     dt /fs             :     5.0
     dumpstep(trj) /fs  :     100
     dumpstep(Vbias)/ps :     1.0
     Vbias prefactor(k) :  0.0280
     Vbias exponent(α)  :    0.50
Starting Meta-MD   2 with the settings:
     MD time /ps        :    11.0
     dt /fs             :     5.0
     dumpstep(trj) /fs  :     100
     dumpstep(Vbias)/ps :     1.0
     Vbias prefactor(k) :  0.0140
     Vbias exponent(α)  :    1.00
Starting Meta-MD   1 with the settings:
     MD time /ps        :    11.0
     dt /fs             :     5.0
     dumpstep(trj) /fs  :     100
     dumpstep(Vbias)/ps :     1.0
     Vbias prefactor(k) :  0.0280
     Vbias exponent(α)  :    1.00
Starting Meta-MD   4 with the settings:
     MD time /ps        :    11.0
     dt /fs             :     5.0
     dumpstep(trj) /fs  :     100
     dumpstep(Vbias)/ps :     1.0
     Vbias prefactor(k) :  0.0140
     Vbias exponent(α)  :    0.50
Starting Meta-MD   5 with the settings:
     MD time /ps        :    11.0
     dt /fs             :     5.0
     dumpstep(trj) /fs  :     100
     dumpstep(Vbias)/ps :     1.0
     Vbias prefactor(k) :  0.0280
     Vbias exponent(α)  :    0.25
*Meta-MD 1 finished*
*Meta-MD 6 finished*
*Meta-MD 3 finished*
*Meta-MD 2 finished*
*Meta-MD 4 finished*
*Meta-MD 5 finished*
 
-----------------------
Multilevel Optimization
-----------------------
 
 -------------------------
 1. crude pre-optimization
 -------------------------
 writing TMPCONF* Dirs from file "crest_rotamers_0.xyz" ... done.
 Starting optimization of generated structures
 654 jobs to do.
 1 2 3 4 5 6 7 8 9 10 11 12 13 14 15 16 17 18 19 20 21 22 23 24 25 26 27 28 29 30 31 32 33 34 35 36 37 38 39 40 41 42 43 44 45 46 47 48 49 50 51 52 53 54 55 56 57 58 59 60 61 62 63 64 65 66 67 68 69 70 71 72 73 74 75 76 77 78 79 80 81 82 83 84 85 86 87 88 89 90 91 92 93 94 95 96 97 98 99 100 101 102 103 104 105 106 107 108 109 110 111 112 113 114 115 116 117 118 119 120 121 122 123 124 125 126 127 128 129 130 131 132 133 134 135 136 137 138 139 140 141 142 143 144 145 146 147 148 149 150 151 152 153 154 155 156 157 158 159 160 161 162 163 164 165 166 167 168 169 170 171 172 173 174 175 176 177 178 179 180 181 182 183 184 185 186 187 188 189 190 191 192 193 194 195 196 197 198 199 200 201 202 203 204 205 206 207 208 209 210 211 212 213 214 215 216 217 218 219 220 221 222 223 224 225 226 227 228 229 230 231 232 233 234 235 236 237 238 239 240 241 242 243 244 245 246 247 248 249 250 251 252 253 254 255 256 257 258 259 260 261 262 263 264 265 266 267 268 269 270 271 272 273 274 275 276 277 278 279 280 281 282 283 284 285 286 287 288 289 290 291 292 293 294 295 296 297 298 299 300 301 302 303 304 305 306 307 308 309 310 311 312 313 314 315 316 317 318 319 320 321 322 323 324 325 326 327 328 329 330 331 332 333 334 335 336 337 338 339 340 341 342 343 344 345 346 347 348 349 350 351 352 353 354 355 356 357 358 359 360 361 362 363 364 365 366 367 368 369 370 371 372 373 374 375 376 377 378 379 380 381 382 383 384 385 386 387 388 389 390 391 392 393 394 395 396 397 398 399 400 401 402 403 404 405 406 407 408 409 410 411 412 413 414 415 416 417 418 419 420 421 422 423 424 425 426 427 428 429 430 431 432 433 434 435 436 437 438 439 440 441 442 443 444 445 446 447 448 449 450 451 452 453 454 455 456 457 458 459 460 461 462 463 464 465 466 467 468 469 470 471 472 473 474 475 476 477 478 479 480 481 482 483 484 485 486 487 488 489 490 491 492 493 494 495 496 497 498 499 500 501 502 503 504 505 506 507 508 509 510 511 512 513 514 515 516 517 518 519 520 521 522 523 524 525 526 527 528 529 530 531 532 533 534 535 536 537 538 539 540 541 542 543 544 545 546 547 548 549 550 551 552 553 554 555 556 557 558 559 560 561 562 563 564 565 566 567 568 569 570 571 572 573 574 575 576 577 578 579 580 581 582 583 584 585 586 587 588 589 590 591 592 593 594 595 596 597 598 599 600 601 602 603 604 605 606 607 608 609 610 611 612 613 614 615 616 617 618 619 620 621 622 623 624 625 626 627 628 629 630 631 632 633 634 635 636 637 638 639 640 641 642 643 644 645 646 647 648 649 650 651 652 653 654 
 done.
 Now appending opt.xyz file with new structures
 running RMSDs... done.
 E lowest :   -47.50541
 495 structures remain within    12.00 kcal/mol window
 
 -------------------------------------
 2. optimization with tight thresholds
 -------------------------------------
 writing TMPCONF* Dirs from file "crest_rotamers_1.xyz" ... done.
 Starting optimization of generated structures
 496 jobs to do.
 1 2 3 4 5 6 7 8 9 10 11 12 13 14 15 16 17 18 19 20 21 22 23 24 25 26 27 28 29 30 31 32 33 34 35 36 37 38 39 40 41 42 43 44 45 46 47 48 49 50 51 52 53 54 55 56 57 58 59 60 61 62 63 64 65 66 67 68 69 70 71 72 73 74 75 76 77 78 79 80 81 82 83 84 85 86 87 88 89 90 91 92 93 94 95 96 97 98 99 100 101 102 103 104 105 106 107 108 109 110 111 112 113 114 115 116 117 118 119 120 121 122 123 124 125 126 127 128 129 130 131 132 133 134 135 136 137 138 139 140 141 142 143 144 145 146 147 148 149 150 151 152 153 154 155 156 157 158 159 160 161 162 163 164 165 166 167 168 169 170 171 172 173 174 175 176 177 178 179 180 181 182 183 184 185 186 187 188 189 190 191 192 193 194 195 196 197 198 199 200 201 202 203 204 205 206 207 208 209 210 211 212 213 214 215 216 217 218 219 220 221 222 223 224 225 226 227 228 229 230 231 232 233 234 235 236 237 238 239 240 241 242 243 244 245 246 247 248 249 250 251 252 253 254 255 256 257 258 259 260 261 262 263 264 265 266 267 268 269 270 271 272 273 274 275 276 277 278 279 280 281 282 283 284 285 286 287 288 289 290 291 292 293 294 295 296 297 298 299 300 301 302 303 304 305 306 307 308 309 310 311 312 313 314 315 316 317 318 319 320 321 322 323 324 325 326 327 328 329 330 331 332 333 334 335 336 337 338 339 340 341 342 343 344 345 346 347 348 349 350 351 352 353 354 355 356 357 358 359 360 361 362 363 364 365 366 367 368 369 370 371 372 373 374 375 376 377 378 379 380 381 382 383 384 385 386 387 388 389 390 391 392 393 394 395 396 397 398 399 400 401 402 403 404 405 406 407 408 409 410 411 412 413 414 415 416 417 418 419 420 421 422 423 424 425 426 427 428 429 430 431 432 433 434 435 436 437 438 439 440 441 442 443 444 445 446 447 448 449 450 451 452 453 454 455 456 457 458 459 460 461 462 463 464 465 466 467 468 469 470 471 472 473 474 475 476 477 478 479 480 481 482 483 484 485 486 487 488 489 490 491 492 493 494 495 496 
 done.
 Now appending opt.xyz file with new structures
 running RMSDs... done.
 E lowest :   -47.50567
 256 structures remain within     6.00 kcal/mol window
 
 
========================================
            MTD Iteration  2
========================================
 
     ========================================
     |         Meta-MD (MTD) Sampling       |
     ========================================
 
Starting Meta-MD   1 with the settings:
     MD time /ps        :    11.0
     dt /fs             :     5.0
     dumpstep(trj) /fs  :     100
     dumpstep(Vbias)/ps :     1.0
     Vbias prefactor(k) :  0.0280
     Vbias exponent(α)  :    1.00
Starting Meta-MD   2 with the settings:
     MD time /ps        :    11.0
     dt /fs             :     5.0
     dumpstep(trj) /fs  :     100
     dumpstep(Vbias)/ps :     1.0
     Vbias prefactor(k) :  0.0140
     Vbias exponent(α)  :    1.00
Starting Meta-MD   4 with the settings:
     MD time /ps        :    11.0
     dt /fs             :     5.0
     dumpstep(trj) /fs  :     100
     dumpstep(Vbias)/ps :     1.0
     Vbias prefactor(k) :  0.0140
     Vbias exponent(α)  :    0.50
Starting Meta-MD   3 with the settings:
     MD time /ps        :    11.0
     dt /fs             :     5.0
     dumpstep(trj) /fs  :     100
     dumpstep(Vbias)/ps :     1.0
     Vbias prefactor(k) :  0.0280
     Vbias exponent(α)  :    0.50
*Meta-MD 2 finished*
*Meta-MD 4 finished*
*Meta-MD 3 finished*
*Meta-MD 1 finished*
 
-----------------------
Multilevel Optimization
-----------------------
 
 -------------------------
 1. crude pre-optimization
 -------------------------
 writing TMPCONF* Dirs from file "crest_rotamers_0.xyz" ... done.
 Starting optimization of generated structures
 436 jobs to do.
 1 2 3 4 5 6 7 8 9 10 11 12 13 14 15 16 17 18 19 20 21 22 23 24 25 26 27 28 29 30 31 32 33 34 35 36 37 38 39 40 41 42 43 44 45 46 47 48 49 50 51 52 53 54 55 56 57 58 59 60 61 62 63 64 65 66 67 68 69 70 71 72 73 74 75 76 77 78 79 80 81 82 83 84 85 86 87 88 89 90 91 92 93 94 95 96 97 98 99 100 101 102 103 104 105 106 107 108 109 110 111 112 113 114 115 116 117 118 119 120 121 122 123 124 125 126 127 128 129 130 131 132 133 134 135 136 137 138 139 140 141 142 143 144 145 146 147 148 149 150 151 152 153 154 155 156 157 158 159 160 161 162 163 164 165 166 167 168 169 170 171 172 173 174 175 176 177 178 179 180 181 182 183 184 185 186 187 188 189 190 191 192 193 194 195 196 197 198 199 200 201 202 203 204 205 206 207 208 209 210 211 212 213 214 215 216 217 218 219 220 221 222 223 224 225 226 227 228 229 230 231 232 233 234 235 236 237 238 239 240 241 242 243 244 245 246 247 248 249 250 251 252 253 254 255 256 257 258 259 260 261 262 263 264 265 266 267 268 269 270 271 272 273 274 275 276 277 278 279 280 281 282 283 284 285 286 287 288 289 290 291 292 293 294 295 296 297 298 299 300 301 302 303 304 305 306 307 308 309 310 311 312 313 314 315 316 317 318 319 320 321 322 323 324 325 326 327 328 329 330 331 332 333 334 335 336 337 338 339 340 341 342 343 344 345 346 347 348 349 350 351 352 353 354 355 356 357 358 359 360 361 362 363 364 365 366 367 368 369 370 371 372 373 374 375 376 377 378 379 380 381 382 383 384 385 386 387 388 389 390 391 392 393 394 395 396 397 398 399 400 401 402 403 404 405 406 407 408 409 410 411 412 413 414 415 416 417 418 419 420 421 422 423 424 425 426 427 428 429 430 431 432 433 434 435 436 
 done.
 Now appending opt.xyz file with new structures
 running RMSDs... done.
 E lowest :   -47.50546
 347 structures remain within    12.00 kcal/mol window
 
 -------------------------------------
 2. optimization with tight thresholds
 -------------------------------------
 writing TMPCONF* Dirs from file "crest_rotamers_1.xyz" ... done.
 Starting optimization of generated structures
 348 jobs to do.
 1 2 3 4 5 6 7 8 9 10 11 12 13 14 15 16 17 18 19 20 21 22 23 24 25 26 27 28 29 30 31 32 33 34 35 36 37 38 39 40 41 42 43 44 45 46 47 48 49 50 51 52 53 54 55 56 57 58 59 60 61 62 63 64 65 66 67 68 69 70 71 72 73 74 75 76 77 78 79 80 81 82 83 84 85 86 87 88 89 90 91 92 93 94 95 96 97 98 99 100 101 102 103 104 105 106 107 108 109 110 111 112 113 114 115 116 117 118 119 120 121 122 123 124 125 126 127 128 129 130 131 132 133 134 135 136 137 138 139 140 141 142 143 144 145 146 147 148 149 150 151 152 153 154 155 156 157 158 159 160 161 162 163 164 165 166 167 168 169 170 171 172 173 174 175 176 177 178 179 180 181 182 183 184 185 186 187 188 189 190 191 192 193 194 195 196 197 198 199 200 201 202 203 204 205 206 207 208 209 210 211 212 213 214 215 216 217 218 219 220 221 222 223 224 225 226 227 228 229 230 231 232 233 234 235 236 237 238 239 240 241 242 243 244 245 246 247 248 249 250 251 252 253 254 255 256 257 258 259 260 261 262 263 264 265 266 267 268 269 270 271 272 273 274 275 276 277 278 279 280 281 282 283 284 285 286 287 288 289 290 291 292 293 294 295 296 297 298 299 300 301 302 303 304 305 306 307 308 309 310 311 312 313 314 315 316 317 318 319 320 321 322 323 324 325 326 327 328 329 330 331 332 333 334 335 336 337 338 339 340 341 342 343 344 345 346 347 348 
 done.
 Now appending opt.xyz file with new structures
 running RMSDs... done.
 E lowest :   -47.50567
 193 structures remain within     6.00 kcal/mol window
 
========================================
            MTD Iterations done         
========================================
 Collecting ensmbles.
 running RMSDs... done.
 E lowest :   -47.50567
 414 structures remain within     6.00 kcal/mol window
 
 
 
   ================================================
   |           Final Geometry Optimization        |
   ================================================
 ---------------------
 Ensemble optimization
 ---------------------
 writing TMPCONF* Dirs from file "crest_rotamers_1.xyz" ... done.
 Starting optimization of generated structures
 414 jobs to do.
 1 2 3 4 5 6 7 8 9 10 11 12 13 14 15 16 17 18 19 20 21 22 23 24 25 26 27 28 29 30 31 32 33 34 35 36 37 38 39 40 41 42 43 44 45 46 47 48 49 50 51 52 53 54 55 56 57 58 59 60 61 62 63 64 65 66 67 68 69 70 71 72 73 74 75 76 77 78 79 80 81 82 83 84 85 86 87 88 89 90 91 92 93 94 95 96 97 98 99 100 101 102 103 104 105 106 107 108 109 110 111 112 113 114 115 116 117 118 119 120 121 122 123 124 125 126 127 128 129 130 131 132 133 134 135 136 137 138 139 140 141 142 143 144 145 146 147 148 149 150 151 152 153 154 155 156 157 158 159 160 161 162 163 164 165 166 167 168 169 170 171 172 173 174 175 176 177 178 179 180 181 182 183 184 185 186 187 188 189 190 191 192 193 194 195 196 197 198 199 200 201 202 203 204 205 206 207 208 209 210 211 212 213 214 215 216 217 218 219 220 221 222 223 224 225 226 227 228 229 230 231 232 233 234 235 236 237 238 239 240 241 242 243 244 245 246 247 248 249 250 251 252 253 254 255 256 257 258 259 260 261 262 263 264 265 266 267 268 269 270 271 272 273 274 275 276 277 278 279 280 281 282 283 284 285 286 287 288 289 290 291 292 293 294 295 296 297 298 299 300 301 302 303 304 305 306 307 308 309 310 311 312 313 314 315 316 317 318 319 320 321 322 323 324 325 326 327 328 329 330 331 332 333 334 335 336 337 338 339 340 341 342 343 344 345 346 347 348 349 350 351 352 353 354 355 356 357 358 359 360 361 362 363 364 365 366 367 368 369 370 371 372 373 374 375 376 377 378 379 380 381 382 383 384 385 386 387 388 389 390 391 392 393 394 395 396 397 398 399 400 401 402 403 404 405 406 407 408 409 410 411 412 413 414 
 done.
 Now appending opt.xyz file with new structures
 running RMSDs... done.
 E lowest :   -47.50567
 397 structures remain within     6.00 kcal/mol window
 
-------------------------------------
CREGEN - CONFORMER SYMMETRY ANALYSIS
-------------------------------------
 =============================
  # threads =          12
 =============================
 input  file name : crest_rotamers_2.xyz
 output file name : crest_rotamers_3.xyz
 number of atoms                :    28
 number of points on xyz files  :   414
 RMSD threshold                 :   0.1250
 Bconst threshold               :   0.0200
 population threshold           :   0.0500
 conformer energy window  /kcal :   6.0000
 # fragment in coord            :     2
 number of reliable points      :   414
 reference state Etot :  -47.5056697787000
 number of doubles removed by rot/RMSD         :          17
 total number unique points considered further :         397
   Erel/kcal    Etot      weight/tot conformer  set degen    origin
    1   0.000  -47.50567    0.00360    0.25535    1   71     mtd3
    2   0.000  -47.50567    0.00360                          mtd1
    3   0.000  -47.50567    0.00360                          mtd6
    4   0.000  -47.50567    0.00360                          mtd1
    5   0.000  -47.50567    0.00360                          mtd3
    6   0.000  -47.50567    0.00360                          mtd1
    7   0.000  -47.50567    0.00360                          mtd3
    8   0.000  -47.50567    0.00360                          mtd3
    9   0.000  -47.50567    0.00360                          mtd1
   10   0.000  -47.50567    0.00360                          mtd3
   11   0.000  -47.50567    0.00360                          mtd6
   12   0.000  -47.50567    0.00360                          mtd4
   13   0.000  -47.50567    0.00360                          mtd3
   14   0.000  -47.50567    0.00360                          mtd5
   15   0.000  -47.50567    0.00360                          mtd1
   16   0.000  -47.50567    0.00360                          mtd1
   17   0.000  -47.50567    0.00360                          mtd3
   18   0.000  -47.50567    0.00360                          mtd1
   19   0.000  -47.50567    0.00360                          mtd3
   20   0.000  -47.50567    0.00360                          mtd1
   21   0.000  -47.50567    0.00360                          mtd3
   22   0.000  -47.50567    0.00360                          mtd3
   23   0.000  -47.50567    0.00360                          mtd3
   24   0.000  -47.50567    0.00360                          mtd4
   25   0.000  -47.50567    0.00360                          mtd6
   26   0.000  -47.50567    0.00360                          mtd4
   27   0.000  -47.50567    0.00360                          mtd3
   28   0.000  -47.50567    0.00360                          mtd4
   29   0.000  -47.50567    0.00360                          mtd3
   30   0.000  -47.50567    0.00360                          mtd1
   31   0.000  -47.50567    0.00360                          mtd1
   32   0.000  -47.50567    0.00360                          mtd4
   33   0.000  -47.50567    0.00360                          mtd1
   34   0.000  -47.50567    0.00360                          mtd1
   35   0.000  -47.50567    0.00360                          mtd2
   36   0.000  -47.50567    0.00360                          mtd3
   37   0.000  -47.50567    0.00360                          mtd2
   38   0.000  -47.50567    0.00360                          mtd4
   39   0.000  -47.50567    0.00360                          mtd3
   40   0.000  -47.50567    0.00360                          mtd1
   41   0.000  -47.50567    0.00360                          mtd2
   42   0.000  -47.50567    0.00360                          mtd4
   43   0.000  -47.50567    0.00360                          mtd1
   44   0.000  -47.50567    0.00360                          mtd3
   45   0.000  -47.50567    0.00360                          mtd6
   46   0.000  -47.50567    0.00360                          mtd4
   47   0.000  -47.50567    0.00360                          mtd6
   48   0.000  -47.50567    0.00360                          mtd6
   49   0.000  -47.50567    0.00360                          mtd1
   50   0.000  -47.50567    0.00360                          mtd6
   51   0.000  -47.50567    0.00360                          mtd6
   52   0.000  -47.50567    0.00360                          mtd1
   53   0.000  -47.50567    0.00360                          mtd3
   54   0.000  -47.50567    0.00360                          mtd1
   55   0.000  -47.50567    0.00360                          mtd1
   56   0.000  -47.50567    0.00360                          mtd5
   57   0.000  -47.50567    0.00360                          mtd6
   58   0.000  -47.50567    0.00360                          mtd5
   59   0.000  -47.50567    0.00360                          mtd6
   60   0.000  -47.50567    0.00360                          mtd1
   61   0.000  -47.50567    0.00360                          mtd4
   62   0.000  -47.50567    0.00360                          mtd1
   63   0.000  -47.50567    0.00360                          mtd1
   64   0.000  -47.50567    0.00360                          mtd6
   65   0.000  -47.50567    0.00359                          mtd6
   66   0.000  -47.50567    0.00359                          mtd1
   67   0.000  -47.50567    0.00359                          mtd1
   68   0.000  -47.50567    0.00359                          mtd3
   69   0.001  -47.50567    0.00359                          mtd3
   70   0.001  -47.50567    0.00359                          mtd4
   71   0.001  -47.50567    0.00359                          mtd4
   72   0.015  -47.50565    0.00351    0.55280    2  159     mtd3
   73   0.015  -47.50565    0.00351                          mtd5
   74   0.015  -47.50565    0.00351                          mtd4
   75   0.015  -47.50565    0.00351                          mtd1
   76   0.015  -47.50565    0.00351                          mtd3
   77   0.015  -47.50565    0.00351                          mtd2
   78   0.015  -47.50565    0.00351                          mtd3
   79   0.015  -47.50565    0.00351                          mtd1
   80   0.015  -47.50565    0.00351                          mtd4
   81   0.015  -47.50565    0.00351                          mtd1
   82   0.015  -47.50565    0.00351                          mtd3
   83   0.015  -47.50565    0.00351                          mtd2
   84   0.015  -47.50565    0.00351                          mtd5
   85   0.015  -47.50565    0.00351                          mtd5
   86   0.015  -47.50565    0.00351                          mtd6
   87   0.015  -47.50565    0.00351                          mtd4
   88   0.015  -47.50565    0.00351                          mtd6
   89   0.015  -47.50565    0.00351                          mtd3
   90   0.015  -47.50565    0.00351                          mtd5
   91   0.015  -47.50565    0.00351                          mtd5
   92   0.015  -47.50565    0.00351                          mtd3
   93   0.015  -47.50565    0.00351                          mtd4
   94   0.015  -47.50565    0.00351                          mtd4
   95   0.015  -47.50565    0.00351                          mtd4
   96   0.015  -47.50565    0.00351                          mtd3
   97   0.015  -47.50565    0.00351                          mtd6
   98   0.015  -47.50565    0.00351                          mtd4
   99   0.015  -47.50565    0.00351                          mtd1
  100   0.015  -47.50565    0.00351                          mtd4
  101   0.015  -47.50565    0.00351                          mtd4
  102   0.015  -47.50565    0.00351                          mtd3
  103   0.015  -47.50565    0.00351                          mtd3
  104   0.015  -47.50565    0.00351                          mtd1
  105   0.015  -47.50565    0.00351                          mtd4
  106   0.015  -47.50565    0.00351                          mtd1
  107   0.015  -47.50565    0.00351                          mtd2
  108   0.015  -47.50565    0.00351                          mtd1
  109   0.015  -47.50565    0.00351                          mtd5
  110   0.015  -47.50565    0.00351                          mtd5
  111   0.015  -47.50565    0.00351                          mtd4
  112   0.015  -47.50565    0.00351                          mtd6
  113   0.015  -47.50565    0.00351                          mtd6
  114   0.015  -47.50565    0.00351                          mtd2
  115   0.015  -47.50565    0.00351                          mtd3
  116   0.015  -47.50565    0.00351                          mtd1
  117   0.015  -47.50565    0.00351                          mtd3
  118   0.015  -47.50565    0.00351                          mtd1
  119   0.015  -47.50565    0.00351                          mtd1
  120   0.015  -47.50565    0.00351                          mtd2
  121   0.015  -47.50565    0.00351                          mtd1
  122   0.015  -47.50565    0.00351                          mtd2
  123   0.015  -47.50565    0.00351                          mtd3
  124   0.015  -47.50565    0.00351                          mtd4
  125   0.015  -47.50565    0.00351                          mtd4
  126   0.015  -47.50565    0.00351                          mtd6
  127   0.015  -47.50565    0.00351                          mtd5
  128   0.015  -47.50565    0.00351                          mtd1
  129   0.015  -47.50565    0.00351                          mtd5
  130   0.015  -47.50565    0.00351                          mtd3
  131   0.015  -47.50565    0.00351                          mtd6
  132   0.015  -47.50565    0.00351                          mtd2
  133   0.015  -47.50565    0.00351                          mtd2
  134   0.015  -47.50565    0.00351                          mtd1
  135   0.015  -47.50565    0.00351                          mtd1
  136   0.015  -47.50565    0.00351                          mtd1
  137   0.015  -47.50565    0.00351                          mtd5
  138   0.015  -47.50565    0.00351                          mtd6
  139   0.015  -47.50565    0.00351                          mtd1
  140   0.015  -47.50565    0.00351                          mtd3
  141   0.015  -47.50565    0.00351                          mtd1
  142   0.015  -47.50565    0.00351                          mtd5
  143   0.015  -47.50565    0.00351                          mtd5
  144   0.015  -47.50565    0.00351                          mtd3
  145   0.015  -47.50565    0.00351                          mtd4
  146   0.015  -47.50565    0.00351                          mtd1
  147   0.015  -47.50565    0.00351                          mtd3
  148   0.015  -47.50565    0.00351                          mtd6
  149   0.015  -47.50565    0.00351                          mtd3
  150   0.015  -47.50565    0.00351                          mtd4
  151   0.015  -47.50565    0.00351                          mtd5
  152   0.015  -47.50565    0.00351                          mtd5
  153   0.015  -47.50565    0.00351                          mtd2
  154   0.015  -47.50565    0.00351                          mtd5
  155   0.015  -47.50565    0.00351                          mtd3
  156   0.015  -47.50565    0.00351                          mtd2
  157   0.015  -47.50565    0.00350                          mtd5
  158   0.016  -47.50564    0.00350                          mtd1
  159   0.016  -47.50564    0.00350                          mtd1
  160   0.016  -47.50564    0.00350                          mtd1
  161   0.017  -47.50564    0.00350                          mtd3
  162   0.020  -47.50564    0.00348                          mtd4
  163   0.027  -47.50563    0.00344                          mtd2
  164   0.027  -47.50563    0.00344                          mtd4
  165   0.027  -47.50563    0.00344                          mtd3
  166   0.027  -47.50563    0.00344                          mtd3
  167   0.027  -47.50563    0.00344                          mtd2
  168   0.027  -47.50563    0.00344                          mtd3
  169   0.027  -47.50563    0.00344                          mtd4
  170   0.027  -47.50563    0.00344                          mtd1
  171   0.027  -47.50563    0.00344                          mtd1
  172   0.027  -47.50563    0.00344                          mtd5
  173   0.027  -47.50563    0.00344                          mtd3
  174   0.027  -47.50563    0.00344                          mtd2
  175   0.027  -47.50563    0.00344                          mtd1
  176   0.027  -47.50563    0.00344                          mtd6
  177   0.027  -47.50563    0.00344                          mtd3
  178   0.027  -47.50563    0.00344                          mtd5
  179   0.027  -47.50563    0.00344                          mtd1
  180   0.027  -47.50563    0.00344                          mtd4
  181   0.027  -47.50563    0.00344                          mtd2
  182   0.027  -47.50563    0.00344                          mtd1
  183   0.027  -47.50563    0.00344                          mtd3
  184   0.027  -47.50563    0.00344                          mtd4
  185   0.027  -47.50563    0.00344                          mtd2
  186   0.027  -47.50563    0.00344                          mtd3
  187   0.027  -47.50563    0.00344                          mtd5
  188   0.027  -47.50563    0.00344                          mtd1
  189   0.027  -47.50563    0.00344                          mtd5
  190   0.027  -47.50563    0.00344                          mtd1
  191   0.027  -47.50563    0.00344                          mtd3
  192   0.027  -47.50563    0.00344                          mtd4
  193   0.027  -47.50563    0.00344                          mtd3
  194   0.027  -47.50563    0.00344                          mtd2
  195   0.027  -47.50563    0.00344                          mtd4
  196   0.027  -47.50563    0.00344                          mtd2
  197   0.027  -47.50563    0.00344                          mtd4
  198   0.027  -47.50563    0.00344                          mtd4
  199   0.027  -47.50563    0.00344                          mtd2
  200   0.027  -47.50563    0.00344                          mtd1
  201   0.027  -47.50563    0.00344                          mtd3
  202   0.027  -47.50563    0.00344                          mtd3
  203   0.027  -47.50563    0.00344                          mtd2
  204   0.027  -47.50563    0.00344                          mtd5
  205   0.027  -47.50563    0.00344                          mtd2
  206   0.027  -47.50563    0.00344                          mtd2
  207   0.027  -47.50563    0.00344                          mtd4
  208   0.027  -47.50563    0.00344                          mtd6
  209   0.027  -47.50563    0.00344                          mtd1
  210   0.027  -47.50563    0.00344                          mtd4
  211   0.027  -47.50563    0.00344                          mtd3
  212   0.027  -47.50563    0.00344                          mtd5
  213   0.027  -47.50563    0.00344                          mtd5
  214   0.027  -47.50563    0.00344                          mtd5
  215   0.027  -47.50563    0.00344                          mtd3
  216   0.027  -47.50563    0.00344                          mtd2
  217   0.027  -47.50563    0.00344                          mtd2
  218   0.027  -47.50563    0.00344                          mtd2
  219   0.027  -47.50563    0.00344                          mtd3
  220   0.027  -47.50563    0.00344                          mtd4
  221   0.027  -47.50563    0.00343                          mtd4
  222   0.027  -47.50563    0.00343                          mtd4
  223   0.027  -47.50563    0.00343                          mtd3
  224   0.027  -47.50563    0.00343                          mtd2
  225   0.028  -47.50563    0.00343                          mtd4
  226   0.028  -47.50563    0.00343                          mtd5
  227   0.028  -47.50563    0.00343                          mtd2
  228   0.028  -47.50563    0.00343                          mtd1
  229   0.029  -47.50562    0.00343                          mtd2
  230   0.030  -47.50562    0.00342                          mtd5
  231   0.268  -47.50524    0.00229    0.10530    3   46     mtd1
  232   0.268  -47.50524    0.00229                          mtd3
  233   0.268  -47.50524    0.00229                          mtd6
  234   0.268  -47.50524    0.00229                          mtd1
  235   0.268  -47.50524    0.00229                          mtd3
  236   0.268  -47.50524    0.00229                          mtd4
  237   0.268  -47.50524    0.00229                          mtd1
  238   0.268  -47.50524    0.00229                          mtd1
  239   0.268  -47.50524    0.00229                          mtd2
  240   0.268  -47.50524    0.00229                          mtd4
  241   0.268  -47.50524    0.00229                          mtd6
  242   0.268  -47.50524    0.00229                          mtd1
  243   0.268  -47.50524    0.00229                          mtd5
  244   0.268  -47.50524    0.00229                          mtd6
  245   0.268  -47.50524    0.00229                          mtd5
  246   0.268  -47.50524    0.00229                          mtd5
  247   0.268  -47.50524    0.00229                          mtd1
  248   0.268  -47.50524    0.00229                          mtd3
  249   0.268  -47.50524    0.00229                          mtd3
  250   0.268  -47.50524    0.00229                          mtd6
  251   0.268  -47.50524    0.00229                          mtd3
  252   0.268  -47.50524    0.00229                          mtd1
  253   0.268  -47.50524    0.00229                          mtd5
  254   0.268  -47.50524    0.00229                          mtd6
  255   0.268  -47.50524    0.00229                          mtd5
  256   0.268  -47.50524    0.00229                          mtd1
  257   0.268  -47.50524    0.00229                          mtd4
  258   0.268  -47.50524    0.00229                          mtd1
  259   0.268  -47.50524    0.00229                          mtd1
  260   0.268  -47.50524    0.00229                          mtd3
  261   0.268  -47.50524    0.00229                          mtd6
  262   0.268  -47.50524    0.00229                          mtd4
  263   0.268  -47.50524    0.00229                          mtd1
  264   0.268  -47.50524    0.00229                          mtd1
  265   0.268  -47.50524    0.00229                          mtd3
  266   0.268  -47.50524    0.00229                          mtd6
  267   0.268  -47.50524    0.00229                          mtd3
  268   0.268  -47.50524    0.00229                          mtd6
  269   0.268  -47.50524    0.00229                          mtd4
  270   0.268  -47.50524    0.00229                          mtd3
  271   0.268  -47.50524    0.00229                          mtd1
  272   0.268  -47.50524    0.00229                          mtd6
  273   0.268  -47.50524    0.00229                          mtd2
  274   0.269  -47.50524    0.00229                          mtd2
  275   0.269  -47.50524    0.00229                          mtd1
  276   0.269  -47.50524    0.00228                          mtd3
  277   0.709  -47.50454    0.00109    0.05004    4   46     mtd6
  278   0.709  -47.50454    0.00109                          mtd4
  279   0.709  -47.50454    0.00109                          mtd2
  280   0.709  -47.50454    0.00109                          mtd1
  281   0.709  -47.50454    0.00109                          mtd1
  282   0.709  -47.50454    0.00109                          mtd3
  283   0.709  -47.50454    0.00109                          mtd2
  284   0.709  -47.50454    0.00109                          mtd1
  285   0.709  -47.50454    0.00109                          mtd2
  286   0.709  -47.50454    0.00109                          mtd2
  287   0.709  -47.50454    0.00109                          mtd3
  288   0.709  -47.50454    0.00109                          mtd1
  289   0.709  -47.50454    0.00109                          mtd1
  290   0.709  -47.50454    0.00109                          mtd4
  291   0.709  -47.50454    0.00109                          mtd3
  292   0.709  -47.50454    0.00109                          mtd2
  293   0.709  -47.50454    0.00109                          mtd4
  294   0.709  -47.50454    0.00109                          mtd3
  295   0.709  -47.50454    0.00109                          mtd4
  296   0.709  -47.50454    0.00109                          mtd3
  297   0.709  -47.50454    0.00109                          mtd3
  298   0.709  -47.50454    0.00109                          mtd1
  299   0.709  -47.50454    0.00109                          mtd4
  300   0.709  -47.50454    0.00109                          mtd1
  301   0.709  -47.50454    0.00109                          mtd2
  302   0.709  -47.50454    0.00109                          mtd3
  303   0.709  -47.50454    0.00109                          mtd5
  304   0.709  -47.50454    0.00109                          mtd1
  305   0.709  -47.50454    0.00109                          mtd4
  306   0.709  -47.50454    0.00109                          mtd6
  307   0.709  -47.50454    0.00109                          mtd2
  308   0.709  -47.50454    0.00109                          mtd5
  309   0.709  -47.50454    0.00109                          mtd1
  310   0.709  -47.50454    0.00109                          mtd1
  311   0.709  -47.50454    0.00109                          mtd4
  312   0.709  -47.50454    0.00109                          mtd4
  313   0.709  -47.50454    0.00109                          mtd4
  314   0.709  -47.50454    0.00109                          mtd3
  315   0.709  -47.50454    0.00109                          mtd2
  316   0.710  -47.50454    0.00109                          mtd4
  317   0.710  -47.50454    0.00109                          mtd2
  318   0.710  -47.50454    0.00109                          mtd2
  319   0.710  -47.50454    0.00109                          mtd1
  320   0.710  -47.50454    0.00109                          mtd1
  321   0.710  -47.50454    0.00109                          mtd1
  322   0.710  -47.50454    0.00109                          mtd2
  323   1.073  -47.50396    0.00059    0.02119    5   36     mtd2
  324   1.073  -47.50396    0.00059                          mtd2
  325   1.073  -47.50396    0.00059                          mtd4
  326   1.073  -47.50396    0.00059                          mtd2
  327   1.073  -47.50396    0.00059                          mtd2
  328   1.073  -47.50396    0.00059                          mtd4
  329   1.073  -47.50396    0.00059                          mtd2
  330   1.073  -47.50396    0.00059                          mtd2
  331   1.073  -47.50396    0.00059                          mtd2
  332   1.073  -47.50396    0.00059                          mtd4
  333   1.073  -47.50396    0.00059                          mtd2
  334   1.073  -47.50396    0.00059                          mtd1
  335   1.073  -47.50396    0.00059                          mtd1
  336   1.073  -47.50396    0.00059                          mtd2
  337   1.073  -47.50396    0.00059                          mtd1
  338   1.073  -47.50396    0.00059                          mtd4
  339   1.073  -47.50396    0.00059                          mtd3
  340   1.073  -47.50396    0.00059                          mtd1
  341   1.073  -47.50396    0.00059                          mtd3
  342   1.073  -47.50396    0.00059                          mtd5
  343   1.073  -47.50396    0.00059                          mtd6
  344   1.073  -47.50396    0.00059                          mtd5
  345   1.073  -47.50396    0.00059                          mtd4
  346   1.073  -47.50396    0.00059                          mtd4
  347   1.073  -47.50396    0.00059                          mtd4
  348   1.073  -47.50396    0.00059                          mtd5
  349   1.073  -47.50396    0.00059                          mtd3
  350   1.074  -47.50396    0.00059                          mtd2
  351   1.074  -47.50396    0.00059                          mtd2
  352   1.074  -47.50396    0.00059                          mtd3
  353   1.074  -47.50396    0.00059                          mtd3
  354   1.075  -47.50396    0.00059                          mtd4
  355   1.075  -47.50396    0.00059                          mtd1
  356   1.075  -47.50396    0.00059                          mtd4
  357   1.076  -47.50395    0.00059                          mtd2
  358   1.078  -47.50395    0.00058                          mtd4
  359   1.234  -47.50370    0.00045    0.00045    6    1     mtd3
  360   1.241  -47.50369    0.00044    0.01465    7   33     mtd2
  361   1.241  -47.50369    0.00044                          mtd4
  362   1.241  -47.50369    0.00044                          mtd1
  363   1.241  -47.50369    0.00044                          mtd4
  364   1.241  -47.50369    0.00044                          mtd5
  365   1.241  -47.50369    0.00044                          mtd3
  366   1.241  -47.50369    0.00044                          mtd6
  367   1.241  -47.50369    0.00044                          mtd2
  368   1.241  -47.50369    0.00044                          mtd1
  369   1.241  -47.50369    0.00044                          mtd2
  370   1.241  -47.50369    0.00044                          mtd5
  371   1.241  -47.50369    0.00044                          mtd4
  372   1.241  -47.50369    0.00044                          mtd6
  373   1.241  -47.50369    0.00044                          mtd3
  374   1.241  -47.50369    0.00044                          mtd2
  375   1.241  -47.50369    0.00044                          mtd2
  376   1.241  -47.50369    0.00044                          mtd1
  377   1.241  -47.50369    0.00044                          mtd4
  378   1.241  -47.50369    0.00044                          mtd1
  379   1.241  -47.50369    0.00044                          mtd5
  380   1.241  -47.50369    0.00044                          mtd2
  381   1.241  -47.50369    0.00044                          mtd2
  382   1.241  -47.50369    0.00044                          mtd2
  383   1.241  -47.50369    0.00044                          mtd3
  384   1.241  -47.50369    0.00044                          mtd3
  385   1.241  -47.50369    0.00044                          mtd2
  386   1.241  -47.50369    0.00044                          mtd1
  387   1.241  -47.50369    0.00044                          mtd1
  388   1.241  -47.50369    0.00044                          mtd6
  389   1.241  -47.50369    0.00044                          mtd6
  390   1.241  -47.50369    0.00044                          mtd3
  391   1.241  -47.50369    0.00044                          mtd6
  392   1.242  -47.50369    0.00044                          mtd4
  393   2.331  -47.50196    0.00007    0.00007    8    1     mtd2
  394   2.350  -47.50192    0.00007    0.00014    9    2     mtd3
  395   2.359  -47.50191    0.00007                          mtd1
  396   3.097  -47.50073    0.00002    0.00002   10    1     mtd1
  397   5.788  -47.49645    0.00000    0.00000   11    1     mtd6
T /K                                  :   298.15
E lowest                              :   -47.50567
ensemble average energy (kcal)        :    0.117
ensemble entropy (J/mol K, cal/mol K) :   48.430   11.575
ensemble free energy (kcal/mol)       :   -3.451
population of lowest in %             :   25.535
 number of unique conformers for further calc           11
   1       0.000
   2       0.015
   3       0.268
   4       0.709
   5       1.073
   6       1.234
   7       1.241
   8       2.331
   9       2.350
  10       3.097
  11       5.788
 Normal termination.
 
 -----------------
 Wall Time Summary
 -----------------
             test MD wall time :         0h : 0m : 9s
                 MTD wall time :         0h :14m :25s
      multilevel OPT wall time :         0h :28m :39s
--------------------
Overall wall time  : 0h :45m :45s
 
 CREST terminated normally.
